* EvoSuite 1.2.1-SNAPSHOT
* Configuration: EvoSuite_fixed-Dalgorithm=DynaMOSA
* Going to generate test cases for class: org.jsecurity.web.attr.CookieAttribute
* Starting Client-0
* Properties loaded from /Users/njimenez/Documents/Magister/100Clases/Test1/projects og/18_jsecurity/evosuite-files/evosuite.properties
* Connecting to master process on port 3310
* Analyzing classpath: 
* Inheritance tree loaded from evosuite-files/inheritance.xml.gz
[MASTER] 02:23:43.699 [logback-1] WARN  InheritanceTree - Class not in inheritance graph: java.util.Locale$IsoCountryCode
[MASTER] 02:23:45.085 [logback-1] WARN  InheritanceTree - Class not in inheritance graph: java.io.ObjectInputFilter
[MASTER] 02:23:45.661 [logback-1] WARN  InheritanceTree - Class not in inheritance graph: java.lang.module.ModuleFinder
* Finished analyzing classpath
* Generating tests for class org.jsecurity.web.attr.CookieAttribute
* Test criteria:
  - Line Coverage
  - Branch Coverage
  - Exception
  - Mutation testing (weak)
  - Method-Output Coverage
  - Top-Level Method Coverage
  - No-Exception Top-Level Method Coverage
  - Context Branch Coverage
* Total number of test goals for DYNAMOSA: 346
* Using seed 2482030657809
* Starting evolution
* Initial Number of Goals in DynaMOSA = 207 / 346
[MASTER] 02:23:58.620 [logback-1] WARN  TestChromosome - Functional mock problem: org.evosuite.ga.ConstructionFailedException: Have no generator for class javax.servlet.ServletRequestWrapper canUseFunctionalMocks=false, canBeMocked: true
[MASTER] 02:24:01.100 [logback-1] WARN  TestCluster - Failed to check cache for java.util.Stack<E> : Type points to itself
[MASTER] 02:24:18.784 [logback-1] WARN  TestChromosome - Functional mock problem: org.evosuite.ga.ConstructionFailedException: Failed to add constructor for java.awt.Frame due to org.evosuite.ga.ConstructionFailedException: Failed to add constructor for javax.swing.JCheckBox due to org.evosuite.ga.ConstructionFailedException: Failed to add constructor for javax.swing.ImageIcon due to org.evosuite.ga.ConstructionFailedException: Failed to add constructor for java.awt.image.BufferedImage due to org.evosuite.ga.ConstructionFailedException: Max recursion depth reached
[MASTER] 02:24:19.109 [logback-1] WARN  TestCluster - Failed to check cache for java.lang.Comparable<T> : Type points to itself
[MASTER] 02:24:26.181 [logback-1] WARN  TestCluster - Failed to check cache for java.util.Comparator<T> : Type points to itself
* Search finished after 181s and 1472 generations, 388421 statements, best individual has fitness: 125.0
* Computation finished
