* EvoSuite 1.2.1-SNAPSHOT
* Configuration: EvoSuite_fixed-Dalgorithm=DynaMOSA
* Going to generate test cases for class: org.bouncycastle.crypto.params.ElGamalKeyParameters
* Starting Client-0
* Properties loaded from /Users/njimenez/Documents/Magister/100Clases/Test1/projects og/104_vuze/evosuite-files/evosuite.properties
* Connecting to master process on port 3310
* Analyzing classpath: 
* Inheritance tree loaded from evosuite-files/inheritance.xml.gz
* Finished analyzing classpath
* Generating tests for class org.bouncycastle.crypto.params.ElGamalKeyParameters
* Test criteria:
  - Line Coverage
  - Branch Coverage
  - Exception
  - Mutation testing (weak)
  - Method-Output Coverage
  - Top-Level Method Coverage
  - No-Exception Top-Level Method Coverage
  - Context Branch Coverage
* Total number of test goals for DYNAMOSA: 41
* Using seed 2482030657809
* Starting evolution
* Initial Number of Goals in DynaMOSA = 14 / 41
* Search finished after 0s and 1 generations, 1806 statements, best individual has fitness: 1.0
* Minimizing test suite
* Going to analyze the coverage criteria
* Coverage analysis for criterion LINE
* Coverage of criterion LINE: 100%
* Total number of goals: 8
* Number of covered goals: 8
* Coverage analysis for criterion BRANCH
* Coverage of criterion BRANCH: 100%
* Total number of goals: 8
* Number of covered goals: 8
* Coverage analysis for criterion EXCEPTION
* Coverage of criterion EXCEPTION: 100%
* Total number of goals: 1
* Number of covered goals: 1
* Coverage analysis for criterion WEAKMUTATION
* Coverage of criterion WEAKMUTATION: 100%
* Total number of goals: 7
* Number of covered goals: 7
* Coverage analysis for criterion OUTPUT
* Coverage of criterion OUTPUT: 100%
* Total number of goals: 4
* Number of covered goals: 4
* Coverage analysis for criterion METHOD
* Coverage of criterion METHOD: 100%
* Total number of goals: 3
* Number of covered goals: 3
* Coverage analysis for criterion METHODNOEXCEPTION
* Coverage of criterion METHODNOEXCEPTION: 100%
* Total number of goals: 3
* Number of covered goals: 3
* Coverage analysis for criterion CBRANCH
* Coverage of criterion CBRANCH: 100%
* Total number of goals: 8
* Number of covered goals: 8
* Generated 7 tests with total length 28
* Resulting test suite's coverage: 94% (average coverage for all fitness functions)
* Generating assertions
* Resulting test suite's mutation score: 100%
* There are surviving mutants: 
--> Mutation 0: org.bouncycastle.crypto.params.ElGamalKeyParameters.equals(Ljava/lang/Object;)Z:26 - ReplaceComparisonOperator != -> == - Status: Killed
--> Mutation 1: org.bouncycastle.crypto.params.ElGamalKeyParameters.equals(Ljava/lang/Object;)Z:28 - ReplaceConstant - 0 -> 1 - Status: Killed
--> Mutation 2: org.bouncycastle.crypto.params.ElGamalKeyParameters.equals(Ljava/lang/Object;)Z:33 - ReplaceComparisonOperator = null -> != null - Status: Killed
--> Mutation 3: org.bouncycastle.crypto.params.ElGamalKeyParameters.equals(Ljava/lang/Object;)Z:33 - ReplaceVariable dhKey -> this - Status: Killed
--> Mutation 4: org.bouncycastle.crypto.params.ElGamalKeyParameters.equals(Ljava/lang/Object;)Z:33 - ReplaceComparisonOperator != -> == - Status: Killed
--> Mutation 5: org.bouncycastle.crypto.params.ElGamalKeyParameters.equals(Ljava/lang/Object;)Z:33 - ReplaceConstant - 1 -> 0 - Status: Killed
--> Mutation 6: org.bouncycastle.crypto.params.ElGamalKeyParameters.equals(Ljava/lang/Object;)Z:33 - ReplaceConstant - 0 -> 1 - Status: Killed
* Compiling and checking tests
[MASTER] 00:13:41.740 [logback-1] WARN  JUnitAnalyzer - Found unstable test named initializationError -> class java.lang.RuntimeException: java.lang.IllegalStateException: Could not self-attach to current VM using external process
[MASTER] 00:13:47.010 [logback-1] WARN  JUnitAnalyzer - Found unstable test named initializationError -> class java.lang.RuntimeException: java.lang.IllegalStateException: Could not self-attach to current VM using external process
[MASTER] 00:13:52.280 [logback-1] WARN  JUnitAnalyzer - Found unstable test named initializationError -> class java.lang.RuntimeException: java.lang.IllegalStateException: Could not self-attach to current VM using external process
[MASTER] 00:13:57.550 [logback-1] WARN  JUnitAnalyzer - Found unstable test named initializationError -> class java.lang.RuntimeException: java.lang.IllegalStateException: Could not self-attach to current VM using external process
[MASTER] 00:14:02.801 [logback-1] WARN  JUnitAnalyzer - Found unstable test named initializationError -> class java.lang.RuntimeException: java.lang.IllegalStateException: Could not self-attach to current VM using external process
[MASTER] 00:14:08.052 [logback-1] WARN  JUnitAnalyzer - Found unstable test named initializationError -> class java.lang.RuntimeException: java.lang.IllegalStateException: Could not self-attach to current VM using external process
[MASTER] 00:14:13.307 [logback-1] WARN  JUnitAnalyzer - Found unstable test named initializationError -> class java.lang.RuntimeException: java.lang.IllegalStateException: Could not self-attach to current VM using external process
* Writing tests to file
* Writing JUnit test case 'ElGamalKeyParameters_ESTest' to test_seeds/seed_1/tests_original
* Done!

* Computation finished
