* EvoSuite 1.0.7-SNAPSHOT
* Configuration: EvoSuite_fixed
* Going to generate test cases for class: net.sourceforge.squirrel_sql.client.session.mainpanel.objecttree.ObjectTreeCellRenderer
* Starting Client-0
* Properties loaded from C:\Users\super\Documents\Magister\100Clases\Test1\projects og\102_squirrel-sql\evosuite-files\evosuite.properties
* Connecting to master process on port 20360
* Analyzing classpath: 
* Inheritance tree loaded from evosuite-files/inheritance.xml.gz
* Finished analyzing classpath
* Generating tests for class net.sourceforge.squirrel_sql.client.session.mainpanel.objecttree.ObjectTreeCellRenderer
* Test criteria:
  - Line Coverage
  - Branch Coverage
  - Exception
  - Mutation testing (weak)
  - Method-Output Coverage
  - Top-Level Method Coverage
  - No-Exception Top-Level Method Coverage
  - Context Branch Coverage
* Total number of test goals for DYNAMOSA: 302
* Using seed 1710100293507
* Starting evolution
* Initial Number of Goals in DynMOSA = 147 / 302
[MASTER] 16:51:39.214 [logback-1] WARN  TestChromosome - Functional mock problem: org.evosuite.ga.ConstructionFailedException: Failed to add constructor for javax.swing.ImageIcon due to org.evosuite.ga.ConstructionFailedException: Failed to add constructor for java.awt.image.BufferedImage due to org.evosuite.ga.ConstructionFailedException: Failed to add constructor for java.awt.image.IndexColorModel due to org.evosuite.ga.ConstructionFailedException: Max recursion depth reached
[MASTER] 16:51:40.756 [logback-1] WARN  TestChromosome - Functional mock problem: org.evosuite.ga.ConstructionFailedException: Failed to add constructor for javax.swing.ImageIcon due to org.evosuite.ga.ConstructionFailedException: Failed to add constructor for org.fest.swing.applet.BasicAppletStub due to org.evosuite.ga.ConstructionFailedException: Failed to add constructor for java.awt.FileDialog due to org.evosuite.ga.ConstructionFailedException: Failed to add constructor for java.awt.Frame due to org.evosuite.ga.ConstructionFailedException: Max recursion depth reached
[MASTER] 16:51:40.810 [logback-1] WARN  TestChromosome - Functional mock problem: org.evosuite.ga.ConstructionFailedException: Failed to add constructor for javax.swing.ImageIcon due to org.evosuite.ga.ConstructionFailedException: Failed to add constructor for org.fest.swing.applet.BasicAppletStub due to org.evosuite.ga.ConstructionFailedException: Failed to add constructor for javax.swing.JFrame due to org.evosuite.ga.ConstructionFailedException: Failed to add constructor for net.sourceforge.squirrel_sql.client.session.mainpanel.objecttree.ObjectTreeCellRenderer due to org.evosuite.ga.ConstructionFailedException: Max recursion depth reached
[MASTER] 16:51:47.529 [logback-1] WARN  TestChromosome - Functional mock problem: org.evosuite.ga.ConstructionFailedException: Failed to add constructor for javax.swing.ImageIcon due to org.evosuite.ga.ConstructionFailedException: Failed to add constructor for org.fest.swing.applet.BasicAppletStub due to org.evosuite.ga.ConstructionFailedException: Failed to add constructor for org.fest.swing.applet.BasicAppletContext due to org.evosuite.ga.ConstructionFailedException: Max recursion depth reached
[MASTER] 16:51:47.543 [logback-1] WARN  TestChromosome - Functional mock problem: org.evosuite.ga.ConstructionFailedException: Failed to add constructor for javax.swing.ImageIcon due to org.evosuite.ga.ConstructionFailedException: Failed to add constructor for java.awt.image.BufferedImage due to org.evosuite.ga.ConstructionFailedException: Failed to add constructor for java.awt.image.ComponentColorModel due to org.evosuite.ga.ConstructionFailedException: Failed to add constructor for java.awt.color.ICC_ColorSpace due to org.evosuite.ga.ConstructionFailedException: Max recursion depth reached
[MASTER] 16:51:49.054 [logback-1] WARN  TestChromosome - Functional mock problem: org.evosuite.ga.ConstructionFailedException: Failed to add constructor for javax.swing.ImageIcon due to org.evosuite.ga.ConstructionFailedException: Failed to add constructor for java.awt.image.BufferedImage due to org.evosuite.ga.ConstructionFailedException: Max recursion depth reached
[MASTER] 16:51:51.036 [logback-1] WARN  TestChromosome - Functional mock problem: org.evosuite.ga.ConstructionFailedException: Failed to add constructor for javax.swing.ImageIcon due to org.evosuite.ga.ConstructionFailedException: Failed to add constructor for java.awt.image.BufferedImage due to org.evosuite.ga.ConstructionFailedException: Failed to add constructor for java.awt.Point due to org.evosuite.ga.ConstructionFailedException: Max recursion depth reached
[MASTER] 16:51:51.274 [logback-1] WARN  TestChromosome - Functional mock problem: org.evosuite.ga.ConstructionFailedException: Failed to add constructor for javax.swing.ImageIcon due to org.evosuite.ga.ConstructionFailedException: Failed to add constructor for java.awt.image.BufferedImage due to org.evosuite.ga.ConstructionFailedException: Failed to add constructor for java.awt.image.DirectColorModel due to org.evosuite.ga.ConstructionFailedException: Failed to add constructor for java.awt.color.ICC_ColorSpace due to org.evosuite.ga.ConstructionFailedException: Max recursion depth reached
[MASTER] 16:51:54.129 [logback-1] WARN  TestChromosome - Functional mock problem: org.evosuite.ga.ConstructionFailedException: Failed to add constructor for javax.swing.ImageIcon due to org.evosuite.ga.ConstructionFailedException: Failed to add constructor for org.fest.swing.applet.BasicAppletStub due to org.evosuite.ga.ConstructionFailedException: Failed to add constructor for java.awt.Dialog due to org.evosuite.ga.ConstructionFailedException: Max recursion depth reached
[MASTER] 16:51:58.724 [logback-1] WARN  TestChromosome - Functional mock problem: org.evosuite.ga.ConstructionFailedException: Failed to add constructor for javax.swing.ImageIcon due to org.evosuite.ga.ConstructionFailedException: Failed to add constructor for org.fest.swing.applet.BasicAppletStub due to org.evosuite.ga.ConstructionFailedException: Failed to add constructor for javax.swing.JDialog due to org.evosuite.ga.ConstructionFailedException: Failed to add constructor for java.awt.Dialog due to org.evosuite.ga.ConstructionFailedException: Failed to add constructor for javax.swing.JFrame due to org.evosuite.ga.ConstructionFailedException: Max recursion depth reached
[MASTER] 16:51:59.239 [logback-1] WARN  TestChromosome - Functional mock problem: org.evosuite.ga.ConstructionFailedException: Failed to add constructor for javax.swing.ImageIcon due to org.evosuite.ga.ConstructionFailedException: Failed to add constructor for org.fest.swing.applet.BasicAppletStub due to org.evosuite.ga.ConstructionFailedException: Failed to add constructor for java.awt.FileDialog due to org.evosuite.ga.ConstructionFailedException: Failed to add constructor for javax.swing.JDialog due to org.evosuite.ga.ConstructionFailedException: Max recursion depth reached
[MASTER] 16:52:08.535 [logback-1] WARN  TestChromosome - Functional mock problem: org.evosuite.ga.ConstructionFailedException: Failed to add constructor for javax.swing.ImageIcon due to org.evosuite.ga.ConstructionFailedException: Failed to add constructor for org.fest.swing.applet.BasicAppletStub due to org.evosuite.ga.ConstructionFailedException: Failed to add constructor for java.awt.Dialog due to org.evosuite.ga.ConstructionFailedException: Failed to add constructor for net.sourceforge.squirrel_sql.client.session.mainpanel.objecttree.ObjectTreeCellRenderer due to org.evosuite.ga.ConstructionFailedException: Max recursion depth reached
[MASTER] 16:52:09.318 [logback-1] WARN  TestChromosome - Functional mock problem: org.evosuite.ga.ConstructionFailedException: Failed to add constructor for javax.swing.ImageIcon due to org.evosuite.ga.ConstructionFailedException: Failed to add constructor for org.fest.swing.applet.BasicAppletStub due to org.evosuite.ga.ConstructionFailedException: Failed to add constructor for java.awt.Window due to org.evosuite.ga.ConstructionFailedException: Failed to add constructor for javax.swing.JFrame due to org.evosuite.ga.ConstructionFailedException: Max recursion depth reached
[MASTER] 16:52:09.386 [logback-1] WARN  TestChromosome - Functional mock problem: org.evosuite.ga.ConstructionFailedException: Failed to add constructor for javax.swing.ImageIcon due to org.evosuite.ga.ConstructionFailedException: Failed to add constructor for java.awt.Point due to org.evosuite.ga.ConstructionFailedException: Max recursion depth reached
[MASTER] 16:52:11.184 [logback-1] WARN  TestChromosome - Functional mock problem: org.evosuite.ga.ConstructionFailedException: Failed to add constructor for javax.swing.ImageIcon due to org.evosuite.ga.ConstructionFailedException: Failed to add constructor for org.fest.swing.applet.BasicAppletStub due to org.evosuite.ga.ConstructionFailedException: Failed to add constructor for java.awt.Dialog due to org.evosuite.ga.ConstructionFailedException: Failed to add constructor for java.awt.Frame due to org.evosuite.ga.ConstructionFailedException: Max recursion depth reached
[MASTER] 16:52:12.348 [logback-1] WARN  TestChromosome - Functional mock problem: org.evosuite.ga.ConstructionFailedException: Failed to add constructor for javax.swing.ImageIcon due to org.evosuite.ga.ConstructionFailedException: Failed to add constructor for org.fest.swing.applet.BasicAppletStub due to org.evosuite.ga.ConstructionFailedException: Failed to add constructor for org.fest.swing.applet.BasicAppletStub due to org.evosuite.ga.ConstructionFailedException: Failed to add constructor for javax.swing.JDialog due to org.evosuite.ga.ConstructionFailedException: Max recursion depth reached
[MASTER] 16:52:13.103 [logback-1] WARN  TestChromosome - Functional mock problem: org.evosuite.ga.ConstructionFailedException: Failed to add constructor for javax.swing.ImageIcon due to org.evosuite.ga.ConstructionFailedException: Failed to add constructor for java.awt.image.BufferedImage due to org.evosuite.ga.ConstructionFailedException: Failed to add constructor for java.awt.image.ComponentColorModel due to org.evosuite.ga.ConstructionFailedException: Max recursion depth reached
[MASTER] 16:52:14.884 [logback-1] WARN  TestChromosome - Functional mock problem: org.evosuite.ga.ConstructionFailedException: Failed to add constructor for javax.swing.ImageIcon due to org.evosuite.ga.ConstructionFailedException: Failed to add constructor for org.fest.swing.applet.BasicAppletStub due to org.evosuite.ga.ConstructionFailedException: Failed to add constructor for java.awt.Window due to org.evosuite.ga.ConstructionFailedException: Failed to add constructor for javax.swing.JDialog due to org.evosuite.ga.ConstructionFailedException: Max recursion depth reached
[MASTER] 16:52:15.815 [logback-1] WARN  TestChromosome - Functional mock problem: org.evosuite.ga.ConstructionFailedException: Failed to add constructor for javax.swing.ImageIcon due to org.evosuite.ga.ConstructionFailedException: Failed to add constructor for java.awt.image.LookupOp due to org.evosuite.ga.ConstructionFailedException: Failed to add constructor for java.awt.RenderingHints due to org.evosuite.ga.ConstructionFailedException: Failed to add constructor for org.fest.swing.applet.BasicAppletContext due to org.evosuite.ga.ConstructionFailedException: Max recursion depth reached
[MASTER] 16:52:22.909 [logback-1] WARN  TestChromosome - Functional mock problem: org.evosuite.ga.ConstructionFailedException: Failed to add constructor for javax.swing.ImageIcon due to org.evosuite.ga.ConstructionFailedException: Failed to add constructor for org.fest.swing.applet.BasicAppletStub due to org.evosuite.ga.ConstructionFailedException: Failed to add constructor for org.fest.swing.applet.BasicAppletContext due to org.evosuite.ga.ConstructionFailedException: Failed to add constructor for org.fest.swing.applet.BasicAppletStub due to org.evosuite.ga.ConstructionFailedException: Max recursion depth reached
[MASTER] 16:52:23.143 [logback-1] WARN  TestChromosome - Functional mock problem: org.evosuite.ga.ConstructionFailedException: Failed to add constructor for javax.swing.ImageIcon due to org.evosuite.ga.ConstructionFailedException: Failed to add constructor for org.fest.swing.applet.BasicAppletStub due to org.evosuite.ga.ConstructionFailedException: Failed to add constructor for javax.swing.JDialog due to org.evosuite.ga.ConstructionFailedException: Failed to add constructor for java.awt.Dialog due to org.evosuite.ga.ConstructionFailedException: Failed to add constructor for java.awt.FileDialog due to org.evosuite.ga.ConstructionFailedException: Max recursion depth reached
[MASTER] 16:52:24.946 [logback-1] WARN  TestChromosome - Functional mock problem: org.evosuite.ga.ConstructionFailedException: Failed to add constructor for javax.swing.ImageIcon due to org.evosuite.ga.ConstructionFailedException: Failed to add constructor for java.awt.image.ColorConvertOp due to org.evosuite.ga.ConstructionFailedException: Failed to add constructor for java.awt.color.ICC_ColorSpace due to org.evosuite.ga.ConstructionFailedException: Max recursion depth reached
[MASTER] 16:52:25.879 [logback-1] WARN  TestChromosome - Functional mock problem: org.evosuite.ga.ConstructionFailedException: Failed to add constructor for javax.swing.ImageIcon due to org.evosuite.ga.ConstructionFailedException: Failed to add constructor for org.fest.swing.applet.BasicAppletStub due to org.evosuite.ga.ConstructionFailedException: Failed to add constructor for javax.swing.JWindow due to org.evosuite.ga.ConstructionFailedException: Failed to add constructor for java.awt.Frame due to org.evosuite.ga.ConstructionFailedException: Max recursion depth reached
[MASTER] 16:52:26.419 [logback-1] WARN  TestChromosome - Functional mock problem: org.evosuite.ga.ConstructionFailedException: Failed to add constructor for javax.swing.ImageIcon due to org.evosuite.ga.ConstructionFailedException: Failed to add constructor for org.fest.swing.applet.BasicAppletStub due to org.evosuite.ga.ConstructionFailedException: Failed to add constructor for javax.swing.JButton due to org.evosuite.ga.ConstructionFailedException: Failed to add constructor for javax.swing.ImageIcon due to org.evosuite.ga.ConstructionFailedException: Max recursion depth reached
[MASTER] 16:52:26.458 [logback-1] WARN  TestChromosome - Functional mock problem: org.evosuite.ga.ConstructionFailedException: Failed to add constructor for javax.swing.ImageIcon due to org.evosuite.ga.ConstructionFailedException: Failed to add constructor for org.fest.swing.applet.BasicAppletStub due to org.evosuite.ga.ConstructionFailedException: Failed to add constructor for javax.swing.JDialog due to org.evosuite.ga.ConstructionFailedException: Failed to add constructor for java.awt.Dialog due to org.evosuite.ga.ConstructionFailedException: Max recursion depth reached
[MASTER] 16:52:39.740 [logback-1] WARN  TestChromosome - Functional mock problem: org.evosuite.ga.ConstructionFailedException: Failed to add constructor for javax.swing.ImageIcon due to org.evosuite.ga.ConstructionFailedException: Failed to add constructor for org.fest.swing.applet.BasicAppletStub due to org.evosuite.ga.ConstructionFailedException: Failed to add constructor for javax.swing.JDialog due to org.evosuite.ga.ConstructionFailedException: Failed to add constructor for net.sourceforge.squirrel_sql.client.session.mainpanel.objecttree.ObjectTreeCellRenderer due to org.evosuite.ga.ConstructionFailedException: Max recursion depth reached
[MASTER] 16:52:39.747 [logback-1] WARN  TestChromosome - Functional mock problem: org.evosuite.ga.ConstructionFailedException: Failed to add constructor for javax.swing.ImageIcon due to org.evosuite.ga.ConstructionFailedException: Failed to add constructor for org.fest.swing.applet.BasicAppletStub due to org.evosuite.ga.ConstructionFailedException: Failed to add constructor for org.fest.swing.applet.BasicAppletStub due to org.evosuite.ga.ConstructionFailedException: Failed to add constructor for java.awt.Dialog due to org.evosuite.ga.ConstructionFailedException: Max recursion depth reached
[MASTER] 16:52:40.389 [logback-1] WARN  TestChromosome - Functional mock problem: org.evosuite.ga.ConstructionFailedException: Failed to add constructor for javax.swing.ImageIcon due to org.evosuite.ga.ConstructionFailedException: Failed to add constructor for org.fest.swing.applet.BasicAppletStub due to org.evosuite.ga.ConstructionFailedException: Failed to add constructor for java.awt.Frame due to org.evosuite.ga.ConstructionFailedException: Failed to add constructor for net.sourceforge.squirrel_sql.client.session.mainpanel.objecttree.ObjectTreeCellRenderer due to org.evosuite.ga.ConstructionFailedException: Max recursion depth reached
[MASTER] 16:52:48.086 [logback-1] WARN  TestChromosome - Functional mock problem: org.evosuite.ga.ConstructionFailedException: Failed to add constructor for javax.swing.ImageIcon due to org.evosuite.ga.ConstructionFailedException: Failed to add constructor for org.fest.swing.applet.BasicAppletStub due to org.evosuite.ga.ConstructionFailedException: Failed to add constructor for java.awt.FileDialog due to org.evosuite.ga.ConstructionFailedException: Failed to add constructor for javax.swing.JFrame due to org.evosuite.ga.ConstructionFailedException: Max recursion depth reached
[MASTER] 16:52:49.632 [logback-1] WARN  TestChromosome - Functional mock problem: org.evosuite.ga.ConstructionFailedException: Failed to add constructor for javax.swing.ImageIcon due to org.evosuite.ga.ConstructionFailedException: Failed to add constructor for java.awt.image.AffineTransformOp due to org.evosuite.ga.ConstructionFailedException: Failed to add constructor for java.awt.RenderingHints due to org.evosuite.ga.ConstructionFailedException: Failed to add constructor for java.io.ObjectInputStream due to org.evosuite.ga.ConstructionFailedException: Failed to add constructor for java.io.SequenceInputStream due to org.evosuite.ga.ConstructionFailedException: Max recursion depth reached
[MASTER] 16:52:50.417 [logback-1] WARN  TestChromosome - Functional mock problem: org.evosuite.ga.ConstructionFailedException: Failed to add constructor for javax.swing.ImageIcon due to org.evosuite.ga.ConstructionFailedException: Failed to add constructor for java.awt.image.ConvolveOp due to org.evosuite.ga.ConstructionFailedException: Failed to add constructor for java.awt.RenderingHints due to org.evosuite.ga.ConstructionFailedException: Failed to add constructor for javax.swing.JCheckBoxMenuItem due to org.evosuite.ga.ConstructionFailedException: Max recursion depth reached
[MASTER] 16:52:52.695 [logback-1] WARN  TestChromosome - Functional mock problem: org.evosuite.ga.ConstructionFailedException: Failed to add constructor for javax.swing.ImageIcon due to org.evosuite.ga.ConstructionFailedException: Failed to add constructor for java.awt.image.RescaleOp due to org.evosuite.ga.ConstructionFailedException: Failed to add constructor for java.awt.RenderingHints due to org.evosuite.ga.ConstructionFailedException: Max recursion depth reached
[MASTER] 16:52:53.834 [logback-1] WARN  TestChromosome - Functional mock problem: org.evosuite.ga.ConstructionFailedException: Failed to add constructor for javax.swing.ImageIcon due to org.evosuite.ga.ConstructionFailedException: Failed to add constructor for org.fest.swing.applet.BasicAppletContext due to org.evosuite.ga.ConstructionFailedException: Failed to add constructor for org.fest.swing.applet.BasicAppletStub due to org.evosuite.ga.ConstructionFailedException: Failed to add constructor for javax.swing.JDialog due to org.evosuite.ga.ConstructionFailedException: Max recursion depth reached
[MASTER] 16:52:58.989 [logback-1] WARN  TestChromosome - Functional mock problem: org.evosuite.ga.ConstructionFailedException: Failed to add constructor for javax.swing.ImageIcon due to org.evosuite.ga.ConstructionFailedException: Failed to add constructor for org.fest.swing.applet.BasicAppletStub due to org.evosuite.ga.ConstructionFailedException: Failed to add constructor for java.awt.Dialog due to org.evosuite.ga.ConstructionFailedException: Failed to add constructor for java.awt.FileDialog due to org.evosuite.ga.ConstructionFailedException: Failed to add constructor for javax.swing.JFrame due to org.evosuite.ga.ConstructionFailedException: Max recursion depth reached
[MASTER] 16:52:59.652 [logback-1] WARN  TestChromosome - Functional mock problem: org.evosuite.ga.ConstructionFailedException: Failed to add constructor for javax.swing.ImageIcon due to org.evosuite.ga.ConstructionFailedException: Failed to add constructor for java.awt.image.BufferedImage due to org.evosuite.ga.ConstructionFailedException: Failed to add constructor for java.awt.image.RescaleOp due to org.evosuite.ga.ConstructionFailedException: Failed to add constructor for java.awt.RenderingHints due to org.evosuite.ga.ConstructionFailedException: Failed to add constructor for org.jfree.data.xy.XYDatasetTableModel due to org.evosuite.ga.ConstructionFailedException: Max recursion depth reached
[MASTER] 16:52:59.825 [logback-1] WARN  TestChromosome - Functional mock problem: org.evosuite.ga.ConstructionFailedException: Failed to add constructor for javax.swing.ImageIcon due to org.evosuite.ga.ConstructionFailedException: Failed to add constructor for java.awt.image.ColorConvertOp due to org.evosuite.ga.ConstructionFailedException: Failed to add constructor for java.awt.color.ICC_ColorSpace due to org.evosuite.ga.ConstructionFailedException: Failed to add constructor for java.io.PipedInputStream due to org.evosuite.ga.ConstructionFailedException: Max recursion depth reached
[MASTER] 16:53:02.956 [logback-1] WARN  TestChromosome - Functional mock problem: org.evosuite.ga.ConstructionFailedException: Failed to add constructor for javax.swing.ImageIcon due to org.evosuite.ga.ConstructionFailedException: Failed to add constructor for java.awt.image.MemoryImageSource due to org.evosuite.ga.ConstructionFailedException: Failed to add constructor for java.awt.image.IndexColorModel due to org.evosuite.ga.ConstructionFailedException: Max recursion depth reached
[MASTER] 16:53:04.906 [logback-1] WARN  TestChromosome - Functional mock problem: org.evosuite.ga.ConstructionFailedException: Failed to add constructor for javax.swing.ImageIcon due to org.evosuite.ga.ConstructionFailedException: Failed to add constructor for org.fest.swing.applet.BasicAppletStub due to org.evosuite.ga.ConstructionFailedException: Failed to add constructor for javax.swing.JDialog due to org.evosuite.ga.ConstructionFailedException: Failed to add constructor for java.awt.FileDialog due to org.evosuite.ga.ConstructionFailedException: Failed to add constructor for javax.swing.JDialog due to org.evosuite.ga.ConstructionFailedException: Max recursion depth reached
[MASTER] 16:53:05.049 [logback-1] WARN  TestChromosome - Functional mock problem: org.evosuite.ga.ConstructionFailedException: Failed to add constructor for javax.swing.ImageIcon due to org.evosuite.ga.ConstructionFailedException: Failed to add constructor for java.awt.image.AffineTransformOp due to org.evosuite.ga.ConstructionFailedException: Failed to add constructor for java.awt.RenderingHints due to org.evosuite.ga.ConstructionFailedException: Failed to add constructor for org.jfree.data.xy.XYDatasetTableModel due to org.evosuite.ga.ConstructionFailedException: Failed to add constructor for org.jfree.data.time.TimeTableXYDataset due to org.evosuite.ga.ConstructionFailedException: Max recursion depth reached
[MASTER] 16:53:06.052 [logback-1] WARN  TestChromosome - Functional mock problem: org.evosuite.ga.ConstructionFailedException: Failed to add constructor for javax.swing.ImageIcon due to org.evosuite.ga.ConstructionFailedException: Failed to add constructor for org.fest.swing.applet.BasicAppletStub due to org.evosuite.ga.ConstructionFailedException: Failed to add constructor for java.awt.Dialog due to org.evosuite.ga.ConstructionFailedException: Failed to add constructor for java.awt.Dialog due to org.evosuite.ga.ConstructionFailedException: Max recursion depth reached
[MASTER] 16:53:12.509 [logback-1] WARN  TestChromosome - Functional mock problem: org.evosuite.ga.ConstructionFailedException: Failed to add constructor for javax.swing.ImageIcon due to org.evosuite.ga.ConstructionFailedException: Failed to add constructor for org.fest.swing.applet.BasicAppletStub due to org.evosuite.ga.ConstructionFailedException: Failed to add constructor for java.awt.Frame due to org.evosuite.ga.ConstructionFailedException: Max recursion depth reached
[MASTER] 16:53:14.773 [logback-1] WARN  TestChromosome - Functional mock problem: org.evosuite.ga.ConstructionFailedException: Failed to add constructor for javax.swing.ImageIcon due to org.evosuite.ga.ConstructionFailedException: Failed to add constructor for org.fest.swing.applet.BasicAppletStub due to org.evosuite.ga.ConstructionFailedException: Failed to add constructor for java.awt.Window due to org.evosuite.ga.ConstructionFailedException: Failed to add constructor for java.awt.Dialog due to org.evosuite.ga.ConstructionFailedException: Failed to add constructor for java.awt.Dialog due to org.evosuite.ga.ConstructionFailedException: Max recursion depth reached
[MASTER] 16:53:23.257 [logback-1] WARN  TestChromosome - Functional mock problem: org.evosuite.ga.ConstructionFailedException: Failed to add constructor for javax.swing.ImageIcon due to org.evosuite.ga.ConstructionFailedException: Failed to add constructor for java.awt.image.IndexColorModel due to org.evosuite.ga.ConstructionFailedException: Max recursion depth reached
[MASTER] 16:53:24.181 [logback-1] WARN  TestChromosome - Functional mock problem: org.evosuite.ga.ConstructionFailedException: Failed to add constructor for javax.swing.ImageIcon due to org.evosuite.ga.ConstructionFailedException: Failed to add constructor for org.fest.swing.applet.BasicAppletStub due to org.evosuite.ga.ConstructionFailedException: Failed to add constructor for java.awt.FileDialog due to org.evosuite.ga.ConstructionFailedException: Failed to add constructor for java.awt.FileDialog due to org.evosuite.ga.ConstructionFailedException: Max recursion depth reached
[MASTER] 16:53:30.665 [logback-1] WARN  TestChromosome - Functional mock problem: org.evosuite.ga.ConstructionFailedException: Failed to add constructor for javax.swing.ImageIcon due to org.evosuite.ga.ConstructionFailedException: Failed to add constructor for java.awt.image.LookupOp due to org.evosuite.ga.ConstructionFailedException: Failed to add constructor for java.awt.RenderingHints due to org.evosuite.ga.ConstructionFailedException: Failed to add constructor for net.sourceforge.squirrel_sql.client.session.mainpanel.objecttree.ObjectTreeNode due to org.evosuite.ga.ConstructionFailedException: Max recursion depth reached
[MASTER] 16:53:31.000 [logback-1] WARN  TestChromosome - Functional mock problem: org.evosuite.ga.ConstructionFailedException: Failed to add constructor for javax.swing.ImageIcon due to org.evosuite.ga.ConstructionFailedException: Failed to add constructor for java.awt.image.AffineTransformOp due to org.evosuite.ga.ConstructionFailedException: Failed to add constructor for java.awt.RenderingHints due to org.evosuite.ga.ConstructionFailedException: Failed to add constructor for org.evosuite.runtime.mock.java.io.MockFileInputStream due to org.evosuite.ga.ConstructionFailedException: Failed to add constructor for org.evosuite.runtime.mock.java.io.MockFile due to org.evosuite.ga.ConstructionFailedException: Max recursion depth reached
[MASTER] 16:53:32.881 [logback-1] WARN  TestChromosome - Functional mock problem: org.evosuite.ga.ConstructionFailedException: Failed to add constructor for javax.swing.ImageIcon due to org.evosuite.ga.ConstructionFailedException: Failed to add constructor for java.awt.image.BufferedImage due to org.evosuite.ga.ConstructionFailedException: Failed to add constructor for java.awt.image.DirectColorModel due to org.evosuite.ga.ConstructionFailedException: Max recursion depth reached
[MASTER] 16:53:35.943 [logback-1] WARN  TestChromosome - Functional mock problem: org.evosuite.ga.ConstructionFailedException: Failed to add constructor for javax.swing.ImageIcon due to org.evosuite.ga.ConstructionFailedException: Failed to add constructor for java.awt.image.DirectColorModel due to org.evosuite.ga.ConstructionFailedException: Failed to add constructor for java.awt.color.ICC_ColorSpace due to org.evosuite.ga.ConstructionFailedException: Max recursion depth reached
[MASTER] 16:53:50.856 [logback-1] WARN  TestChromosome - Functional mock problem: org.evosuite.ga.ConstructionFailedException: Failed to add constructor for javax.swing.ImageIcon due to org.evosuite.ga.ConstructionFailedException: Failed to add constructor for org.fest.swing.applet.BasicAppletStub due to org.evosuite.ga.ConstructionFailedException: Failed to add constructor for java.awt.Dialog due to org.evosuite.ga.ConstructionFailedException: Failed to add constructor for javax.swing.JFrame due to org.evosuite.ga.ConstructionFailedException: Max recursion depth reached
[MASTER] 16:53:53.359 [logback-1] WARN  TestChromosome - Functional mock problem: org.evosuite.ga.ConstructionFailedException: Failed to add constructor for javax.swing.ImageIcon due to org.evosuite.ga.ConstructionFailedException: Failed to add constructor for java.awt.image.LookupOp due to org.evosuite.ga.ConstructionFailedException: Failed to add constructor for java.awt.RenderingHints due to org.evosuite.ga.ConstructionFailedException: Max recursion depth reached
[MASTER] 16:53:55.277 [logback-1] WARN  TestChromosome - Functional mock problem: org.evosuite.ga.ConstructionFailedException: Failed to add constructor for javax.swing.ImageIcon due to org.evosuite.ga.ConstructionFailedException: Failed to add constructor for org.fest.swing.applet.BasicAppletContext due to org.evosuite.ga.ConstructionFailedException: Failed to add constructor for org.fest.swing.applet.BasicAppletStub due to org.evosuite.ga.ConstructionFailedException: Failed to add constructor for java.awt.Dialog due to org.evosuite.ga.ConstructionFailedException: Max recursion depth reached
[MASTER] 16:53:57.873 [logback-1] WARN  TestChromosome - Functional mock problem: org.evosuite.ga.ConstructionFailedException: Failed to add constructor for javax.swing.ImageIcon due to org.evosuite.ga.ConstructionFailedException: Failed to add constructor for org.fest.swing.applet.BasicAppletStub due to org.evosuite.ga.ConstructionFailedException: Failed to add constructor for java.awt.FileDialog due to org.evosuite.ga.ConstructionFailedException: Failed to add constructor for org.fest.swing.applet.BasicAppletStub due to org.evosuite.ga.ConstructionFailedException: Max recursion depth reached
[MASTER] 16:54:01.803 [logback-1] WARN  TestChromosome - Functional mock problem: org.evosuite.ga.ConstructionFailedException: Failed to add constructor for javax.swing.ImageIcon due to org.evosuite.ga.ConstructionFailedException: Failed to add constructor for org.fest.swing.applet.BasicAppletContext due to org.evosuite.ga.ConstructionFailedException: Failed to add constructor for org.fest.swing.applet.BasicAppletStub due to org.evosuite.ga.ConstructionFailedException: Max recursion depth reached
[MASTER] 16:54:15.348 [logback-1] WARN  TestChromosome - Functional mock problem: org.evosuite.ga.ConstructionFailedException: Failed to add constructor for javax.swing.ImageIcon due to org.evosuite.ga.ConstructionFailedException: Failed to add constructor for java.awt.image.BufferedImage due to org.evosuite.ga.ConstructionFailedException: Failed to add constructor for java.awt.image.ConvolveOp due to org.evosuite.ga.ConstructionFailedException: Failed to add constructor for java.awt.RenderingHints due to org.evosuite.ga.ConstructionFailedException: Failed to add constructor for java.io.ObjectInputStream due to org.evosuite.ga.ConstructionFailedException: Max recursion depth reached
[MASTER] 16:54:16.962 [logback-1] WARN  TestChromosome - Functional mock problem: org.evosuite.ga.ConstructionFailedException: Failed to add constructor for javax.swing.ImageIcon due to org.evosuite.ga.ConstructionFailedException: Failed to add constructor for org.fest.swing.applet.BasicAppletContext due to org.evosuite.ga.ConstructionFailedException: Failed to add constructor for org.fest.swing.applet.BasicAppletStub due to org.evosuite.ga.ConstructionFailedException: Failed to add constructor for java.awt.Window due to org.evosuite.ga.ConstructionFailedException: Max recursion depth reached
[MASTER] 16:54:18.283 [logback-1] WARN  TestChromosome - Functional mock problem: org.evosuite.ga.ConstructionFailedException: Failed to add constructor for javax.swing.ImageIcon due to org.evosuite.ga.ConstructionFailedException: Failed to add constructor for org.fest.swing.applet.BasicAppletStub due to org.evosuite.ga.ConstructionFailedException: Failed to add constructor for javax.swing.JDialog due to org.evosuite.ga.ConstructionFailedException: Failed to add constructor for java.awt.Dialog due to org.evosuite.ga.ConstructionFailedException: Failed to add constructor for javax.swing.JDialog due to org.evosuite.ga.ConstructionFailedException: Max recursion depth reached
[MASTER] 16:54:21.089 [logback-1] WARN  TestChromosome - Functional mock problem: org.evosuite.ga.ConstructionFailedException: Failed to add constructor for javax.swing.ImageIcon due to org.evosuite.ga.ConstructionFailedException: Failed to add constructor for java.awt.image.LookupOp due to org.evosuite.ga.ConstructionFailedException: Failed to add constructor for java.awt.RenderingHints due to org.evosuite.ga.ConstructionFailedException: Failed to add constructor for java.util.concurrent.ScheduledThreadPoolExecutor due to org.evosuite.ga.ConstructionFailedException: Max recursion depth reached
[MASTER] 16:54:23.715 [logback-1] WARN  TestChromosome - Functional mock problem: org.evosuite.ga.ConstructionFailedException: Failed to add constructor for javax.swing.ImageIcon due to org.evosuite.ga.ConstructionFailedException: Failed to add constructor for java.awt.image.ComponentColorModel due to org.evosuite.ga.ConstructionFailedException: Failed to add constructor for java.awt.color.ICC_ColorSpace due to org.evosuite.ga.ConstructionFailedException: Max recursion depth reached
[MASTER] 16:54:25.633 [logback-1] WARN  TestChromosome - Functional mock problem: org.evosuite.ga.ConstructionFailedException: Failed to add constructor for javax.swing.ImageIcon due to org.evosuite.ga.ConstructionFailedException: Failed to add constructor for org.fest.swing.applet.BasicAppletStub due to org.evosuite.ga.ConstructionFailedException: Failed to add constructor for javax.swing.JDialog due to org.evosuite.ga.ConstructionFailedException: Failed to add constructor for javax.swing.JDialog due to org.evosuite.ga.ConstructionFailedException: Max recursion depth reached
[MASTER] 16:54:29.660 [logback-1] WARN  TestChromosome - Functional mock problem: org.evosuite.ga.ConstructionFailedException: Failed to add constructor for javax.swing.ImageIcon due to org.evosuite.ga.ConstructionFailedException: Failed to add constructor for java.awt.image.RescaleOp due to org.evosuite.ga.ConstructionFailedException: Failed to add constructor for java.awt.RenderingHints due to org.evosuite.ga.ConstructionFailedException: Failed to add constructor for net.sourceforge.squirrel_sql.client.session.mainpanel.objecttree.ObjectTreeNode due to org.evosuite.ga.ConstructionFailedException: Failed to add constructor for net.sourceforge.squirrel_sql.fw.sql.TableInfo due to org.evosuite.ga.ConstructionFailedException: Max recursion depth reached
[MASTER] 16:54:34.327 [logback-1] WARN  TestChromosome - Functional mock problem: org.evosuite.ga.ConstructionFailedException: Failed to add constructor for javax.swing.ImageIcon due to org.evosuite.ga.ConstructionFailedException: Failed to add constructor for org.fest.swing.applet.BasicAppletStub due to org.evosuite.ga.ConstructionFailedException: Failed to add constructor for javax.swing.JPasswordField due to org.evosuite.ga.ConstructionFailedException: Failed to add constructor for javax.swing.text.PlainDocument due to org.evosuite.ga.ConstructionFailedException: Max recursion depth reached
[MASTER] 16:54:36.304 [logback-1] WARN  TestChromosome - Functional mock problem: org.evosuite.ga.ConstructionFailedException: Failed to add constructor for javax.swing.ImageIcon due to org.evosuite.ga.ConstructionFailedException: Failed to add constructor for org.fest.swing.applet.BasicAppletStub due to org.evosuite.ga.ConstructionFailedException: Failed to add constructor for javax.swing.JDialog due to org.evosuite.ga.ConstructionFailedException: Failed to add constructor for org.fest.swing.applet.BasicAppletStub due to org.evosuite.ga.ConstructionFailedException: Max recursion depth reached
[MASTER] 16:54:36.322 [logback-1] WARN  TestChromosome - Functional mock problem: org.evosuite.ga.ConstructionFailedException: Failed to add constructor for javax.swing.ImageIcon due to org.evosuite.ga.ConstructionFailedException: Failed to add constructor for org.fest.swing.applet.BasicAppletContext due to org.evosuite.ga.ConstructionFailedException: Failed to add constructor for org.fest.swing.applet.BasicAppletStub due to org.evosuite.ga.ConstructionFailedException: Failed to add constructor for javax.swing.JWindow due to org.evosuite.ga.ConstructionFailedException: Max recursion depth reached
[MASTER] 16:54:37.116 [logback-1] WARN  TestChromosome - Functional mock problem: org.evosuite.ga.ConstructionFailedException: Failed to add constructor for javax.swing.ImageIcon due to org.evosuite.ga.ConstructionFailedException: Failed to add constructor for org.fest.swing.applet.BasicAppletStub due to org.evosuite.ga.ConstructionFailedException: Failed to add constructor for javax.swing.JDialog due to org.evosuite.ga.ConstructionFailedException: Failed to add constructor for javax.swing.JDialog due to org.evosuite.ga.ConstructionFailedException: Failed to add constructor for java.awt.FileDialog due to org.evosuite.ga.ConstructionFailedException: Max recursion depth reached
* Search finished after 181s and 2330 generations, 612306 statements, best individual has fitness: 211.0
* Minimizing test suite
* Going to analyze the coverage criteria
* Coverage analysis for criterion LINE
* Coverage of criterion LINE: 42%
* Total number of goals: 57
* Number of covered goals: 24
* Coverage analysis for criterion BRANCH
* Coverage of criterion BRANCH: 37%
* Total number of goals: 27
* Number of covered goals: 10
* Coverage analysis for criterion EXCEPTION
* Coverage of criterion EXCEPTION: 100%
* Total number of goals: 1
* Number of covered goals: 1
* Coverage analysis for criterion WEAKMUTATION
* Coverage of criterion WEAKMUTATION: 29%
* Total number of goals: 160
* Number of covered goals: 47
* Coverage analysis for criterion OUTPUT
* Coverage of criterion OUTPUT: 0%
* Total number of goals: 27
* Number of covered goals: 0
* Coverage analysis for criterion METHOD
* Coverage of criterion METHOD: 50%
* Total number of goals: 2
* Number of covered goals: 1
* Coverage analysis for criterion METHODNOEXCEPTION
* Coverage of criterion METHODNOEXCEPTION: 0%
* Total number of goals: 2
* Number of covered goals: 0
* Coverage analysis for criterion CBRANCH
* Coverage of criterion CBRANCH: 37%
* Total number of goals: 27
* Number of covered goals: 10
* Generated 3 tests with total length 16
* Resulting test suite's coverage: 31% (average coverage for all fitness functions)
* Generating assertions
* Resulting test suite's mutation score: 0%
* Compiling and checking tests
* Computation finished
