* EvoSuite 1.2.1-SNAPSHOT
* Configuration: EvoSuite_fixed
* Going to generate test cases for class: com.liferay.portlet.documentlibrary.util.comparator.RepositoryModelCreateDateComparator
* Starting Client-0
* Properties loaded from C:\Users\super\Documents\Magister\100Clases\Test1\projects og\108_liferay\evosuite-files\evosuite.properties
* Connecting to master process on port 16247
* Analyzing classpath: 
* Inheritance tree loaded from evosuite-files/inheritance.xml.gz
* Finished analyzing classpath
* Generating tests for class com.liferay.portlet.documentlibrary.util.comparator.RepositoryModelCreateDateComparator
* Test criteria:
  - Line Coverage
  - Branch Coverage
  - Exception
  - Mutation testing (weak)
  - Method-Output Coverage
  - Top-Level Method Coverage
  - No-Exception Top-Level Method Coverage
  - Context Branch Coverage
* Total number of test goals for DYNAMOSA: 113
* Using seed 1710479442806
* Starting evolution
* Initial Number of Goals in DynaMOSA = 49 / 113
[MASTER] 02:10:50.328 [logback-1] WARN  TestCluster - Failed to check cache for java.util.function.Function<T, R> : Type points to itself
[MASTER] 02:10:57.205 [logback-1] WARN  TestChromosome - Functional mock problem: org.evosuite.ga.ConstructionFailedException: Failed to add constructor for com.liferay.portlet.documentlibrary.model.DLFileVersionWrapper due to org.evosuite.ga.ConstructionFailedException: Failed to add constructor for com.liferay.portlet.documentlibrary.model.DLFileEntryWrapper due to org.evosuite.ga.ConstructionFailedException: Have no generator for class com.liferay.portlet.documentlibrary.model.DLFileVersionWrapper canUseFunctionalMocks=false, canBeMocked: true
[MASTER] 02:10:57.251 [logback-1] WARN  TestChromosome - Functional mock problem: org.evosuite.ga.ConstructionFailedException: Failed to add constructor for com.liferay.portlet.documentlibrary.model.DLFileEntryWrapper due to org.evosuite.ga.ConstructionFailedException: Failed to add constructor for com.liferay.portlet.documentlibrary.model.DLFileVersionWrapper due to org.evosuite.ga.ConstructionFailedException: Have no generator for class com.liferay.portlet.documentlibrary.model.DLFileEntryWrapper canUseFunctionalMocks=false, canBeMocked: true
[MASTER] 02:10:57.273 [logback-1] WARN  TestChromosome - Functional mock problem: org.evosuite.ga.ConstructionFailedException: Have no generator for class com.liferay.portal.repository.proxy.FolderProxyBean canUseFunctionalMocks=false, canBeMocked: true
[MASTER] 02:10:57.389 [logback-1] WARN  TestChromosome - Functional mock problem: org.evosuite.ga.ConstructionFailedException: Have no generator for class com.liferay.portlet.documentlibrary.model.DLFileEntryWrapper canUseFunctionalMocks=false, canBeMocked: true
[MASTER] 02:10:57.461 [logback-1] WARN  TestChromosome - Functional mock problem: org.evosuite.ga.ConstructionFailedException: No generators of type java.util.Hashtable<com.liferay.portal.repository.proxy.FolderProxyBean, java.lang.Object>
[MASTER] 02:10:57.611 [logback-1] WARN  TestChromosome - Functional mock problem: org.evosuite.ga.ConstructionFailedException: No generators of type java.util.Hashtable<org.jfree.data.time.Quarter, java.lang.Object>
[MASTER] 02:10:57.816 [logback-1] WARN  TestChromosome - Functional mock problem: org.evosuite.ga.ConstructionFailedException: No generators of type java.util.Hashtable<java.lang.Object, com.liferay.portal.repository.proxy.FolderProxyBean>
[MASTER] 02:10:57.818 [logback-1] WARN  TestChromosome - Functional mock problem: org.evosuite.ga.ConstructionFailedException: No generators of type java.util.Hashtable<org.jfree.data.time.Quarter, com.liferay.portal.repository.proxy.FolderProxyBean>
[MASTER] 02:10:58.195 [logback-1] WARN  TestChromosome - Functional mock problem: org.evosuite.ga.ConstructionFailedException: Failed to add constructor for com.liferay.portlet.documentlibrary.model.DLFolderWrapper due to org.evosuite.ga.ConstructionFailedException: Failed to add constructor for com.liferay.portlet.documentlibrary.model.DLFileEntryWrapper due to org.evosuite.ga.ConstructionFailedException: Failed to add constructor for com.liferay.portlet.documentlibrary.model.DLFileVersionWrapper due to org.evosuite.ga.ConstructionFailedException: Have no generator for class com.liferay.portlet.documentlibrary.model.DLFileEntryWrapper canUseFunctionalMocks=false, canBeMocked: true
[MASTER] 02:10:58.445 [logback-1] WARN  TestChromosome - Functional mock problem: org.evosuite.ga.ConstructionFailedException: No generators of type java.util.Hashtable<org.jfree.data.time.Quarter, org.jfree.data.time.Quarter>
[MASTER] 02:10:58.957 [logback-1] WARN  TestChromosome - Functional mock problem: org.evosuite.ga.ConstructionFailedException: No generators of type java.util.Hashtable<com.liferay.portal.repository.proxy.FolderProxyBean, com.liferay.portal.repository.proxy.FolderProxyBean>
[MASTER] 02:10:58.970 [logback-1] WARN  TestChromosome - Functional mock problem: org.evosuite.ga.ConstructionFailedException: Failed to add constructor for org.jfree.data.time.Quarter due to org.evosuite.ga.ConstructionFailedException: Failed to add constructor for com.liferay.portlet.documentlibrary.model.DLFolderWrapper due to org.evosuite.ga.ConstructionFailedException: Failed to add constructor for com.liferay.portlet.documentlibrary.model.DLFileEntryWrapper due to org.evosuite.ga.ConstructionFailedException: Max recursion depth reached
[MASTER] 02:10:59.509 [logback-1] WARN  TestChromosome - Functional mock problem: org.evosuite.ga.ConstructionFailedException: Failed to add constructor for com.liferay.portlet.documentlibrary.model.DLFolderWrapper due to org.evosuite.ga.ConstructionFailedException: Failed to add constructor for com.liferay.portlet.documentlibrary.model.DLFileVersionWrapper due to org.evosuite.ga.ConstructionFailedException: Failed to add constructor for com.liferay.portlet.documentlibrary.model.DLFileEntryWrapper due to org.evosuite.ga.ConstructionFailedException: Have no generator for class com.liferay.portlet.documentlibrary.model.DLFileVersionWrapper canUseFunctionalMocks=false, canBeMocked: true
[MASTER] 02:10:59.754 [logback-1] WARN  TestChromosome - Functional mock problem: org.evosuite.ga.ConstructionFailedException: Failed to add constructor for com.liferay.portal.model.PasswordPolicyWrapper due to org.evosuite.ga.ConstructionFailedException: Failed to add constructor for com.liferay.portal.model.UserWrapper due to org.evosuite.ga.ConstructionFailedException: Failed to add constructor for com.liferay.portal.model.CompanyWrapper due to org.evosuite.ga.ConstructionFailedException: Max recursion depth reached
[MASTER] 02:10:59.849 [logback-1] WARN  TestChromosome - Functional mock problem: org.evosuite.ga.ConstructionFailedException: No generators of type java.util.Hashtable<org.jfree.data.time.Second, java.lang.Object>
[MASTER] 02:11:00.129 [logback-1] WARN  TestChromosome - Functional mock problem: org.evosuite.ga.ConstructionFailedException: No generators of type java.util.Hashtable<java.time.chrono.ChronoLocalDate, java.lang.Object>
[MASTER] 02:11:02.495 [logback-1] WARN  TestChromosome - Functional mock problem: org.evosuite.ga.ConstructionFailedException: Failed to add constructor for com.liferay.portal.model.LayoutWrapper due to org.evosuite.ga.ConstructionFailedException: Failed to add constructor for com.liferay.portlet.PortletURLImplWrapper due to org.evosuite.ga.ConstructionFailedException: Failed to add constructor for javax.portlet.filter.PortletResponseWrapper due to org.evosuite.ga.ConstructionFailedException: Max recursion depth reached
[MASTER] 02:11:07.356 [logback-1] WARN  TestChromosome - Functional mock problem: org.evosuite.ga.ConstructionFailedException: Have no generator for class com.liferay.portlet.documentlibrary.model.DLFolderWrapper canUseFunctionalMocks=false, canBeMocked: true
[MASTER] 02:11:07.799 [logback-1] WARN  TestCluster - Failed to check cache for java.time.temporal.TemporalQuery<R> : Type points to itself
[MASTER] 02:11:10.077 [logback-1] WARN  TestChromosome - Functional mock problem: org.evosuite.ga.ConstructionFailedException: Failed to add constructor for com.liferay.portlet.documentlibrary.model.DLFolderWrapper due to org.evosuite.ga.ConstructionFailedException: Failed to add constructor for com.liferay.portlet.documentlibrary.model.DLFileEntryWrapper due to org.evosuite.ga.ConstructionFailedException: Failed to add constructor for com.liferay.portlet.documentlibrary.model.DLFileVersionWrapper due to org.evosuite.ga.ConstructionFailedException: Max recursion depth reached
[MASTER] 02:11:10.749 [logback-1] WARN  TestChromosome - Functional mock problem: org.evosuite.ga.ConstructionFailedException: Failed to add constructor for com.liferay.portal.model.LayoutSetWrapper due to org.evosuite.ga.ConstructionFailedException: Failed to add constructor for com.liferay.portal.model.LayoutWrapper due to org.evosuite.ga.ConstructionFailedException: Failed to add constructor for com.liferay.portlet.PortletURLImplWrapper due to org.evosuite.ga.ConstructionFailedException: Max recursion depth reached
[MASTER] 02:11:11.240 [logback-1] WARN  TestChromosome - Functional mock problem: org.evosuite.ga.ConstructionFailedException: Failed to add constructor for org.jfree.data.xy.DefaultHighLowDataset due to org.evosuite.ga.ConstructionFailedException: Failed to add constructor for com.liferay.portlet.documentlibrary.model.DLFileVersionWrapper due to org.evosuite.ga.ConstructionFailedException: Failed to add constructor for com.liferay.portlet.documentlibrary.model.DLFileEntryWrapper due to org.evosuite.ga.ConstructionFailedException: Have no generator for class com.liferay.portlet.documentlibrary.model.DLFileVersionWrapper canUseFunctionalMocks=false, canBeMocked: true
[MASTER] 02:11:17.369 [logback-1] WARN  TestChromosome - Functional mock problem: org.evosuite.ga.ConstructionFailedException: Have no generator for class com.liferay.portal.repository.proxy.FileEntryProxyBean canUseFunctionalMocks=false, canBeMocked: true
[MASTER] 02:11:21.480 [logback-1] WARN  TestChromosome - Functional mock problem: org.evosuite.ga.ConstructionFailedException: Failed to add constructor for org.jfree.data.xy.DefaultHighLowDataset due to org.evosuite.ga.ConstructionFailedException: Failed to add constructor for com.liferay.portlet.documentlibrary.model.DLFolderWrapper due to org.evosuite.ga.ConstructionFailedException: Failed to add constructor for com.liferay.portlet.documentlibrary.model.DLFileVersionWrapper due to org.evosuite.ga.ConstructionFailedException: Failed to add constructor for com.liferay.portlet.documentlibrary.model.DLFileEntryWrapper due to org.evosuite.ga.ConstructionFailedException: Have no generator for class com.liferay.portlet.documentlibrary.model.DLFileVersionWrapper canUseFunctionalMocks=false, canBeMocked: true
[MASTER] 02:11:28.163 [logback-1] WARN  TestChromosome - Functional mock problem: org.evosuite.ga.ConstructionFailedException: Failed to add constructor for org.jfree.data.xy.DefaultOHLCDataset due to org.evosuite.ga.ConstructionFailedException: Failed to add constructor for org.jfree.data.xy.OHLCDataItem due to org.evosuite.ga.ConstructionFailedException: Failed to add constructor for com.liferay.portlet.documentlibrary.model.DLFileVersionWrapper due to org.evosuite.ga.ConstructionFailedException: Failed to add constructor for com.liferay.portlet.documentlibrary.model.DLFileEntryWrapper due to org.evosuite.ga.ConstructionFailedException: Have no generator for class com.liferay.portlet.documentlibrary.model.DLFileVersionWrapper canUseFunctionalMocks=false, canBeMocked: true
[MASTER] 02:11:49.268 [logback-1] WARN  TestChromosome - Functional mock problem: org.evosuite.ga.ConstructionFailedException: Failed to add constructor for com.liferay.portal.model.AccountWrapper due to org.evosuite.ga.ConstructionFailedException: Have no generator for class com.liferay.portal.model.CompanyWrapper canUseFunctionalMocks=false, canBeMocked: true
[MASTER] 02:11:50.473 [logback-1] WARN  TestChromosome - Functional mock problem: org.evosuite.ga.ConstructionFailedException: Max recursion depth reached
[MASTER] 02:11:58.434 [logback-1] WARN  TestChromosome - Functional mock problem: org.evosuite.ga.ConstructionFailedException: Failed to add constructor for com.liferay.portlet.mobiledevicerules.model.MDRRuleGroupInstanceWrapper due to org.evosuite.ga.ConstructionFailedException: Have no generator for class com.liferay.portal.theme.ThemeDisplay canUseFunctionalMocks=false, canBeMocked: true
[MASTER] 02:12:02.975 [logback-1] WARN  TestChromosome - Functional mock problem: org.evosuite.ga.ConstructionFailedException: Have no generator for class com.liferay.portal.service.ServiceContext canUseFunctionalMocks=false, canBeMocked: true
[MASTER] 02:12:03.566 [logback-1] WARN  TestChromosome - Functional mock problem: org.evosuite.ga.ConstructionFailedException: Have no generator for class com.liferay.portlet.documentlibrary.model.DLFileShortcutWrapper canUseFunctionalMocks=false, canBeMocked: true
[MASTER] 02:12:09.499 [logback-1] WARN  TestChromosome - Functional mock problem: org.evosuite.ga.ConstructionFailedException: Have no generator for class com.liferay.portal.model.UserWrapper canUseFunctionalMocks=false, canBeMocked: true
[MASTER] 02:12:11.658 [logback-1] WARN  TestChromosome - Functional mock problem: org.evosuite.ga.ConstructionFailedException: Failed to add constructor for com.liferay.portal.model.ContactWrapper due to org.evosuite.ga.ConstructionFailedException: Failed to add constructor for com.liferay.portal.model.UserWrapper due to org.evosuite.ga.ConstructionFailedException: Failed to add constructor for com.liferay.portal.model.CompanyWrapper due to org.evosuite.ga.ConstructionFailedException: Max recursion depth reached
[MASTER] 02:12:12.271 [logback-1] WARN  TestChromosome - Functional mock problem: org.evosuite.ga.ConstructionFailedException: Failed to add constructor for com.liferay.portal.model.LayoutWrapper due to org.evosuite.ga.ConstructionFailedException: Failed to add constructor for com.liferay.portlet.PortletURLImplWrapper due to org.evosuite.ga.ConstructionFailedException: Failed to add constructor for javax.portlet.filter.EventResponseWrapper due to org.evosuite.ga.ConstructionFailedException: Max recursion depth reached
[MASTER] 02:12:14.604 [logback-1] WARN  TestChromosome - Functional mock problem: org.evosuite.ga.ConstructionFailedException: Failed to add constructor for com.liferay.portal.model.ContactWrapper due to org.evosuite.ga.ConstructionFailedException: Failed to add constructor for com.liferay.portal.model.UserWrapper due to org.evosuite.ga.ConstructionFailedException: Have no generator for class com.liferay.portal.theme.ThemeDisplay canUseFunctionalMocks=false, canBeMocked: true
[MASTER] 02:12:26.114 [logback-1] WARN  TestChromosome - Functional mock problem: org.evosuite.ga.ConstructionFailedException: Failed to add constructor for com.liferay.portal.model.LayoutSetWrapper due to org.evosuite.ga.ConstructionFailedException: Failed to add constructor for com.liferay.portal.model.LayoutWrapper due to org.evosuite.ga.ConstructionFailedException: Have no generator for class com.liferay.portal.theme.ThemeDisplay canUseFunctionalMocks=false, canBeMocked: true
[MASTER] 02:12:27.105 [logback-1] WARN  TestChromosome - Functional mock problem: org.evosuite.ga.ConstructionFailedException: Failed to add constructor for com.liferay.portal.repository.proxy.FileEntryProxyBean due to org.evosuite.ga.ConstructionFailedException: Failed to add constructor for org.apache.axis.Message due to org.evosuite.ga.ConstructionFailedException: Failed to add constructor for com.liferay.portal.repository.proxy.FolderProxyBean due to org.evosuite.ga.ConstructionFailedException: Max recursion depth reached
[MASTER] 02:12:31.750 [logback-1] WARN  TestChromosome - Functional mock problem: org.evosuite.ga.ConstructionFailedException: Failed to add constructor for com.liferay.portal.model.UserWrapper due to org.evosuite.ga.ConstructionFailedException: Have no generator for class com.liferay.portal.model.CompanyWrapper canUseFunctionalMocks=false, canBeMocked: true
[MASTER] 02:12:46.141 [logback-1] WARN  TestChromosome - Functional mock problem: org.evosuite.ga.ConstructionFailedException: Failed to add constructor for org.jfree.data.xy.DefaultHighLowDataset due to org.evosuite.ga.ConstructionFailedException: Failed to add constructor for com.liferay.portlet.documentlibrary.model.DLFolderWrapper due to org.evosuite.ga.ConstructionFailedException: Failed to add constructor for com.liferay.portlet.documentlibrary.model.DLFileEntryWrapper due to org.evosuite.ga.ConstructionFailedException: Failed to add constructor for com.liferay.portlet.documentlibrary.model.DLFileVersionWrapper due to org.evosuite.ga.ConstructionFailedException: Have no generator for class com.liferay.portlet.documentlibrary.model.DLFileEntryWrapper canUseFunctionalMocks=false, canBeMocked: true
[MASTER] 02:12:52.143 [logback-1] WARN  TestChromosome - Functional mock problem: org.evosuite.ga.ConstructionFailedException: Failed to add constructor for com.liferay.portal.model.UserWrapper due to org.evosuite.ga.ConstructionFailedException: Failed to add constructor for com.liferay.portal.model.CompanyWrapper due to org.evosuite.ga.ConstructionFailedException: Have no generator for class com.liferay.portal.theme.ThemeDisplay canUseFunctionalMocks=false, canBeMocked: true
[MASTER] 02:13:09.645 [logback-1] WARN  TestChromosome - Functional mock problem: org.evosuite.ga.ConstructionFailedException: Failed to add constructor for com.liferay.portlet.documentlibrary.model.DLFolderWrapper due to org.evosuite.ga.ConstructionFailedException: Have no generator for class com.liferay.portlet.documentlibrary.model.DLFileShortcutWrapper canUseFunctionalMocks=false, canBeMocked: true
[MASTER] 02:13:11.098 [logback-1] WARN  TestChromosome - Functional mock problem: org.evosuite.ga.ConstructionFailedException: Failed to add constructor for org.jfree.data.xy.DefaultHighLowDataset due to org.evosuite.ga.ConstructionFailedException: Failed to add constructor for com.liferay.portlet.documentlibrary.model.DLFileEntryWrapper due to org.evosuite.ga.ConstructionFailedException: Failed to add constructor for com.liferay.portlet.documentlibrary.model.DLFileVersionWrapper due to org.evosuite.ga.ConstructionFailedException: Have no generator for class com.liferay.portlet.documentlibrary.model.DLFileEntryWrapper canUseFunctionalMocks=false, canBeMocked: true
[MASTER] 02:13:17.516 [logback-1] WARN  TestChromosome - Functional mock problem: org.evosuite.ga.ConstructionFailedException: Failed to add constructor for com.liferay.portal.model.AccountWrapper due to org.evosuite.ga.ConstructionFailedException: Failed to add constructor for com.liferay.portal.model.CompanyWrapper due to org.evosuite.ga.ConstructionFailedException: Have no generator for class com.liferay.portal.theme.ThemeDisplay canUseFunctionalMocks=false, canBeMocked: true
[MASTER] 02:13:20.276 [logback-1] WARN  TestChromosome - Functional mock problem: org.evosuite.ga.ConstructionFailedException: Failed to add constructor for com.liferay.portal.repository.proxy.FolderProxyBean due to org.evosuite.ga.ConstructionFailedException: Failed to add constructor for com.liferay.portal.repository.proxy.FileEntryProxyBean due to org.evosuite.ga.ConstructionFailedException: Failed to add constructor for org.apache.axis.MessageContext due to org.evosuite.ga.ConstructionFailedException: Max recursion depth reached
[MASTER] 02:13:24.993 [logback-1] WARN  TestChromosome - Functional mock problem: org.evosuite.ga.ConstructionFailedException: Failed to add constructor for com.liferay.portal.repository.proxy.FolderProxyBean due to org.evosuite.ga.ConstructionFailedException: Have no generator for class com.liferay.portal.repository.proxy.FileEntryProxyBean canUseFunctionalMocks=false, canBeMocked: true
[MASTER] 02:13:43.490 [logback-1] WARN  TestCluster - Failed to check cache for java.util.Enumeration<E> : Type points to itself
* Search finished after 181s and 6774 generations, 1272894 statements, best individual has fitness: 12.0
* Minimizing test suite
* Going to analyze the coverage criteria
* Coverage analysis for criterion LINE
* Coverage of criterion LINE: 93%
* Total number of goals: 30
* Number of covered goals: 28
* Coverage analysis for criterion BRANCH
* Coverage of criterion BRANCH: 94%
* Total number of goals: 16
* Number of covered goals: 15
* Coverage analysis for criterion EXCEPTION
* Coverage of criterion EXCEPTION: 100%
* Total number of goals: 4
* Number of covered goals: 4
* Coverage analysis for criterion WEAKMUTATION
* Coverage of criterion WEAKMUTATION: 100%
* Total number of goals: 24
* Number of covered goals: 24
* Coverage analysis for criterion OUTPUT
* Coverage of criterion OUTPUT: 69%
* Total number of goals: 13
* Number of covered goals: 9
* Coverage analysis for criterion METHOD
* Coverage of criterion METHOD: 100%
* Total number of goals: 7
* Number of covered goals: 7
* Coverage analysis for criterion METHODNOEXCEPTION
* Coverage of criterion METHODNOEXCEPTION: 100%
* Total number of goals: 7
* Number of covered goals: 7
* Coverage analysis for criterion CBRANCH
* Coverage of criterion CBRANCH: 94%
* Total number of goals: 16
* Number of covered goals: 15
* Generated 15 tests with total length 49
* Resulting test suite's coverage: 88% (average coverage for all fitness functions)
* Generating assertions
* Resulting test suite's mutation score: 79%
* There are surviving mutants: 
--> Mutation 0: com.liferay.portlet.documentlibrary.util.comparator.RepositoryModelCreateDateComparator.<init>(Z)V:43 - InsertUnaryOp Negation of ascending - Status: Survived
--> Mutation 1: com.liferay.portlet.documentlibrary.util.comparator.RepositoryModelCreateDateComparator.<init>(Z)V:43 - InsertUnaryOp IINC 1 ascending - Status: Killed
--> Mutation 2: com.liferay.portlet.documentlibrary.util.comparator.RepositoryModelCreateDateComparator.<init>(Z)V:43 - InsertUnaryOp IINC -1 ascending - Status: Killed
--> Mutation 3: com.liferay.portlet.documentlibrary.util.comparator.RepositoryModelCreateDateComparator.compare(Ljava/lang/Object;Ljava/lang/Object;)I:48 - ReplaceVariable obj1 -> obj2 - Status: Killed
--> Mutation 4: com.liferay.portlet.documentlibrary.util.comparator.RepositoryModelCreateDateComparator.compare(Ljava/lang/Object;Ljava/lang/Object;)I:49 - ReplaceVariable obj2 -> obj1 - Status: Killed
--> Mutation 5: com.liferay.portlet.documentlibrary.util.comparator.RepositoryModelCreateDateComparator.compare(Ljava/lang/Object;Ljava/lang/Object;)I:51 - ReplaceVariable createDate1 -> createDate2 - Status: Killed
--> Mutation 6: com.liferay.portlet.documentlibrary.util.comparator.RepositoryModelCreateDateComparator.compare(Ljava/lang/Object;Ljava/lang/Object;)I:51 - ReplaceVariable createDate2 -> createDate1 - Status: Killed
--> Mutation 7: com.liferay.portlet.documentlibrary.util.comparator.RepositoryModelCreateDateComparator.compare(Ljava/lang/Object;Ljava/lang/Object;)I:53 - InsertUnaryOp Negation - Status: Survived
--> Mutation 8: com.liferay.portlet.documentlibrary.util.comparator.RepositoryModelCreateDateComparator.compare(Ljava/lang/Object;Ljava/lang/Object;)I:53 - ReplaceComparisonOperator == -> != - Status: Killed
--> Mutation 9: com.liferay.portlet.documentlibrary.util.comparator.RepositoryModelCreateDateComparator.compare(Ljava/lang/Object;Ljava/lang/Object;)I:54 - InsertUnaryOp Negation of value - Status: Survived
--> Mutation 10: com.liferay.portlet.documentlibrary.util.comparator.RepositoryModelCreateDateComparator.compare(Ljava/lang/Object;Ljava/lang/Object;)I:54 - InsertUnaryOp IINC 1 value - Status: Killed
--> Mutation 11: com.liferay.portlet.documentlibrary.util.comparator.RepositoryModelCreateDateComparator.compare(Ljava/lang/Object;Ljava/lang/Object;)I:54 - InsertUnaryOp IINC -1 value - Status: Killed
--> Mutation 12: com.liferay.portlet.documentlibrary.util.comparator.RepositoryModelCreateDateComparator.compare(Ljava/lang/Object;Ljava/lang/Object;)I:57 - InsertUnaryOp Negation of value - Status: Killed
--> Mutation 13: com.liferay.portlet.documentlibrary.util.comparator.RepositoryModelCreateDateComparator.compare(Ljava/lang/Object;Ljava/lang/Object;)I:57 - InsertUnaryOp IINC 1 value - Status: Killed
--> Mutation 14: com.liferay.portlet.documentlibrary.util.comparator.RepositoryModelCreateDateComparator.compare(Ljava/lang/Object;Ljava/lang/Object;)I:57 - InsertUnaryOp IINC -1 value - Status: Killed
--> Mutation 15: com.liferay.portlet.documentlibrary.util.comparator.RepositoryModelCreateDateComparator.getOrderBy()Ljava/lang/String;:63 - InsertUnaryOp Negation - Status: Survived
--> Mutation 16: com.liferay.portlet.documentlibrary.util.comparator.RepositoryModelCreateDateComparator.getOrderBy()Ljava/lang/String;:63 - ReplaceComparisonOperator == -> != - Status: Killed
--> Mutation 17: com.liferay.portlet.documentlibrary.util.comparator.RepositoryModelCreateDateComparator.getOrderBy()Ljava/lang/String;:64 - ReplaceConstant - createDate ASC ->  - Status: Killed
--> Mutation 18: com.liferay.portlet.documentlibrary.util.comparator.RepositoryModelCreateDateComparator.getOrderBy()Ljava/lang/String;:67 - ReplaceConstant - createDate DESC ->  - Status: Killed
--> Mutation 19: com.liferay.portlet.documentlibrary.util.comparator.RepositoryModelCreateDateComparator.isAscending()Z:78 - InsertUnaryOp Negation - Status: Survived
--> Mutation 20: com.liferay.portlet.documentlibrary.util.comparator.RepositoryModelCreateDateComparator.getCreateDate(Ljava/lang/Object;)Ljava/util/Date;:82 - ReplaceComparisonOperator == -> != - Status: Killed
--> Mutation 21: com.liferay.portlet.documentlibrary.util.comparator.RepositoryModelCreateDateComparator.getCreateDate(Ljava/lang/Object;)Ljava/util/Date;:87 - ReplaceComparisonOperator == -> != - Status: Killed
--> Mutation 22: com.liferay.portlet.documentlibrary.util.comparator.RepositoryModelCreateDateComparator.getCreateDate(Ljava/lang/Object;)Ljava/util/Date;:92 - ReplaceComparisonOperator == -> != - Status: Killed
--> Mutation 23: com.liferay.portlet.documentlibrary.util.comparator.RepositoryModelCreateDateComparator.getCreateDate(Ljava/lang/Object;)Ljava/util/Date;:97 - ReplaceComparisonOperator == -> != - Status: Killed
* Compiling and checking tests
* Computation finished
