* EvoSuite 1.2.1-SNAPSHOT
* Configuration: EvoSuite_fixed-Dalgorithm=DynaMOSA
* Going to generate test cases for class: com.liferay.util.axis.AxisServlet
* Starting Client-0
* Properties loaded from /Users/njimenez/Documents/Magister/100Clases/Test1/projects og/108_liferay/evosuite-files/evosuite.properties
* Connecting to master process on port 7221
* Analyzing classpath: 
* Inheritance tree loaded from evosuite-files/inheritance.xml.gz
[MASTER] 21:08:10.714 [logback-1] WARN  InheritanceTree - Class not in inheritance graph: java.util.Locale$IsoCountryCode
* Finished analyzing classpath
* Generating tests for class com.liferay.util.axis.AxisServlet
* Test criteria:
  - Line Coverage
  - Branch Coverage
  - Exception
  - Mutation testing (weak)
  - Method-Output Coverage
  - Top-Level Method Coverage
  - No-Exception Top-Level Method Coverage
  - Context Branch Coverage
* Total number of test goals for DYNAMOSA: 444
* Using seed 5072178650187
* Starting evolution
* Initial Number of Goals in DynaMOSA = 132 / 444
[MASTER] 21:08:11.212 [logback-1] WARN  InheritanceTree - Class not in inheritance graph: java.io.ObjectInputFilter
[MASTER] 21:08:11.874 [logback-1] WARN  InheritanceTree - Class not in inheritance graph: java.sql.ShardingKey
[MASTER] 21:08:14.830 [logback-1] WARN  InheritanceTree - Class not in inheritance graph: java.lang.module.ModuleFinder
[MASTER] 21:08:15.124 [logback-1] WARN  MSecurityManager - SUT asked for a runtime permission that EvoSuite does not recognize: getStackWalkerWithClassReference
[MASTER] 21:08:19.164 [logback-1] WARN  TestChromosome - Functional mock problem: org.evosuite.ga.ConstructionFailedException: Have no generator for class javax.servlet.http.HttpServletRequestWrapper canUseFunctionalMocks=false, canBeMocked: true
[MASTER] 21:08:24.362 [logback-1] WARN  TestChromosome - Functional mock problem: org.evosuite.ga.ConstructionFailedException: Have no generator for class javax.servlet.http.HttpServletResponseWrapper canUseFunctionalMocks=false, canBeMocked: true
[MASTER] 21:08:25.515 [logback-1] WARN  TestChromosome - Functional mock problem: org.evosuite.ga.ConstructionFailedException: Failed to add constructor for javax.servlet.ServletRequestWrapper due to org.evosuite.ga.ConstructionFailedException: Have no generator for class javax.servlet.http.HttpServletRequestWrapper canUseFunctionalMocks=false, canBeMocked: true
[MASTER] 21:08:28.043 [logback-1] WARN  TestChromosome - Functional mock problem: org.evosuite.ga.ConstructionFailedException: Failed to add constructor for javax.servlet.ServletResponseWrapper due to org.evosuite.ga.ConstructionFailedException: Have no generator for class javax.servlet.http.HttpServletResponseWrapper canUseFunctionalMocks=false, canBeMocked: true
[MASTER] 21:08:48.932 [logback-1] WARN  TestCluster - Failed to check cache for java.util.concurrent.ForkJoinTask<V> : Type points to itself
[MASTER] 21:09:44.568 [logback-1] WARN  CastClassManager - Nothing is assignable after adding java.util.Stack<E> for wildcard ? extends java.util.Vector
[MASTER] 21:09:44.586 [logback-1] WARN  CastClassManager - Nothing is assignable after adding java.util.Stack<E> for wildcard ? extends java.util.Vector
[MASTER] 21:09:44.953 [logback-1] WARN  TestCluster - Failed to check cache for java.util.Stack<E> : Type points to itself
[MASTER] 21:10:44.796 [logback-1] WARN  TestCluster - Failed to check cache for java.util.Enumeration<E> : Type points to itself
* Search finished after 181s and 1939 generations, 333743 statements, best individual has fitness: 214.0
* Computation finished
