* EvoSuite 1.2.1-SNAPSHOT
* Configuration: EvoSuite_fixed-Dalgorithm=DynaMOSA
* Going to generate test cases for class: net.sourceforge.squirrel_sql.client.gui.db.DriverInternalFrame
* Starting Client-0
* Properties loaded from /Users/njimenez/Documents/Magister/100Clases/Test1/projects og/102_squirrel-sql/evosuite-files/evosuite.properties
* Connecting to master process on port 7221
* Analyzing classpath: 
* Inheritance tree loaded from evosuite-files/inheritance.xml.gz
[MASTER] 18:37:46.387 [logback-1] WARN  InheritanceTree - Class not in inheritance graph: java.util.Locale$IsoCountryCode
[MASTER] 18:37:47.132 [logback-1] WARN  InheritanceTree - Class not in inheritance graph: java.io.ObjectInputFilter
[MASTER] 18:37:47.987 [logback-1] WARN  InheritanceTree - Class not in inheritance graph: java.sql.ShardingKey
[MASTER] 18:37:48.140 [logback-1] WARN  InheritanceTree - Class not in inheritance graph: java.lang.module.ModuleFinder
* Finished analyzing classpath
* Generating tests for class net.sourceforge.squirrel_sql.client.gui.db.DriverInternalFrame
* Test criteria:
  - Line Coverage
  - Branch Coverage
  - Exception
  - Mutation testing (weak)
  - Method-Output Coverage
  - Top-Level Method Coverage
  - No-Exception Top-Level Method Coverage
  - Context Branch Coverage
* Total number of test goals for DYNAMOSA: 1045
* Using seed 5072178650187
* Starting evolution
* Initial Number of Goals in DynaMOSA = 652 / 1045
[MASTER] 18:37:56.347 [logback-1] WARN  TestCluster - Failed to check cache for java.util.Stack<E> : Type points to itself
[MASTER] 18:38:32.612 [logback-1] WARN  TestCluster - Failed to check cache for java.util.concurrent.ForkJoinTask<V> : Type points to itself
[MASTER] 18:38:40.441 [logback-1] WARN  CastClassManager - Nothing is assignable after adding java.util.Vector<E> for wildcard ? extends java.util.Vector
[MASTER] 18:38:40.447 [logback-1] WARN  CastClassManager - Nothing is assignable after adding java.util.Vector<E> for wildcard ? extends java.util.Vector
[MASTER] 18:38:40.736 [logback-1] WARN  TestCluster - Failed to check cache for java.util.Vector<E> : Type points to itself
[MASTER] 18:40:29.756 [logback-1] WARN  TestChromosome - Functional mock problem: org.evosuite.ga.ConstructionFailedException: Failed to add constructor for javax.swing.JColorChooser due to org.evosuite.ga.ConstructionFailedException: Failed to add constructor for javax.swing.text.GlyphView due to org.evosuite.ga.ConstructionFailedException: Failed to add constructor for javax.swing.text.AbstractDocument$BranchElement due to org.evosuite.ga.ConstructionFailedException: Failed to add constructor for javax.swing.text.AbstractDocument$LeafElement due to org.evosuite.ga.ConstructionFailedException: Max recursion depth reached
* Search finished after 181s and 1133 generations, 618637 statements, best individual has fitness: 438.0
* Computation finished
