* EvoSuite 1.2.1-SNAPSHOT
* Configuration: EvoSuite_fixed-Dalgorithm=DynaMOSA
* Going to generate test cases for class: com.browsersoft.openhre.hl7.impl.parser.HL7CheckerImpl
* Starting Client-0
* Properties loaded from /Users/njimenez/Documents/Magister/100Clases/Test1/projects og/75_openhre/evosuite-files/evosuite.properties
* Connecting to master process on port 7221
* Analyzing classpath: 
* Inheritance tree loaded from evosuite-files/inheritance.xml.gz
[MASTER] 22:46:26.869 [logback-1] WARN  InheritanceTree - Class not in inheritance graph: java.util.Locale$IsoCountryCode
[MASTER] 22:46:26.886 [logback-1] WARN  InheritanceTree - Class not in inheritance graph: java.io.ObjectInputFilter
[MASTER] 22:46:35.300 [logback-1] WARN  CheapPurityAnalyzer - org.apache.xerces.dom.DeferredDocumentImpl was not found in the inheritance tree. Using DEFAULT value for cheap-purity analysis
[MASTER] 22:46:35.300 [logback-1] WARN  CheapPurityAnalyzer - org.apache.xerces.dom.DeferredDocumentImpl was not found in the inheritance tree. Using DEFAULT value for cheap-purity analysis
[MASTER] 22:46:35.300 [logback-1] WARN  CheapPurityAnalyzer - org.apache.xerces.dom.DeferredDocumentImpl was not found in the inheritance tree. Using DEFAULT value for cheap-purity analysis
[MASTER] 22:46:35.300 [logback-1] WARN  CheapPurityAnalyzer - org.apache.xerces.dom.DeferredDocumentImpl was not found in the inheritance tree. Using DEFAULT value for cheap-purity analysis
[MASTER] 22:46:35.300 [logback-1] WARN  CheapPurityAnalyzer - org.apache.xerces.dom.DeferredDocumentImpl was not found in the inheritance tree. Using DEFAULT value for cheap-purity analysis
* Finished analyzing classpath
* Generating tests for class com.browsersoft.openhre.hl7.impl.parser.HL7CheckerImpl
* Test criteria:
  - Line Coverage
  - Branch Coverage
  - Exception
  - Mutation testing (weak)
  - Method-Output Coverage
  - Top-Level Method Coverage
  - No-Exception Top-Level Method Coverage
  - Context Branch Coverage
* Total number of test goals for DYNAMOSA: 583
* Using seed 5072178650187
* Starting evolution
* Initial Number of Goals in DynaMOSA = 201 / 583
[MASTER] 22:47:11.996 [logback-1] WARN  TestChromosome - Functional mock problem: org.evosuite.ga.ConstructionFailedException: Failed to add constructor for org.apache.xalan.transformer.TransformerImpl due to org.evosuite.ga.ConstructionFailedException: Failed to add constructor for org.apache.xalan.templates.WhiteSpaceInfo due to org.evosuite.ga.ConstructionFailedException: Failed to add constructor for org.apache.xalan.templates.StylesheetRoot due to org.evosuite.ga.ConstructionFailedException: Failed to add constructor for org.apache.xml.utils.DefaultErrorHandler due to org.evosuite.ga.ConstructionFailedException: Max recursion depth reached
[MASTER] 22:47:45.929 [logback-1] WARN  TestChromosome - Functional mock problem: org.evosuite.ga.ConstructionFailedException: Failed to add constructor for org.apache.xalan.templates.StylesheetRoot due to org.evosuite.ga.ConstructionFailedException: Failed to add constructor for org.apache.xml.utils.DefaultErrorHandler due to org.evosuite.ga.ConstructionFailedException: Failed to add constructor for org.evosuite.runtime.mock.java.io.MockPrintStream due to org.evosuite.ga.ConstructionFailedException: Failed to add constructor for org.evosuite.runtime.mock.java.io.MockPrintStream due to org.evosuite.ga.ConstructionFailedException: Failed to add constructor for org.evosuite.runtime.mock.java.io.MockFileOutputStream due to org.evosuite.ga.ConstructionFailedException: Max recursion depth reached
[MASTER] 22:47:50.070 [logback-1] WARN  TestChromosome - Functional mock problem: org.evosuite.ga.ConstructionFailedException: Failed to add constructor for org.apache.xalan.transformer.TransformerImpl due to org.evosuite.ga.ConstructionFailedException: Failed to add constructor for org.apache.xalan.templates.StylesheetRoot due to org.evosuite.ga.ConstructionFailedException: Failed to add constructor for org.apache.xml.utils.ListingErrorHandler due to org.evosuite.ga.ConstructionFailedException: Failed to add constructor for org.evosuite.runtime.mock.java.io.MockPrintWriter due to org.evosuite.ga.ConstructionFailedException: Failed to add constructor for java.io.DataOutputStream due to org.evosuite.ga.ConstructionFailedException: Max recursion depth reached
[MASTER] 22:49:07.295 [logback-1] WARN  TestChromosome - Functional mock problem: org.evosuite.ga.ConstructionFailedException: Failed to add constructor for org.apache.axis.deployment.wsdd.WSDDService due to org.evosuite.ga.ConstructionFailedException: Failed to add constructor for org.apache.xml.dtm.ref.sax2dtm.SAX2DTM due to org.evosuite.ga.ConstructionFailedException: Failed to add constructor for javax.xml.transform.stax.StAXSource due to org.evosuite.ga.ConstructionFailedException: Max recursion depth reached
[MASTER] 22:49:08.573 [logback-1] WARN  TestChromosome - Functional mock problem: org.evosuite.ga.ConstructionFailedException: Failed to add constructor for org.apache.xalan.transformer.TransformerImpl due to org.evosuite.ga.ConstructionFailedException: Failed to add constructor for org.apache.xalan.templates.StylesheetRoot due to org.evosuite.ga.ConstructionFailedException: Failed to add constructor for org.apache.xml.utils.DefaultErrorHandler due to org.evosuite.ga.ConstructionFailedException: Failed to add constructor for org.evosuite.runtime.mock.java.io.MockPrintStream due to org.evosuite.ga.ConstructionFailedException: Failed to add constructor for org.evosuite.runtime.mock.java.io.MockPrintStream due to org.evosuite.ga.ConstructionFailedException: Max recursion depth reached
[MASTER] 22:49:13.417 [logback-1] WARN  TestChromosome - Functional mock problem: org.evosuite.ga.ConstructionFailedException: Failed to add constructor for org.apache.xalan.transformer.TransformerImpl due to org.evosuite.ga.ConstructionFailedException: Failed to add constructor for org.apache.xalan.templates.StylesheetRoot due to org.evosuite.ga.ConstructionFailedException: Failed to add constructor for org.apache.xml.utils.DefaultErrorHandler due to org.evosuite.ga.ConstructionFailedException: Failed to add constructor for org.evosuite.runtime.mock.java.io.MockPrintWriter due to org.evosuite.ga.ConstructionFailedException: Max recursion depth reached
[MASTER] 22:49:14.883 [logback-1] WARN  TestChromosome - Functional mock problem: org.evosuite.ga.ConstructionFailedException: Failed to add constructor for org.apache.axis.deployment.wsdd.WSDDDeployment due to org.evosuite.ga.ConstructionFailedException: Failed to add constructor for org.apache.axis.message.SOAPBodyElement due to org.evosuite.ga.ConstructionFailedException: Failed to add constructor for org.apache.axis.encoding.DeserializationContext due to org.evosuite.ga.ConstructionFailedException: Failed to add constructor for org.xml.sax.InputSource due to org.evosuite.ga.ConstructionFailedException: Max recursion depth reached
[MASTER] 22:49:28.046 [logback-1] WARN  TestCluster - Failed to check cache for java.util.Enumeration<E> : Type points to itself
* Search finished after 181s and 3908 generations, 848524 statements, best individual has fitness: 169.0
* Computation finished
