* EvoSuite 1.2.1-SNAPSHOT
* Configuration: EvoSuite_fixed
* Going to generate test cases for class: org.jsecurity.web.attr.CookieAttribute
* Starting Client-0
* Properties loaded from /Users/njimenez/Documents/Magister/100Clases/Test1/projects/18_jsecurity/evosuite-files/evosuite.properties
* Connecting to master process on port 7221
* Analyzing classpath: 
* Inheritance tree loaded from evosuite-files/inheritance.xml.gz
[MASTER] 13:10:44.009 [logback-1] WARN  InheritanceTree - Class not in inheritance graph: java.util.Locale$IsoCountryCode
[MASTER] 13:10:45.552 [logback-1] WARN  InheritanceTree - Class not in inheritance graph: java.io.ObjectInputFilter
[MASTER] 13:10:45.942 [logback-1] WARN  InheritanceTree - Class not in inheritance graph: java.lang.module.ModuleFinder
* Finished analyzing classpath
* Generating tests for class org.jsecurity.web.attr.CookieAttribute
* Test criteria:
  - Line Coverage
  - Branch Coverage
  - Exception
  - Mutation testing (weak)
  - Method-Output Coverage
  - Top-Level Method Coverage
  - No-Exception Top-Level Method Coverage
  - Context Branch Coverage
* Total number of test goals for DYNAMOSA: 346
* Using seed 5072178650187
* Starting evolution
* Initial Number of Goals in DynaMOSA = 207 / 346
[MASTER] 13:11:22.208 [logback-1] WARN  TestChromosome - Functional mock problem: org.evosuite.ga.ConstructionFailedException: Failed to add constructor for org.evosuite.runtime.mock.java.io.MockPrintWriter due to org.evosuite.ga.ConstructionFailedException: Failed to add constructor for org.evosuite.runtime.mock.java.io.MockPrintStream due to org.evosuite.ga.ConstructionFailedException: Failed to add constructor for org.evosuite.runtime.mock.java.io.MockPrintStream due to org.evosuite.ga.ConstructionFailedException: Failed to add constructor for org.evosuite.runtime.mock.java.io.MockPrintStream due to org.evosuite.ga.ConstructionFailedException: Failed to add constructor for org.evosuite.runtime.mock.java.io.MockFile due to org.evosuite.ga.ConstructionFailedException: Max recursion depth reached
[MASTER] 13:11:35.756 [logback-1] WARN  TestCluster - Failed to check cache for java.util.Stack<E> : Type points to itself
[MASTER] 13:12:40.058 [logback-1] WARN  TestCluster - Failed to check cache for java.time.temporal.TemporalQuery<R> : Type points to itself
[MASTER] 13:12:51.277 [logback-1] WARN  TestChromosome - Functional mock problem: org.evosuite.ga.ConstructionFailedException: Have no generator for class javax.servlet.ServletResponseWrapper canUseFunctionalMocks=false, canBeMocked: true
[MASTER] 13:12:55.824 [logback-1] WARN  TestCluster - Failed to check cache for java.lang.Comparable<T> : Type points to itself
* Search finished after 181s and 2847 generations, 770385 statements, best individual has fitness: 125.0
* Computation finished
