* EvoSuite 1.2.1-SNAPSHOT
* Configuration: EvoSuite_fixed
* Going to generate test cases for class: net.sourceforge.squirrel_sql.client.session.mainpanel.objecttree.ObjectTreeCellRenderer
* Starting Client-0
* Properties loaded from /Users/njimenez/Documents/Magister/100Clases/Test1/projects/102_squirrel-sql/evosuite-files/evosuite.properties
* Connecting to master process on port 7221
* Analyzing classpath: 
* Inheritance tree loaded from evosuite-files/inheritance.xml.gz
[MASTER] 10:39:43.192 [logback-1] WARN  InheritanceTree - Class not in inheritance graph: java.util.Locale$IsoCountryCode
[MASTER] 10:39:43.487 [logback-1] WARN  InheritanceTree - Class not in inheritance graph: java.io.ObjectInputFilter
[MASTER] 10:39:44.565 [logback-1] WARN  InheritanceTree - Class not in inheritance graph: java.sql.ShardingKey
[MASTER] 10:39:44.793 [logback-1] WARN  InheritanceTree - Class not in inheritance graph: java.lang.module.ModuleFinder
* Finished analyzing classpath
* Generating tests for class net.sourceforge.squirrel_sql.client.session.mainpanel.objecttree.ObjectTreeCellRenderer
* Test criteria:
  - Line Coverage
  - Branch Coverage
  - Exception
  - Mutation testing (weak)
  - Method-Output Coverage
  - Top-Level Method Coverage
  - No-Exception Top-Level Method Coverage
  - Context Branch Coverage
* Total number of test goals for DYNAMOSA: 343
* Using seed 5072178650187
* Starting evolution
* Initial Number of Goals in DynaMOSA = 188 / 343
[MASTER] 10:39:45.721 [logback-1] WARN  CastClassManager - Nothing is assignable after adding java.util.Stack<E> for wildcard ? extends java.util.Vector
[MASTER] 10:39:45.730 [logback-1] WARN  CastClassManager - Nothing is assignable after adding java.util.Stack<E> for wildcard ? extends java.util.Vector
[MASTER] 10:39:45.733 [logback-1] WARN  TestCluster - Failed to check cache for java.util.Stack<E> : Type points to itself
[MASTER] 10:39:47.609 [logback-1] WARN  TestCluster - Failed to check cache for java.util.concurrent.ForkJoinTask<V> : Type points to itself
[MASTER] 10:39:48.051 [logback-1] WARN  CastClassManager - Nothing is assignable after adding javax.swing.JComboBox<E> for type Variable V with bounds [class java.awt.Component] of declaration JLayer. The owner var map is {}
[MASTER] 10:39:48.100 [logback-1] WARN  TestCluster - Failed to check cache for javax.swing.JComboBox<E> : Type points to itself
[MASTER] 10:39:49.002 [logback-1] WARN  TestChromosome - Functional mock problem: org.evosuite.ga.ConstructionFailedException: Failed to add constructor for javax.swing.ImageIcon due to org.evosuite.ga.ConstructionFailedException: Failed to add constructor for java.awt.image.BufferedImage due to org.evosuite.ga.ConstructionFailedException: Failed to add constructor for java.awt.image.IndexColorModel due to org.evosuite.ga.ConstructionFailedException: Max recursion depth reached
[MASTER] 10:39:50.005 [logback-1] WARN  TestChromosome - Functional mock problem: org.evosuite.ga.ConstructionFailedException: Failed to add constructor for javax.swing.ImageIcon due to org.evosuite.ga.ConstructionFailedException: Failed to add constructor for java.awt.image.BufferedImage due to org.evosuite.ga.ConstructionFailedException: Max recursion depth reached
[MASTER] 10:39:50.207 [logback-1] WARN  TestChromosome - Functional mock problem: org.evosuite.ga.ConstructionFailedException: Failed to add constructor for javax.swing.ImageIcon due to org.evosuite.ga.ConstructionFailedException: Failed to add constructor for java.awt.image.BufferedImage due to org.evosuite.ga.ConstructionFailedException: Failed to add constructor for java.awt.image.DirectColorModel due to org.evosuite.ga.ConstructionFailedException: Failed to add constructor for java.awt.color.ICC_ColorSpace due to org.evosuite.ga.ConstructionFailedException: Max recursion depth reached
[MASTER] 10:39:50.932 [logback-1] WARN  TestChromosome - Functional mock problem: org.evosuite.ga.ConstructionFailedException: Failed to add constructor for javax.swing.ImageIcon due to org.evosuite.ga.ConstructionFailedException: Failed to add constructor for java.awt.image.AffineTransformOp due to org.evosuite.ga.ConstructionFailedException: Failed to add constructor for java.awt.RenderingHints due to org.evosuite.ga.ConstructionFailedException: Failed to add constructor for net.sourceforge.squirrel_sql.client.session.mainpanel.objecttree.ObjectTreeCellRenderer due to org.evosuite.ga.ConstructionFailedException: Max recursion depth reached
[MASTER] 10:39:51.997 [logback-1] WARN  TestChromosome - Functional mock problem: org.evosuite.ga.ConstructionFailedException: Failed to add constructor for javax.swing.ImageIcon due to org.evosuite.ga.ConstructionFailedException: Failed to add constructor for java.awt.image.BufferedImage due to org.evosuite.ga.ConstructionFailedException: Failed to add constructor for java.awt.image.ComponentColorModel due to org.evosuite.ga.ConstructionFailedException: Failed to add constructor for java.awt.color.ICC_ColorSpace due to org.evosuite.ga.ConstructionFailedException: Max recursion depth reached
[MASTER] 10:39:52.134 [logback-1] WARN  TestChromosome - Functional mock problem: org.evosuite.ga.ConstructionFailedException: Failed to add constructor for javax.swing.ImageIcon due to org.evosuite.ga.ConstructionFailedException: Failed to add constructor for java.awt.image.BufferedImage due to org.evosuite.ga.ConstructionFailedException: Failed to add constructor for java.awt.Point due to org.evosuite.ga.ConstructionFailedException: Max recursion depth reached
[MASTER] 10:39:55.170 [logback-1] WARN  TestChromosome - Functional mock problem: org.evosuite.ga.ConstructionFailedException: Failed to add constructor for javax.swing.ImageIcon due to org.evosuite.ga.ConstructionFailedException: Failed to add constructor for java.awt.image.ColorConvertOp due to org.evosuite.ga.ConstructionFailedException: Failed to add constructor for java.awt.color.ICC_ColorSpace due to org.evosuite.ga.ConstructionFailedException: Failed to add constructor for org.evosuite.runtime.mock.java.io.MockFileInputStream due to org.evosuite.ga.ConstructionFailedException: Max recursion depth reached
[MASTER] 10:39:55.465 [logback-1] WARN  TestChromosome - Functional mock problem: org.evosuite.ga.ConstructionFailedException: Failed to add constructor for javax.swing.ImageIcon due to org.evosuite.ga.ConstructionFailedException: Failed to add constructor for java.awt.Point due to org.evosuite.ga.ConstructionFailedException: Max recursion depth reached
[MASTER] 10:39:55.846 [logback-1] WARN  TestChromosome - Functional mock problem: org.evosuite.ga.ConstructionFailedException: Failed to add constructor for javax.swing.ImageIcon due to org.evosuite.ga.ConstructionFailedException: Failed to add constructor for org.evosuite.runtime.mock.java.io.MockFile due to org.evosuite.ga.ConstructionFailedException: Failed to add constructor for org.evosuite.runtime.mock.java.io.MockFile due to org.evosuite.ga.ConstructionFailedException: Max recursion depth reached
[MASTER] 10:39:56.540 [logback-1] WARN  TestChromosome - Functional mock problem: org.evosuite.ga.ConstructionFailedException: Failed to add constructor for javax.swing.ImageIcon due to org.evosuite.ga.ConstructionFailedException: Failed to add constructor for java.awt.image.ColorConvertOp due to org.evosuite.ga.ConstructionFailedException: Failed to add constructor for java.awt.RenderingHints due to org.evosuite.ga.ConstructionFailedException: Have no generator for class net.sourceforge.squirrel_sql.client.session.mainpanel.objecttree.ObjectTreeModel canUseFunctionalMocks=false, canBeMocked: true
[MASTER] 10:39:56.665 [logback-1] WARN  TestChromosome - Functional mock problem: org.evosuite.ga.ConstructionFailedException: Failed to add constructor for javax.swing.ImageIcon due to org.evosuite.ga.ConstructionFailedException: Failed to add constructor for javax.swing.JDialog due to org.evosuite.ga.ConstructionFailedException: Failed to add constructor for java.awt.FileDialog due to org.evosuite.ga.ConstructionFailedException: Failed to add constructor for javax.swing.JDialog due to org.evosuite.ga.ConstructionFailedException: Max recursion depth reached
[MASTER] 10:39:57.699 [logback-1] WARN  TestChromosome - Functional mock problem: org.evosuite.ga.ConstructionFailedException: Failed to add constructor for javax.swing.ImageIcon due to org.evosuite.ga.ConstructionFailedException: Failed to add constructor for java.awt.image.LookupOp due to org.evosuite.ga.ConstructionFailedException: Failed to add constructor for java.awt.RenderingHints due to org.evosuite.ga.ConstructionFailedException: Max recursion depth reached
[MASTER] 10:39:58.126 [logback-1] WARN  TestChromosome - Functional mock problem: org.evosuite.ga.ConstructionFailedException: Failed to add constructor for javax.swing.ImageIcon due to org.evosuite.ga.ConstructionFailedException: Failed to add constructor for java.awt.image.FilteredImageSource due to org.evosuite.ga.ConstructionFailedException: Failed to add constructor for java.awt.image.BufferedImageFilter due to org.evosuite.ga.ConstructionFailedException: Failed to add constructor for java.awt.image.ConvolveOp due to org.evosuite.ga.ConstructionFailedException: Max recursion depth reached
[MASTER] 10:39:58.624 [logback-1] WARN  TestChromosome - Functional mock problem: org.evosuite.ga.ConstructionFailedException: Failed to add constructor for javax.swing.ImageIcon due to org.evosuite.ga.ConstructionFailedException: Failed to add constructor for java.awt.image.LookupOp due to org.evosuite.ga.ConstructionFailedException: Failed to add constructor for java.awt.RenderingHints due to org.evosuite.ga.ConstructionFailedException: Failed to add constructor for net.sourceforge.squirrel_sql.client.session.mainpanel.objecttree.ObjectTreeModel due to org.evosuite.ga.ConstructionFailedException: Max recursion depth reached
[MASTER] 10:40:00.045 [logback-1] WARN  TestChromosome - Functional mock problem: org.evosuite.ga.ConstructionFailedException: Failed to add constructor for javax.swing.ImageIcon due to org.evosuite.ga.ConstructionFailedException: Failed to add constructor for java.awt.image.FilteredImageSource due to org.evosuite.ga.ConstructionFailedException: Failed to add constructor for java.awt.image.BufferedImageFilter due to org.evosuite.ga.ConstructionFailedException: Failed to add constructor for java.awt.image.AffineTransformOp due to org.evosuite.ga.ConstructionFailedException: Max recursion depth reached
[MASTER] 10:40:00.316 [logback-1] WARN  TestChromosome - Functional mock problem: org.evosuite.ga.ConstructionFailedException: Failed to add constructor for javax.swing.ImageIcon due to org.evosuite.ga.ConstructionFailedException: Failed to add constructor for java.awt.image.LookupOp due to org.evosuite.ga.ConstructionFailedException: Failed to add constructor for java.awt.RenderingHints due to org.evosuite.ga.ConstructionFailedException: Failed to add constructor for net.sourceforge.squirrel_sql.client.session.mainpanel.objecttree.ObjectTreeCellRenderer due to org.evosuite.ga.ConstructionFailedException: Max recursion depth reached
[MASTER] 10:40:00.524 [logback-1] WARN  TestChromosome - Functional mock problem: org.evosuite.ga.ConstructionFailedException: Failed to add constructor for javax.swing.ImageIcon due to org.evosuite.ga.ConstructionFailedException: Max recursion depth reached
[MASTER] 10:40:01.206 [logback-1] WARN  TestCluster - Failed to check cache for javax.swing.JLayer<V> : Type points to itself
[MASTER] 10:40:03.496 [logback-1] WARN  TestChromosome - Functional mock problem: org.evosuite.ga.ConstructionFailedException: Failed to add constructor for javax.swing.ImageIcon due to org.evosuite.ga.ConstructionFailedException: Failed to add constructor for java.awt.image.FilteredImageSource due to org.evosuite.ga.ConstructionFailedException: Failed to add constructor for java.awt.image.MemoryImageSource due to org.evosuite.ga.ConstructionFailedException: Failed to add constructor for java.awt.image.DirectColorModel due to org.evosuite.ga.ConstructionFailedException: Max recursion depth reached
[MASTER] 10:40:05.993 [logback-1] WARN  TestChromosome - Functional mock problem: org.evosuite.ga.ConstructionFailedException: Failed to add constructor for javax.swing.ImageIcon due to org.evosuite.ga.ConstructionFailedException: Failed to add constructor for java.awt.image.FilteredImageSource due to org.evosuite.ga.ConstructionFailedException: Failed to add constructor for java.awt.image.MemoryImageSource due to org.evosuite.ga.ConstructionFailedException: Failed to add constructor for java.util.Properties due to org.evosuite.ga.ConstructionFailedException: Max recursion depth reached
[MASTER] 10:40:21.474 [logback-1] WARN  TestCluster - Failed to check cache for java.util.Comparator<T> : Type points to itself
[MASTER] 10:40:21.648 [logback-1] WARN  TestCluster - Failed to check cache for java.util.Vector<E> : Type points to itself
[MASTER] 10:40:31.212 [logback-1] WARN  TestChromosome - Functional mock problem: org.evosuite.ga.ConstructionFailedException: Failed to add constructor for javax.swing.ImageIcon due to org.evosuite.ga.ConstructionFailedException: Failed to add constructor for java.awt.image.RescaleOp due to org.evosuite.ga.ConstructionFailedException: Failed to add constructor for java.awt.RenderingHints due to org.evosuite.ga.ConstructionFailedException: Failed to add constructor for net.sourceforge.squirrel_sql.client.session.mainpanel.objecttree.ObjectTreeCellRenderer due to org.evosuite.ga.ConstructionFailedException: Max recursion depth reached
[MASTER] 10:40:48.756 [logback-1] WARN  TestCluster - Failed to check cache for java.util.function.Function<T, R> : Type points to itself
[MASTER] 10:41:27.838 [logback-1] WARN  TestCluster - Failed to check cache for java.time.temporal.TemporalQuery<R> : Type points to itself
* Search finished after 181s and 1924 generations, 482304 statements, best individual has fitness: 211.0
* Computation finished
