* EvoSuite 1.2.1-SNAPSHOT
* Configuration: EvoSuite_fixed
* Going to generate test cases for class: com.liferay.portal.service.persistence.TeamFinderImpl
* Starting Client-0
* Properties loaded from /Users/njimenez/Documents/Magister/100Clases/Test1/projects/108_liferay/evosuite-files/evosuite.properties
* Connecting to master process on port 7221
* Analyzing classpath: 
* Inheritance tree loaded from evosuite-files/inheritance.xml.gz
[MASTER] 12:31:57.025 [logback-1] WARN  MSecurityManager - SUT asked for a runtime permission that EvoSuite does not recognize: getStackWalkerWithClassReference
[MASTER] 12:31:57.551 [logback-1] WARN  InheritanceTree - Class not in inheritance graph: java.sql.ShardingKey
[MASTER] 12:31:59.098 [logback-1] WARN  InheritanceTree - Class not in inheritance graph: java.util.Locale$IsoCountryCode
[MASTER] 12:32:00.366 [logback-1] WARN  InheritanceTree - Class not in inheritance graph: java.io.ObjectInputFilter
[MASTER] 12:32:03.025 [logback-1] WARN  CheapPurityAnalyzer - net.sf.swarmcache.ObjectCache was not found in the inheritance tree. Using DEFAULT value for cheap-purity analysis
[MASTER] 12:32:03.026 [logback-1] WARN  InheritanceTree - Class not in inheritance graph: net.sf.swarmcache.ObjectCache
* Finished analyzing classpath
* Generating tests for class com.liferay.portal.service.persistence.TeamFinderImpl
* Test criteria:
  - Line Coverage
  - Branch Coverage
  - Exception
  - Mutation testing (weak)
  - Method-Output Coverage
  - Top-Level Method Coverage
  - No-Exception Top-Level Method Coverage
  - Context Branch Coverage
* Total number of test goals for DYNAMOSA: 551
* Using seed 5072178650187
* Starting evolution
* Initial Number of Goals in DynaMOSA = 293 / 551
[MASTER] 12:32:08.564 [logback-1] WARN  TestCluster - Failed to check cache for java.util.AbstractMap<K, V>.SimpleImmutableEntry<K, V> : Type points to itself
[MASTER] 12:32:09.797 [logback-1] WARN  TestCluster - Failed to check cache for java.util.concurrent.LinkedBlockingQueue<E> : Type points to itself
[MASTER] 12:32:10.034 [logback-1] WARN  TestCluster - Failed to check cache for java.util.function.Function<T, R> : Type points to itself
[MASTER] 12:32:11.476 [logback-1] WARN  TestChromosome - Functional mock problem: org.evosuite.ga.ConstructionFailedException: Failed to add constructor for org.hibernate.impl.QueryImpl due to org.evosuite.ga.ConstructionFailedException: Failed to add constructor for org.hibernate.engine.query.ParameterMetadata due to org.evosuite.ga.ConstructionFailedException: Failed to add constructor for org.hibernate.engine.query.OrdinalParameterDescriptor due to org.evosuite.ga.ConstructionFailedException: Failed to add constructor for org.hibernate.mapping.Component due to org.evosuite.ga.ConstructionFailedException: Failed to add constructor for org.hibernate.mapping.Subclass due to org.evosuite.ga.ConstructionFailedException: Failed to add constructor for org.hibernate.mapping.JoinedSubclass due to org.evosuite.ga.ConstructionFailedException: Failed to add constructor for org.hibernate.mapping.SingleTableSubclass due to org.evosuite.ga.ConstructionFailedException: Max recursion depth reached
[MASTER] 12:32:11.866 [logback-1] WARN  TestChromosome - Functional mock problem: org.evosuite.ga.ConstructionFailedException: Failed to add constructor for org.hibernate.impl.QueryImpl due to org.evosuite.ga.ConstructionFailedException: Failed to add constructor for org.hibernate.engine.query.ParameterMetadata due to org.evosuite.ga.ConstructionFailedException: Have no generator for class org.hibernate.engine.query.ParameterMetadata canUseFunctionalMocks=false, canBeMocked: true
[MASTER] 12:32:13.774 [logback-1] WARN  FunctionalMockStatement - Problem with class org.hibernate.cache.jbc.entity.EntityRegionImpl: java.lang.NoClassDefFoundError: org/jboss/cache/Fqn
[MASTER] 12:32:14.312 [logback-1] WARN  TestCluster - Failed to check cache for javax.swing.JComboBox<E> : Type points to itself
[MASTER] 12:32:15.178 [logback-1] WARN  TestCluster - Failed to check cache for java.util.Stack<E> : Type points to itself
[MASTER] 12:32:17.671 [logback-1] WARN  FunctionalMockStatement - Problem with class org.hibernate.cache.jbc.collection.CollectionRegionImpl: java.lang.NoClassDefFoundError: org/jboss/cache/Fqn
[MASTER] 12:32:24.367 [logback-1] WARN  TestCluster - Failed to check cache for java.util.concurrent.ForkJoinTask<V> : Type points to itself
[MASTER] 12:32:26.313 [logback-1] WARN  CastClassManager - Nothing is assignable after adding java.util.Vector<E> for wildcard ? extends java.util.Vector
[MASTER] 12:32:26.328 [logback-1] WARN  CastClassManager - Nothing is assignable after adding java.util.Vector<E> for wildcard ? extends java.util.Vector
[MASTER] 12:32:26.374 [logback-1] WARN  TestCluster - Failed to check cache for java.util.Vector<E> : Type points to itself
[MASTER] 12:32:42.966 [logback-1] WARN  FunctionalMockStatement - Problem with class org.hibernate.cache.infinispan.util.CacheAdapter: java.lang.NoClassDefFoundError: org/infinispan/config/Configuration
[MASTER] 12:33:02.178 [logback-1] WARN  TestCluster - Failed to check cache for com.caucho.amber.collection.CollectionImpl<E> : Type points to itself
[MASTER] 12:33:05.917 [logback-1] WARN  TestChromosome - Functional mock problem: org.evosuite.ga.ConstructionFailedException: Failed to add constructor for org.hibernate.impl.CollectionFilterImpl due to org.evosuite.ga.ConstructionFailedException: Failed to add constructor for org.hibernate.engine.query.ParameterMetadata due to org.evosuite.ga.ConstructionFailedException: Have no generator for class org.hibernate.engine.query.ParameterMetadata canUseFunctionalMocks=false, canBeMocked: true
[MASTER] 12:33:35.876 [logback-1] WARN  TestCluster - Failed to check cache for java.util.concurrent.ArrayBlockingQueue<E> : Type points to itself
[MASTER] 12:33:36.027 [logback-1] WARN  TestChromosome - Functional mock problem: org.evosuite.ga.ConstructionFailedException: Failed to add constructor for org.hibernate.impl.QueryImpl due to org.evosuite.ga.ConstructionFailedException: Failed to add constructor for org.hibernate.engine.query.ParameterMetadata due to org.evosuite.ga.ConstructionFailedException: Failed to add constructor for org.hibernate.engine.query.OrdinalParameterDescriptor due to org.evosuite.ga.ConstructionFailedException: Failed to add constructor for org.hibernate.persister.collection.BasicCollectionPersister due to org.evosuite.ga.ConstructionFailedException: Failed to add constructor for org.hibernate.mapping.PrimitiveArray due to org.evosuite.ga.ConstructionFailedException: Failed to add constructor for org.hibernate.mapping.SingleTableSubclass due to org.evosuite.ga.ConstructionFailedException: Failed to add constructor for org.hibernate.mapping.JoinedSubclass due to org.evosuite.ga.ConstructionFailedException: Max recursion depth reached
[MASTER] 12:33:36.385 [logback-1] WARN  TestChromosome - Functional mock problem: org.evosuite.ga.ConstructionFailedException: Failed to add constructor for org.hibernate.mapping.Map due to org.evosuite.ga.ConstructionFailedException: Failed to add constructor for org.hibernate.mapping.Subclass due to org.evosuite.ga.ConstructionFailedException: Failed to add constructor for org.hibernate.mapping.SingleTableSubclass due to org.evosuite.ga.ConstructionFailedException: Failed to add constructor for org.hibernate.mapping.UnionSubclass due to org.evosuite.ga.ConstructionFailedException: Max recursion depth reached
[MASTER] 12:33:36.568 [logback-1] WARN  TestChromosome - Functional mock problem: org.evosuite.ga.ConstructionFailedException: Failed to add constructor for org.hibernate.impl.QueryImpl due to org.evosuite.ga.ConstructionFailedException: Failed to add constructor for org.hibernate.engine.query.ParameterMetadata due to org.evosuite.ga.ConstructionFailedException: Failed to add constructor for org.hibernate.engine.query.OrdinalParameterDescriptor due to org.evosuite.ga.ConstructionFailedException: Failed to add constructor for org.hibernate.persister.entity.UnionSubclassEntityPersister due to org.evosuite.ga.ConstructionFailedException: Failed to add constructor for org.hibernate.cache.jbc.entity.TransactionalAccess due to org.evosuite.ga.ConstructionFailedException: Have no generator for class org.hibernate.cache.jbc.entity.EntityRegionImpl canUseFunctionalMocks=true, canBeMocked: false
[MASTER] 12:33:36.721 [logback-1] WARN  TestChromosome - Functional mock problem: org.evosuite.ga.ConstructionFailedException: Failed to add constructor for org.hibernate.impl.CollectionFilterImpl due to org.evosuite.ga.ConstructionFailedException: Failed to add constructor for org.hibernate.engine.query.ParameterMetadata due to org.evosuite.ga.ConstructionFailedException: Failed to add constructor for org.hibernate.engine.query.OrdinalParameterDescriptor due to org.evosuite.ga.ConstructionFailedException: Failed to add constructor for org.hibernate.persister.entity.UnionSubclassEntityPersister due to org.evosuite.ga.ConstructionFailedException: Failed to add constructor for org.hibernate.impl.SessionFactoryImpl due to org.evosuite.ga.ConstructionFailedException: Max recursion depth reached
[MASTER] 12:33:37.012 [logback-1] WARN  TestChromosome - Functional mock problem: org.evosuite.ga.ConstructionFailedException: Failed to add constructor for org.hibernate.impl.CollectionFilterImpl due to org.evosuite.ga.ConstructionFailedException: Failed to add constructor for org.hibernate.engine.query.ParameterMetadata due to org.evosuite.ga.ConstructionFailedException: Failed to add constructor for com.caucho.amber.collection.MapImpl due to org.evosuite.ga.ConstructionFailedException: Failed to add constructor for com.caucho.amber.query.UserQuery due to org.evosuite.ga.ConstructionFailedException: Max recursion depth reached
[MASTER] 12:33:37.141 [logback-1] WARN  TestChromosome - Functional mock problem: org.evosuite.ga.ConstructionFailedException: Failed to add constructor for org.hibernate.impl.QueryImpl due to org.evosuite.ga.ConstructionFailedException: Failed to add constructor for org.hibernate.engine.query.ParameterMetadata due to org.evosuite.ga.ConstructionFailedException: Failed to add constructor for org.hibernate.engine.query.OrdinalParameterDescriptor due to org.evosuite.ga.ConstructionFailedException: Failed to add constructor for org.hibernate.loader.criteria.CriteriaQueryTranslator due to org.evosuite.ga.ConstructionFailedException: Failed to add constructor for org.hibernate.impl.SessionFactoryImpl due to org.evosuite.ga.ConstructionFailedException: Max recursion depth reached
[MASTER] 12:33:37.328 [logback-1] WARN  TestChromosome - Functional mock problem: org.evosuite.ga.ConstructionFailedException: Failed to add constructor for org.hibernate.impl.QueryImpl due to org.evosuite.ga.ConstructionFailedException: Failed to add constructor for org.hibernate.engine.query.ParameterMetadata due to org.evosuite.ga.ConstructionFailedException: Failed to add constructor for org.hibernate.engine.query.OrdinalParameterDescriptor due to org.evosuite.ga.ConstructionFailedException: Failed to add constructor for org.hibernate.persister.collection.BasicCollectionPersister due to org.evosuite.ga.ConstructionFailedException: Failed to add constructor for org.hibernate.cache.jbc.collection.TransactionalAccess due to org.evosuite.ga.ConstructionFailedException: Have no generator for class org.hibernate.cache.jbc.collection.CollectionRegionImpl canUseFunctionalMocks=true, canBeMocked: false
[MASTER] 12:33:37.437 [logback-1] WARN  TestChromosome - Functional mock problem: org.evosuite.ga.ConstructionFailedException: Failed to add constructor for org.hibernate.impl.CollectionFilterImpl due to org.evosuite.ga.ConstructionFailedException: Failed to add constructor for org.hibernate.engine.query.ParameterMetadata due to org.evosuite.ga.ConstructionFailedException: Failed to add constructor for org.hibernate.engine.query.OrdinalParameterDescriptor due to org.evosuite.ga.ConstructionFailedException: Failed to add constructor for org.hibernate.mapping.Array due to org.evosuite.ga.ConstructionFailedException: Failed to add constructor for org.hibernate.mapping.Subclass due to org.evosuite.ga.ConstructionFailedException: Failed to add constructor for org.hibernate.mapping.JoinedSubclass due to org.evosuite.ga.ConstructionFailedException: Failed to add constructor for org.hibernate.mapping.UnionSubclass due to org.evosuite.ga.ConstructionFailedException: Max recursion depth reached
[MASTER] 12:33:39.238 [logback-1] WARN  TestChromosome - Functional mock problem: org.evosuite.ga.ConstructionFailedException: Failed to add constructor for org.hibernate.impl.QueryImpl due to org.evosuite.ga.ConstructionFailedException: Failed to add constructor for org.hibernate.engine.query.ParameterMetadata due to org.evosuite.ga.ConstructionFailedException: Failed to add constructor for org.hibernate.engine.query.OrdinalParameterDescriptor due to org.evosuite.ga.ConstructionFailedException: Failed to add constructor for org.hibernate.persister.entity.UnionSubclassEntityPersister due to org.evosuite.ga.ConstructionFailedException: Failed to add constructor for org.hibernate.impl.SessionFactoryImpl due to org.evosuite.ga.ConstructionFailedException: Have no generator for class org.hibernate.impl.SessionFactoryImpl canUseFunctionalMocks=false, canBeMocked: true
[MASTER] 12:33:40.531 [logback-1] WARN  TestChromosome - Functional mock problem: org.evosuite.ga.ConstructionFailedException: Failed to add constructor for org.hibernate.impl.QueryImpl due to org.evosuite.ga.ConstructionFailedException: Failed to add constructor for org.hibernate.engine.query.ParameterMetadata due to org.evosuite.ga.ConstructionFailedException: Failed to add constructor for org.hibernate.engine.query.OrdinalParameterDescriptor due to org.evosuite.ga.ConstructionFailedException: Failed to add constructor for org.hibernate.impl.SessionFactoryImpl due to org.evosuite.ga.ConstructionFailedException: Failed to add constructor for org.hibernate.jdbc.JDBCContext due to org.evosuite.ga.ConstructionFailedException: Failed to add constructor for org.firebirdsql.jdbc.FBConnection due to org.evosuite.ga.ConstructionFailedException: Max recursion depth reached
[MASTER] 12:33:41.027 [logback-1] WARN  TestChromosome - Functional mock problem: org.evosuite.ga.ConstructionFailedException: Failed to add constructor for org.hibernate.impl.QueryImpl due to org.evosuite.ga.ConstructionFailedException: Failed to add constructor for org.hibernate.engine.query.ParameterMetadata due to org.evosuite.ga.ConstructionFailedException: Failed to add constructor for org.hibernate.engine.query.OrdinalParameterDescriptor due to org.evosuite.ga.ConstructionFailedException: Failed to add constructor for org.hibernate.persister.entity.UnionSubclassEntityPersister due to org.evosuite.ga.ConstructionFailedException: Failed to add constructor for org.hibernate.mapping.Subclass due to org.evosuite.ga.ConstructionFailedException: Failed to add constructor for org.hibernate.mapping.SingleTableSubclass due to org.evosuite.ga.ConstructionFailedException: Max recursion depth reached
[MASTER] 12:33:41.094 [logback-1] WARN  TestChromosome - Functional mock problem: org.evosuite.ga.ConstructionFailedException: Failed to add constructor for org.hibernate.impl.QueryImpl due to org.evosuite.ga.ConstructionFailedException: Failed to add constructor for org.hibernate.engine.query.ParameterMetadata due to org.evosuite.ga.ConstructionFailedException: Failed to add constructor for org.hibernate.engine.query.OrdinalParameterDescriptor due to org.evosuite.ga.ConstructionFailedException: Failed to add constructor for org.hibernate.mapping.Map due to org.evosuite.ga.ConstructionFailedException: Failed to add constructor for org.hibernate.mapping.SingleTableSubclass due to org.evosuite.ga.ConstructionFailedException: Failed to add constructor for org.hibernate.mapping.Subclass due to org.evosuite.ga.ConstructionFailedException: Failed to add constructor for org.hibernate.mapping.UnionSubclass due to org.evosuite.ga.ConstructionFailedException: Max recursion depth reached
[MASTER] 12:33:41.724 [logback-1] WARN  TestChromosome - Functional mock problem: org.evosuite.ga.ConstructionFailedException: Failed to add constructor for org.hibernate.impl.QueryImpl due to org.evosuite.ga.ConstructionFailedException: Failed to add constructor for org.hibernate.engine.query.ParameterMetadata due to org.evosuite.ga.ConstructionFailedException: Failed to add constructor for org.hibernate.engine.query.OrdinalParameterDescriptor due to org.evosuite.ga.ConstructionFailedException: Failed to add constructor for org.hibernate.persister.collection.BasicCollectionPersister due to org.evosuite.ga.ConstructionFailedException: Failed to add constructor for org.hibernate.mapping.Array due to org.evosuite.ga.ConstructionFailedException: Max recursion depth reached
[MASTER] 12:33:42.515 [logback-1] WARN  TestChromosome - Functional mock problem: org.evosuite.ga.ConstructionFailedException: Failed to add constructor for org.hibernate.impl.CollectionFilterImpl due to org.evosuite.ga.ConstructionFailedException: Failed to add constructor for org.hibernate.engine.query.ParameterMetadata due to org.evosuite.ga.ConstructionFailedException: Failed to add constructor for org.hibernate.engine.query.OrdinalParameterDescriptor due to org.evosuite.ga.ConstructionFailedException: Failed to add constructor for org.hibernate.persister.collection.BasicCollectionPersister due to org.evosuite.ga.ConstructionFailedException: Failed to add constructor for org.hibernate.mapping.Set due to org.evosuite.ga.ConstructionFailedException: Max recursion depth reached
[MASTER] 12:33:43.124 [logback-1] WARN  TestChromosome - Functional mock problem: org.evosuite.ga.ConstructionFailedException: Failed to add constructor for org.hibernate.transform.AliasToBeanConstructorResultTransformer due to org.evosuite.ga.ConstructionFailedException: Have no generator for java.lang.reflect.Constructor<java.lang.Object> canUseFunctionalMocks=true, canBeMocked: false
[MASTER] 12:33:43.815 [logback-1] WARN  TestChromosome - Functional mock problem: org.evosuite.ga.ConstructionFailedException: Failed to add constructor for org.hibernate.impl.CollectionFilterImpl due to org.evosuite.ga.ConstructionFailedException: Failed to add constructor for org.hibernate.engine.query.ParameterMetadata due to org.evosuite.ga.ConstructionFailedException: Failed to add constructor for org.hibernate.engine.query.OrdinalParameterDescriptor due to org.evosuite.ga.ConstructionFailedException: Failed to add constructor for java.io.ObjectInputStream due to org.evosuite.ga.ConstructionFailedException: Failed to add constructor for org.evosuite.runtime.mock.java.io.MockFileInputStream due to org.evosuite.ga.ConstructionFailedException: Max recursion depth reached
[MASTER] 12:33:45.148 [logback-1] WARN  TestChromosome - Functional mock problem: org.evosuite.ga.ConstructionFailedException: Failed to add constructor for org.hibernate.impl.QueryImpl due to org.evosuite.ga.ConstructionFailedException: Failed to add constructor for org.hibernate.engine.query.ParameterMetadata due to org.evosuite.ga.ConstructionFailedException: Failed to add constructor for org.hibernate.engine.query.OrdinalParameterDescriptor due to org.evosuite.ga.ConstructionFailedException: Failed to add constructor for org.hibernate.mapping.OneToOne due to org.evosuite.ga.ConstructionFailedException: Failed to add constructor for org.hibernate.mapping.Subclass due to org.evosuite.ga.ConstructionFailedException: Failed to add constructor for org.hibernate.mapping.UnionSubclass due to org.evosuite.ga.ConstructionFailedException: Failed to add constructor for org.hibernate.mapping.JoinedSubclass due to org.evosuite.ga.ConstructionFailedException: Max recursion depth reached
[MASTER] 12:33:46.181 [logback-1] WARN  TestChromosome - Functional mock problem: org.evosuite.ga.ConstructionFailedException: Failed to add constructor for org.hibernate.impl.CollectionFilterImpl due to org.evosuite.ga.ConstructionFailedException: Failed to add constructor for org.hibernate.engine.query.ParameterMetadata due to org.evosuite.ga.ConstructionFailedException: Failed to add constructor for org.hibernate.engine.query.OrdinalParameterDescriptor due to org.evosuite.ga.ConstructionFailedException: Failed to add constructor for org.hibernate.loader.criteria.CriteriaQueryTranslator due to org.evosuite.ga.ConstructionFailedException: Failed to add constructor for org.hibernate.impl.SessionFactoryImpl due to org.evosuite.ga.ConstructionFailedException: Failed to add constructor for org.hibernate.jdbc.JDBCContext due to org.evosuite.ga.ConstructionFailedException: Max recursion depth reached
[MASTER] 12:33:46.522 [logback-1] WARN  TestChromosome - Functional mock problem: org.evosuite.ga.ConstructionFailedException: Failed to add constructor for org.hibernate.impl.QueryImpl due to org.evosuite.ga.ConstructionFailedException: Failed to add constructor for org.hibernate.engine.query.ParameterMetadata due to org.evosuite.ga.ConstructionFailedException: Failed to add constructor for org.hibernate.engine.query.OrdinalParameterDescriptor due to org.evosuite.ga.ConstructionFailedException: Failed to add constructor for org.hibernate.persister.entity.UnionSubclassEntityPersister due to org.evosuite.ga.ConstructionFailedException: Failed to add constructor for org.hibernate.cache.impl.bridge.EntityAccessStrategyAdapter due to org.evosuite.ga.ConstructionFailedException: Failed to add constructor for org.hibernate.cache.infinispan.entity.EntityRegionImpl due to org.evosuite.ga.ConstructionFailedException: Failed to add constructor for org.hibernate.cache.EhCacheRegionFactory due to org.evosuite.ga.ConstructionFailedException: Max recursion depth reached
[MASTER] 12:33:46.645 [logback-1] WARN  TestChromosome - Functional mock problem: org.evosuite.ga.ConstructionFailedException: Failed to add constructor for org.hibernate.impl.QueryImpl due to org.evosuite.ga.ConstructionFailedException: Failed to add constructor for org.hibernate.engine.query.ParameterMetadata due to org.evosuite.ga.ConstructionFailedException: Failed to add constructor for org.hibernate.engine.query.OrdinalParameterDescriptor due to org.evosuite.ga.ConstructionFailedException: Have no generator for class org.hibernate.engine.query.ParameterMetadata canUseFunctionalMocks=false, canBeMocked: true
[MASTER] 12:33:46.683 [logback-1] WARN  TestChromosome - Functional mock problem: org.evosuite.ga.ConstructionFailedException: Failed to add constructor for org.hibernate.impl.QueryImpl due to org.evosuite.ga.ConstructionFailedException: Failed to add constructor for org.hibernate.engine.query.ParameterMetadata due to org.evosuite.ga.ConstructionFailedException: Failed to add constructor for org.hibernate.engine.query.OrdinalParameterDescriptor due to org.evosuite.ga.ConstructionFailedException: Failed to add constructor for org.hibernate.persister.collection.BasicCollectionPersister due to org.evosuite.ga.ConstructionFailedException: Failed to add constructor for org.hibernate.cache.impl.bridge.CollectionAccessStrategyAdapter due to org.evosuite.ga.ConstructionFailedException: Failed to add constructor for org.hibernate.cache.impl.bridge.CollectionRegionAdapter due to org.evosuite.ga.ConstructionFailedException: Max recursion depth reached
[MASTER] 12:33:47.679 [logback-1] WARN  TestChromosome - Functional mock problem: org.evosuite.ga.ConstructionFailedException: Failed to add constructor for org.hibernate.impl.QueryImpl due to org.evosuite.ga.ConstructionFailedException: Failed to add constructor for org.hibernate.engine.query.ParameterMetadata due to org.evosuite.ga.ConstructionFailedException: Failed to add constructor for org.hibernate.engine.query.OrdinalParameterDescriptor due to org.evosuite.ga.ConstructionFailedException: Failed to add constructor for org.hibernate.mapping.JoinedSubclass due to org.evosuite.ga.ConstructionFailedException: Failed to add constructor for org.hibernate.mapping.SingleTableSubclass due to org.evosuite.ga.ConstructionFailedException: Failed to add constructor for org.hibernate.mapping.UnionSubclass due to org.evosuite.ga.ConstructionFailedException: Max recursion depth reached
[MASTER] 12:33:47.697 [logback-1] WARN  TestChromosome - Functional mock problem: org.evosuite.ga.ConstructionFailedException: Failed to add constructor for org.hibernate.impl.CollectionFilterImpl due to org.evosuite.ga.ConstructionFailedException: Failed to add constructor for org.hibernate.engine.query.ParameterMetadata due to org.evosuite.ga.ConstructionFailedException: Failed to add constructor for org.hibernate.engine.query.OrdinalParameterDescriptor due to org.evosuite.ga.ConstructionFailedException: Failed to add constructor for org.hibernate.persister.entity.UnionSubclassEntityPersister due to org.evosuite.ga.ConstructionFailedException: Failed to add constructor for org.hibernate.cache.jbc.entity.TransactionalAccess due to org.evosuite.ga.ConstructionFailedException: Have no generator for class org.hibernate.cache.jbc.entity.EntityRegionImpl canUseFunctionalMocks=true, canBeMocked: false
[MASTER] 12:33:50.779 [logback-1] WARN  TestChromosome - Functional mock problem: org.evosuite.ga.ConstructionFailedException: Failed to add constructor for org.hibernate.impl.QueryImpl due to org.evosuite.ga.ConstructionFailedException: Failed to add constructor for org.hibernate.engine.query.ParameterMetadata due to org.evosuite.ga.ConstructionFailedException: Failed to add constructor for org.hibernate.engine.query.OrdinalParameterDescriptor due to org.evosuite.ga.ConstructionFailedException: Failed to add constructor for org.hibernate.loader.criteria.CriteriaQueryTranslator due to org.evosuite.ga.ConstructionFailedException: Failed to add constructor for org.hibernate.impl.SessionFactoryImpl due to org.evosuite.ga.ConstructionFailedException: Have no generator for class org.hibernate.impl.SessionFactoryImpl canUseFunctionalMocks=false, canBeMocked: true
[MASTER] 12:33:50.946 [logback-1] WARN  TestChromosome - Functional mock problem: org.evosuite.ga.ConstructionFailedException: Failed to add constructor for org.hibernate.impl.QueryImpl due to org.evosuite.ga.ConstructionFailedException: Failed to add constructor for org.hibernate.engine.query.ParameterMetadata due to org.evosuite.ga.ConstructionFailedException: Failed to add constructor for org.hibernate.engine.query.OrdinalParameterDescriptor due to org.evosuite.ga.ConstructionFailedException: Failed to add constructor for org.hibernate.mapping.JoinedSubclass due to org.evosuite.ga.ConstructionFailedException: Failed to add constructor for org.hibernate.mapping.UnionSubclass due to org.evosuite.ga.ConstructionFailedException: Failed to add constructor for org.hibernate.mapping.Subclass due to org.evosuite.ga.ConstructionFailedException: Max recursion depth reached
[MASTER] 12:33:51.354 [logback-1] WARN  TestChromosome - Functional mock problem: org.evosuite.ga.ConstructionFailedException: Failed to add constructor for org.hibernate.impl.QueryImpl due to org.evosuite.ga.ConstructionFailedException: Failed to add constructor for org.hibernate.engine.query.ParameterMetadata due to org.evosuite.ga.ConstructionFailedException: Failed to add constructor for org.hibernate.engine.query.OrdinalParameterDescriptor due to org.evosuite.ga.ConstructionFailedException: Failed to add constructor for org.hibernate.persister.collection.BasicCollectionPersister due to org.evosuite.ga.ConstructionFailedException: Failed to add constructor for org.hibernate.impl.SessionFactoryImpl due to org.evosuite.ga.ConstructionFailedException: Max recursion depth reached
[MASTER] 12:33:51.759 [logback-1] WARN  TestChromosome - Functional mock problem: org.evosuite.ga.ConstructionFailedException: Failed to add constructor for org.hibernate.impl.QueryImpl due to org.evosuite.ga.ConstructionFailedException: Failed to add constructor for org.hibernate.engine.query.ParameterMetadata due to org.evosuite.ga.ConstructionFailedException: Failed to add constructor for org.hibernate.engine.query.OrdinalParameterDescriptor due to org.evosuite.ga.ConstructionFailedException: Failed to add constructor for java.io.ObjectInputStream due to org.evosuite.ga.ConstructionFailedException: Failed to add constructor for java.io.PipedInputStream due to org.evosuite.ga.ConstructionFailedException: Max recursion depth reached
[MASTER] 12:33:51.829 [logback-1] WARN  TestChromosome - Functional mock problem: org.evosuite.ga.ConstructionFailedException: Failed to add constructor for org.hibernate.impl.QueryImpl due to org.evosuite.ga.ConstructionFailedException: Failed to add constructor for org.hibernate.engine.query.ParameterMetadata due to org.evosuite.ga.ConstructionFailedException: Failed to add constructor for org.hibernate.engine.query.OrdinalParameterDescriptor due to org.evosuite.ga.ConstructionFailedException: Failed to add constructor for org.hibernate.mapping.Array due to org.evosuite.ga.ConstructionFailedException: Failed to add constructor for org.hibernate.mapping.SingleTableSubclass due to org.evosuite.ga.ConstructionFailedException: Failed to add constructor for org.hibernate.mapping.Subclass due to org.evosuite.ga.ConstructionFailedException: Failed to add constructor for org.hibernate.mapping.JoinedSubclass due to org.evosuite.ga.ConstructionFailedException: Max recursion depth reached
[MASTER] 12:33:52.682 [logback-1] WARN  TestChromosome - Functional mock problem: org.evosuite.ga.ConstructionFailedException: Failed to add constructor for org.hibernate.impl.CollectionFilterImpl due to org.evosuite.ga.ConstructionFailedException: Failed to add constructor for org.hibernate.engine.query.ParameterMetadata due to org.evosuite.ga.ConstructionFailedException: Failed to add constructor for org.hibernate.engine.query.OrdinalParameterDescriptor due to org.evosuite.ga.ConstructionFailedException: Failed to add constructor for org.hibernate.mapping.DependantValue due to org.evosuite.ga.ConstructionFailedException: Failed to add constructor for org.hibernate.mapping.Component due to org.evosuite.ga.ConstructionFailedException: Failed to add constructor for org.hibernate.mapping.SingleTableSubclass due to org.evosuite.ga.ConstructionFailedException: Failed to add constructor for org.hibernate.mapping.Subclass due to org.evosuite.ga.ConstructionFailedException: Max recursion depth reached
[MASTER] 12:33:53.131 [logback-1] WARN  TestChromosome - Functional mock problem: org.evosuite.ga.ConstructionFailedException: Failed to add constructor for org.hibernate.impl.QueryImpl due to org.evosuite.ga.ConstructionFailedException: Failed to add constructor for org.hibernate.engine.query.ParameterMetadata due to org.evosuite.ga.ConstructionFailedException: Failed to add constructor for org.hibernate.engine.query.OrdinalParameterDescriptor due to org.evosuite.ga.ConstructionFailedException: Failed to add constructor for org.hibernate.mapping.OneToOne due to org.evosuite.ga.ConstructionFailedException: Failed to add constructor for org.hibernate.mapping.SingleTableSubclass due to org.evosuite.ga.ConstructionFailedException: Failed to add constructor for org.hibernate.mapping.JoinedSubclass due to org.evosuite.ga.ConstructionFailedException: Max recursion depth reached
[MASTER] 12:33:53.253 [logback-1] WARN  TestChromosome - Functional mock problem: org.evosuite.ga.ConstructionFailedException: Failed to add constructor for org.hibernate.impl.QueryImpl due to org.evosuite.ga.ConstructionFailedException: Failed to add constructor for org.hibernate.engine.query.ParameterMetadata due to org.evosuite.ga.ConstructionFailedException: Failed to add constructor for org.hibernate.engine.query.OrdinalParameterDescriptor due to org.evosuite.ga.ConstructionFailedException: Failed to add constructor for org.hibernate.persister.entity.UnionSubclassEntityPersister due to org.evosuite.ga.ConstructionFailedException: Failed to add constructor for org.hibernate.impl.SessionFactoryImpl due to org.evosuite.ga.ConstructionFailedException: Max recursion depth reached
[MASTER] 12:33:53.558 [logback-1] WARN  TestChromosome - Functional mock problem: org.evosuite.ga.ConstructionFailedException: Failed to add constructor for org.hibernate.impl.QueryImpl due to org.evosuite.ga.ConstructionFailedException: Failed to add constructor for org.hibernate.engine.query.ParameterMetadata due to org.evosuite.ga.ConstructionFailedException: Failed to add constructor for org.hibernate.engine.query.OrdinalParameterDescriptor due to org.evosuite.ga.ConstructionFailedException: Failed to add constructor for org.hibernate.type.SerializableType due to org.evosuite.ga.ConstructionFailedException: Error: VariableReference: Statement 8, type java.lang.Class<java.util.concurrent.LinkedBlockingQueue> is not assignable to java.lang.Class<java.util.concurrent.LinkedBlockingQueue<java.lang.Object>>
[MASTER] 12:33:54.082 [logback-1] WARN  TestChromosome - Functional mock problem: org.evosuite.ga.ConstructionFailedException: Failed to add constructor for org.hibernate.impl.QueryImpl due to org.evosuite.ga.ConstructionFailedException: Failed to add constructor for org.hibernate.engine.query.ParameterMetadata due to org.evosuite.ga.ConstructionFailedException: Failed to add constructor for org.hibernate.engine.query.OrdinalParameterDescriptor due to org.evosuite.ga.ConstructionFailedException: Failed to add constructor for org.hibernate.impl.SessionFactoryImpl due to org.evosuite.ga.ConstructionFailedException: Max recursion depth reached
[MASTER] 12:33:54.140 [logback-1] WARN  TestChromosome - Functional mock problem: org.evosuite.ga.ConstructionFailedException: Failed to add constructor for org.hibernate.impl.CollectionFilterImpl due to org.evosuite.ga.ConstructionFailedException: Failed to add constructor for org.hibernate.engine.query.ParameterMetadata due to org.evosuite.ga.ConstructionFailedException: Failed to add constructor for org.hibernate.engine.query.OrdinalParameterDescriptor due to org.evosuite.ga.ConstructionFailedException: Failed to add constructor for org.hibernate.persister.entity.JoinedSubclassEntityPersister due to org.evosuite.ga.ConstructionFailedException: Failed to add constructor for org.hibernate.cache.jbc.entity.ReadOnlyAccess due to org.evosuite.ga.ConstructionFailedException: Have no generator for class org.hibernate.cache.jbc.entity.EntityRegionImpl canUseFunctionalMocks=true, canBeMocked: false
[MASTER] 12:33:54.634 [logback-1] WARN  TestChromosome - Functional mock problem: org.evosuite.ga.ConstructionFailedException: Failed to add constructor for org.hibernate.impl.CollectionFilterImpl due to org.evosuite.ga.ConstructionFailedException: Failed to add constructor for org.hibernate.engine.query.ParameterMetadata due to org.evosuite.ga.ConstructionFailedException: Failed to add constructor for org.hibernate.engine.query.OrdinalParameterDescriptor due to org.evosuite.ga.ConstructionFailedException: Failed to add constructor for org.hibernate.type.SortedSetType due to org.evosuite.ga.ConstructionFailedException: Generics error
[MASTER] 12:33:55.045 [logback-1] WARN  TestChromosome - Functional mock problem: org.evosuite.ga.ConstructionFailedException: Failed to add constructor for org.hibernate.impl.QueryImpl due to org.evosuite.ga.ConstructionFailedException: Failed to add constructor for org.hibernate.engine.query.ParameterMetadata due to org.evosuite.ga.ConstructionFailedException: Failed to add constructor for org.hibernate.engine.query.OrdinalParameterDescriptor due to org.evosuite.ga.ConstructionFailedException: Failed to add constructor for org.hibernate.mapping.Component due to org.evosuite.ga.ConstructionFailedException: Failed to add constructor for org.hibernate.mapping.UnionSubclass due to org.evosuite.ga.ConstructionFailedException: Failed to add constructor for org.hibernate.mapping.JoinedSubclass due to org.evosuite.ga.ConstructionFailedException: Failed to add constructor for org.hibernate.mapping.SingleTableSubclass due to org.evosuite.ga.ConstructionFailedException: Max recursion depth reached
[MASTER] 12:33:55.999 [logback-1] WARN  TestChromosome - Functional mock problem: org.evosuite.ga.ConstructionFailedException: Failed to add constructor for org.hibernate.impl.QueryImpl due to org.evosuite.ga.ConstructionFailedException: Failed to add constructor for org.hibernate.engine.query.ParameterMetadata due to org.evosuite.ga.ConstructionFailedException: Failed to add constructor for org.hibernate.engine.query.OrdinalParameterDescriptor due to org.evosuite.ga.ConstructionFailedException: Failed to add constructor for org.hibernate.persister.entity.UnionSubclassEntityPersister due to org.evosuite.ga.ConstructionFailedException: Failed to add constructor for org.hibernate.cache.jbc.entity.ReadOnlyAccess due to org.evosuite.ga.ConstructionFailedException: Have no generator for class org.hibernate.cache.jbc.entity.EntityRegionImpl canUseFunctionalMocks=true, canBeMocked: false
[MASTER] 12:33:56.119 [logback-1] WARN  TestChromosome - Functional mock problem: org.evosuite.ga.ConstructionFailedException: Failed to add constructor for org.hibernate.impl.SessionFactoryImpl due to org.evosuite.ga.ConstructionFailedException: Have no generator for class org.hibernate.impl.SessionFactoryImpl canUseFunctionalMocks=false, canBeMocked: true
[MASTER] 12:33:56.222 [logback-1] WARN  TestChromosome - Functional mock problem: org.evosuite.ga.ConstructionFailedException: Failed to add constructor for org.hibernate.impl.CollectionFilterImpl due to org.evosuite.ga.ConstructionFailedException: Failed to add constructor for org.hibernate.engine.query.ParameterMetadata due to org.evosuite.ga.ConstructionFailedException: Failed to add constructor for org.hibernate.engine.query.OrdinalParameterDescriptor due to org.evosuite.ga.ConstructionFailedException: Failed to add constructor for org.hibernate.type.EmbeddedComponentType due to org.evosuite.ga.ConstructionFailedException: Failed to add constructor for org.hibernate.tuple.component.ComponentMetamodel due to org.evosuite.ga.ConstructionFailedException: Failed to add constructor for org.hibernate.mapping.Component due to org.evosuite.ga.ConstructionFailedException: Failed to add constructor for org.hibernate.mapping.Component due to org.evosuite.ga.ConstructionFailedException: Max recursion depth reached
[MASTER] 12:33:56.249 [logback-1] WARN  TestChromosome - Functional mock problem: org.evosuite.ga.ConstructionFailedException: Failed to add constructor for org.hibernate.impl.CollectionFilterImpl due to org.evosuite.ga.ConstructionFailedException: Failed to add constructor for org.hibernate.engine.query.ParameterMetadata due to org.evosuite.ga.ConstructionFailedException: Failed to add constructor for org.hibernate.engine.query.OrdinalParameterDescriptor due to org.evosuite.ga.ConstructionFailedException: Failed to add constructor for org.hibernate.persister.collection.BasicCollectionPersister due to org.evosuite.ga.ConstructionFailedException: Failed to add constructor for org.hibernate.mapping.Map due to org.evosuite.ga.ConstructionFailedException: Failed to add constructor for org.hibernate.mapping.UnionSubclass due to org.evosuite.ga.ConstructionFailedException: Max recursion depth reached
[MASTER] 12:33:56.386 [logback-1] WARN  TestChromosome - Functional mock problem: org.evosuite.ga.ConstructionFailedException: Failed to add constructor for org.hibernate.impl.CollectionFilterImpl due to org.evosuite.ga.ConstructionFailedException: Failed to add constructor for org.hibernate.engine.query.ParameterMetadata due to org.evosuite.ga.ConstructionFailedException: Failed to add constructor for org.hibernate.engine.query.OrdinalParameterDescriptor due to org.evosuite.ga.ConstructionFailedException: Failed to add constructor for org.hibernate.persister.collection.BasicCollectionPersister due to org.evosuite.ga.ConstructionFailedException: Failed to add constructor for org.hibernate.cache.impl.bridge.CollectionAccessStrategyAdapter due to org.evosuite.ga.ConstructionFailedException: Failed to add constructor for org.hibernate.cache.infinispan.collection.CollectionRegionImpl due to org.evosuite.ga.ConstructionFailedException: Have no generator for interface org.hibernate.cache.infinispan.util.CacheAdapter canUseFunctionalMocks=true, canBeMocked: false
[MASTER] 12:33:56.508 [logback-1] WARN  TestChromosome - Functional mock problem: org.evosuite.ga.ConstructionFailedException: Failed to add constructor for org.hibernate.impl.QueryImpl due to org.evosuite.ga.ConstructionFailedException: Failed to add constructor for org.hibernate.engine.query.ParameterMetadata due to org.evosuite.ga.ConstructionFailedException: Failed to add constructor for org.hibernate.engine.query.OrdinalParameterDescriptor due to org.evosuite.ga.ConstructionFailedException: Failed to add constructor for org.hibernate.mapping.OneToMany due to org.evosuite.ga.ConstructionFailedException: Failed to add constructor for org.hibernate.mapping.JoinedSubclass due to org.evosuite.ga.ConstructionFailedException: Failed to add constructor for org.hibernate.mapping.SingleTableSubclass due to org.evosuite.ga.ConstructionFailedException: Failed to add constructor for org.hibernate.mapping.Subclass due to org.evosuite.ga.ConstructionFailedException: Max recursion depth reached
[MASTER] 12:33:57.675 [logback-1] WARN  TestChromosome - Functional mock problem: org.evosuite.ga.ConstructionFailedException: Failed to add constructor for org.hibernate.impl.CollectionFilterImpl due to org.evosuite.ga.ConstructionFailedException: Failed to add constructor for org.hibernate.engine.query.ParameterMetadata due to org.evosuite.ga.ConstructionFailedException: Failed to add constructor for org.hibernate.engine.query.OrdinalParameterDescriptor due to org.evosuite.ga.ConstructionFailedException: Failed to add constructor for org.hibernate.persister.entity.UnionSubclassEntityPersister due to org.evosuite.ga.ConstructionFailedException: Failed to add constructor for org.hibernate.cache.impl.bridge.EntityAccessStrategyAdapter due to org.evosuite.ga.ConstructionFailedException: Failed to add constructor for org.hibernate.cache.infinispan.entity.EntityRegionImpl due to org.evosuite.ga.ConstructionFailedException: Have no generator for interface org.hibernate.cache.infinispan.util.CacheAdapter canUseFunctionalMocks=true, canBeMocked: false
[MASTER] 12:33:57.966 [logback-1] WARN  TestChromosome - Functional mock problem: org.evosuite.ga.ConstructionFailedException: Failed to add constructor for org.hibernate.impl.CollectionFilterImpl due to org.evosuite.ga.ConstructionFailedException: Failed to add constructor for org.hibernate.engine.query.ParameterMetadata due to org.evosuite.ga.ConstructionFailedException: Failed to add constructor for org.hibernate.engine.query.OrdinalParameterDescriptor due to org.evosuite.ga.ConstructionFailedException: Failed to add constructor for org.hibernate.persister.collection.BasicCollectionPersister due to org.evosuite.ga.ConstructionFailedException: Failed to add constructor for org.hibernate.mapping.Array due to org.evosuite.ga.ConstructionFailedException: Failed to add constructor for org.hibernate.mapping.Subclass due to org.evosuite.ga.ConstructionFailedException: Failed to add constructor for org.hibernate.mapping.JoinedSubclass due to org.evosuite.ga.ConstructionFailedException: Max recursion depth reached
[MASTER] 12:33:58.029 [logback-1] WARN  TestChromosome - Functional mock problem: org.evosuite.ga.ConstructionFailedException: Failed to add constructor for org.hibernate.persister.entity.UnionSubclassEntityPersister due to org.evosuite.ga.ConstructionFailedException: Failed to add constructor for org.hibernate.cache.jbc.entity.ReadOnlyAccess due to org.evosuite.ga.ConstructionFailedException: Have no generator for class org.hibernate.cache.jbc.entity.EntityRegionImpl canUseFunctionalMocks=true, canBeMocked: false
[MASTER] 12:33:58.524 [logback-1] WARN  TestCluster - Failed to check cache for java.time.temporal.TemporalQuery<R> : Type points to itself
[MASTER] 12:33:59.285 [logback-1] WARN  TestChromosome - Functional mock problem: org.evosuite.ga.ConstructionFailedException: Failed to add constructor for org.hibernate.impl.CollectionFilterImpl due to org.evosuite.ga.ConstructionFailedException: Failed to add constructor for org.hibernate.engine.query.ParameterMetadata due to org.evosuite.ga.ConstructionFailedException: Failed to add constructor for org.hibernate.engine.query.OrdinalParameterDescriptor due to org.evosuite.ga.ConstructionFailedException: Failed to add constructor for org.hibernate.loader.criteria.CriteriaQueryTranslator due to org.evosuite.ga.ConstructionFailedException: Failed to add constructor for org.hibernate.impl.SessionFactoryImpl due to org.evosuite.ga.ConstructionFailedException: Max recursion depth reached
[MASTER] 12:33:59.885 [logback-1] WARN  TestChromosome - Functional mock problem: org.evosuite.ga.ConstructionFailedException: Failed to add constructor for org.hibernate.impl.CollectionFilterImpl due to org.evosuite.ga.ConstructionFailedException: Failed to add constructor for org.hibernate.engine.query.ParameterMetadata due to org.evosuite.ga.ConstructionFailedException: Failed to add constructor for org.hibernate.engine.query.OrdinalParameterDescriptor due to org.evosuite.ga.ConstructionFailedException: Failed to add constructor for org.hibernate.loader.criteria.CriteriaQueryTranslator due to org.evosuite.ga.ConstructionFailedException: Failed to add constructor for org.hibernate.impl.SessionFactoryImpl due to org.evosuite.ga.ConstructionFailedException: Failed to add constructor for java.util.Properties due to org.evosuite.ga.ConstructionFailedException: Max recursion depth reached
[MASTER] 12:34:01.245 [logback-1] WARN  TestChromosome - Functional mock problem: org.evosuite.ga.ConstructionFailedException: Failed to add constructor for org.hibernate.impl.QueryImpl due to org.evosuite.ga.ConstructionFailedException: Failed to add constructor for org.hibernate.engine.query.ParameterMetadata due to org.evosuite.ga.ConstructionFailedException: Failed to add constructor for org.hibernate.engine.query.OrdinalParameterDescriptor due to org.evosuite.ga.ConstructionFailedException: Failed to add constructor for org.hibernate.persister.entity.UnionSubclassEntityPersister due to org.evosuite.ga.ConstructionFailedException: Failed to add constructor for org.hibernate.cache.impl.bridge.EntityAccessStrategyAdapter due to org.evosuite.ga.ConstructionFailedException: Failed to add constructor for org.hibernate.cache.impl.bridge.EntityRegionAdapter due to org.evosuite.ga.ConstructionFailedException: Max recursion depth reached
[MASTER] 12:34:01.865 [logback-1] WARN  TestChromosome - Functional mock problem: org.evosuite.ga.ConstructionFailedException: Failed to add constructor for org.hibernate.impl.CollectionFilterImpl due to org.evosuite.ga.ConstructionFailedException: Failed to add constructor for org.hibernate.engine.query.ParameterMetadata due to org.evosuite.ga.ConstructionFailedException: Failed to add constructor for org.hibernate.engine.query.OrdinalParameterDescriptor due to org.evosuite.ga.ConstructionFailedException: Failed to add constructor for org.hibernate.persister.entity.UnionSubclassEntityPersister due to org.evosuite.ga.ConstructionFailedException: Failed to add constructor for org.hibernate.mapping.SingleTableSubclass due to org.evosuite.ga.ConstructionFailedException: Failed to add constructor for org.hibernate.mapping.Subclass due to org.evosuite.ga.ConstructionFailedException: Failed to add constructor for org.hibernate.mapping.JoinedSubclass due to org.evosuite.ga.ConstructionFailedException: Max recursion depth reached
[MASTER] 12:34:01.929 [logback-1] WARN  TestChromosome - Functional mock problem: org.evosuite.ga.ConstructionFailedException: Failed to add constructor for org.hibernate.impl.QueryImpl due to org.evosuite.ga.ConstructionFailedException: Failed to add constructor for org.hibernate.engine.query.ParameterMetadata due to org.evosuite.ga.ConstructionFailedException: Failed to add constructor for org.hibernate.engine.query.OrdinalParameterDescriptor due to org.evosuite.ga.ConstructionFailedException: Failed to add constructor for org.hibernate.persister.entity.UnionSubclassEntityPersister due to org.evosuite.ga.ConstructionFailedException: Failed to add constructor for org.hibernate.mapping.JoinedSubclass due to org.evosuite.ga.ConstructionFailedException: Failed to add constructor for org.hibernate.mapping.UnionSubclass due to org.evosuite.ga.ConstructionFailedException: Failed to add constructor for org.hibernate.mapping.Subclass due to org.evosuite.ga.ConstructionFailedException: Max recursion depth reached
[MASTER] 12:34:02.337 [logback-1] WARN  TestChromosome - Functional mock problem: org.evosuite.ga.ConstructionFailedException: Failed to add constructor for org.hibernate.impl.QueryImpl due to org.evosuite.ga.ConstructionFailedException: Failed to add constructor for org.hibernate.engine.query.ParameterMetadata due to org.evosuite.ga.ConstructionFailedException: Failed to add constructor for org.hibernate.engine.query.OrdinalParameterDescriptor due to org.evosuite.ga.ConstructionFailedException: Failed to add constructor for org.hibernate.impl.SessionFactoryImpl due to org.evosuite.ga.ConstructionFailedException: Failed to add constructor for java.io.ObjectInputStream due to org.evosuite.ga.ConstructionFailedException: Max recursion depth reached
[MASTER] 12:34:02.576 [logback-1] WARN  TestChromosome - Functional mock problem: org.evosuite.ga.ConstructionFailedException: Failed to add constructor for org.hibernate.impl.CollectionFilterImpl due to org.evosuite.ga.ConstructionFailedException: Failed to add constructor for org.hibernate.engine.query.ParameterMetadata due to org.evosuite.ga.ConstructionFailedException: Failed to add constructor for org.hibernate.engine.query.OrdinalParameterDescriptor due to org.evosuite.ga.ConstructionFailedException: Failed to add constructor for org.hibernate.persister.collection.BasicCollectionPersister due to org.evosuite.ga.ConstructionFailedException: Failed to add constructor for org.hibernate.mapping.List due to org.evosuite.ga.ConstructionFailedException: Failed to add constructor for org.hibernate.mapping.Subclass due to org.evosuite.ga.ConstructionFailedException: Failed to add constructor for org.hibernate.mapping.SingleTableSubclass due to org.evosuite.ga.ConstructionFailedException: Max recursion depth reached
[MASTER] 12:34:03.030 [logback-1] WARN  TestChromosome - Functional mock problem: org.evosuite.ga.ConstructionFailedException: Failed to add constructor for org.hibernate.impl.CollectionFilterImpl due to org.evosuite.ga.ConstructionFailedException: Failed to add constructor for org.hibernate.engine.query.ParameterMetadata due to org.evosuite.ga.ConstructionFailedException: Failed to add constructor for org.hibernate.engine.query.OrdinalParameterDescriptor due to org.evosuite.ga.ConstructionFailedException: Failed to add constructor for org.hibernate.persister.collection.BasicCollectionPersister due to org.evosuite.ga.ConstructionFailedException: Failed to add constructor for org.hibernate.mapping.Map due to org.evosuite.ga.ConstructionFailedException: Failed to add constructor for org.hibernate.mapping.Subclass due to org.evosuite.ga.ConstructionFailedException: Failed to add constructor for org.hibernate.mapping.SingleTableSubclass due to org.evosuite.ga.ConstructionFailedException: Max recursion depth reached
[MASTER] 12:34:03.114 [logback-1] WARN  TestChromosome - Functional mock problem: org.evosuite.ga.ConstructionFailedException: Failed to add constructor for org.hibernate.impl.CollectionFilterImpl due to org.evosuite.ga.ConstructionFailedException: Failed to add constructor for org.hibernate.engine.query.ParameterMetadata due to org.evosuite.ga.ConstructionFailedException: Failed to add constructor for org.hibernate.engine.query.OrdinalParameterDescriptor due to org.evosuite.ga.ConstructionFailedException: Failed to add constructor for org.hibernate.mapping.Component due to org.evosuite.ga.ConstructionFailedException: Failed to add constructor for org.hibernate.mapping.Set due to org.evosuite.ga.ConstructionFailedException: Failed to add constructor for org.hibernate.mapping.SingleTableSubclass due to org.evosuite.ga.ConstructionFailedException: Max recursion depth reached
[MASTER] 12:34:03.437 [logback-1] WARN  TestChromosome - Functional mock problem: org.evosuite.ga.ConstructionFailedException: Failed to add constructor for org.hibernate.impl.CollectionFilterImpl due to org.evosuite.ga.ConstructionFailedException: Failed to add constructor for org.hibernate.engine.query.ParameterMetadata due to org.evosuite.ga.ConstructionFailedException: Failed to add constructor for org.hibernate.engine.query.OrdinalParameterDescriptor due to org.evosuite.ga.ConstructionFailedException: Failed to add constructor for org.hibernate.persister.collection.BasicCollectionPersister due to org.evosuite.ga.ConstructionFailedException: Failed to add constructor for org.hibernate.impl.SessionFactoryImpl due to org.evosuite.ga.ConstructionFailedException: Max recursion depth reached
[MASTER] 12:34:03.598 [logback-1] WARN  TestChromosome - Functional mock problem: org.evosuite.ga.ConstructionFailedException: Failed to add constructor for org.hibernate.persister.entity.JoinedSubclassEntityPersister due to org.evosuite.ga.ConstructionFailedException: Failed to add constructor for org.hibernate.cache.jbc.entity.ReadOnlyAccess due to org.evosuite.ga.ConstructionFailedException: Have no generator for class org.hibernate.cache.jbc.entity.EntityRegionImpl canUseFunctionalMocks=true, canBeMocked: false
[MASTER] 12:34:03.834 [logback-1] WARN  TestChromosome - Functional mock problem: org.evosuite.ga.ConstructionFailedException: Failed to add constructor for org.hibernate.impl.CollectionFilterImpl due to org.evosuite.ga.ConstructionFailedException: Failed to add constructor for org.hibernate.engine.query.ParameterMetadata due to org.evosuite.ga.ConstructionFailedException: Failed to add constructor for org.hibernate.engine.query.OrdinalParameterDescriptor due to org.evosuite.ga.ConstructionFailedException: Have no generator for class org.hibernate.engine.query.ParameterMetadata canUseFunctionalMocks=false, canBeMocked: true
[MASTER] 12:34:04.256 [logback-1] WARN  TestCluster - Failed to check cache for java.util.PriorityQueue<E> : Type points to itself
[MASTER] 12:34:04.434 [logback-1] WARN  TestChromosome - Functional mock problem: org.evosuite.ga.ConstructionFailedException: Failed to add constructor for org.hibernate.impl.CollectionFilterImpl due to org.evosuite.ga.ConstructionFailedException: Failed to add constructor for org.hibernate.engine.query.ParameterMetadata due to org.evosuite.ga.ConstructionFailedException: Failed to add constructor for org.hibernate.engine.query.OrdinalParameterDescriptor due to org.evosuite.ga.ConstructionFailedException: Failed to add constructor for org.hibernate.persister.entity.UnionSubclassEntityPersister due to org.evosuite.ga.ConstructionFailedException: Failed to add constructor for org.hibernate.mapping.Subclass due to org.evosuite.ga.ConstructionFailedException: Failed to add constructor for org.hibernate.mapping.JoinedSubclass due to org.evosuite.ga.ConstructionFailedException: Failed to add constructor for org.hibernate.mapping.UnionSubclass due to org.evosuite.ga.ConstructionFailedException: Max recursion depth reached
[MASTER] 12:34:04.565 [logback-1] WARN  TestChromosome - Functional mock problem: org.evosuite.ga.ConstructionFailedException: Failed to add constructor for org.hibernate.impl.QueryImpl due to org.evosuite.ga.ConstructionFailedException: Failed to add constructor for org.hibernate.engine.query.ParameterMetadata due to org.evosuite.ga.ConstructionFailedException: Failed to add constructor for org.hibernate.engine.query.OrdinalParameterDescriptor due to org.evosuite.ga.ConstructionFailedException: Failed to add constructor for org.hibernate.persister.collection.BasicCollectionPersister due to org.evosuite.ga.ConstructionFailedException: Failed to add constructor for org.hibernate.mapping.List due to org.evosuite.ga.ConstructionFailedException: Failed to add constructor for org.hibernate.mapping.Subclass due to org.evosuite.ga.ConstructionFailedException: Failed to add constructor for org.hibernate.mapping.UnionSubclass due to org.evosuite.ga.ConstructionFailedException: Max recursion depth reached
[MASTER] 12:34:04.759 [logback-1] WARN  TestChromosome - Functional mock problem: org.evosuite.ga.ConstructionFailedException: Failed to add constructor for org.hibernate.impl.QueryImpl due to org.evosuite.ga.ConstructionFailedException: Failed to add constructor for org.hibernate.engine.query.ParameterMetadata due to org.evosuite.ga.ConstructionFailedException: Failed to add constructor for org.hibernate.engine.query.OrdinalParameterDescriptor due to org.evosuite.ga.ConstructionFailedException: Failed to add constructor for org.hibernate.persister.entity.UnionSubclassEntityPersister due to org.evosuite.ga.ConstructionFailedException: Failed to add constructor for org.hibernate.cache.impl.bridge.EntityAccessStrategyAdapter due to org.evosuite.ga.ConstructionFailedException: Failed to add constructor for org.hibernate.cache.impl.bridge.EntityRegionAdapter due to org.evosuite.ga.ConstructionFailedException: Failed to add constructor for org.hibernate.cache.EhCache due to org.evosuite.ga.ConstructionFailedException: Max recursion depth reached
[MASTER] 12:34:05.085 [logback-1] WARN  TestChromosome - Functional mock problem: org.evosuite.ga.ConstructionFailedException: Failed to add constructor for org.hibernate.impl.QueryImpl due to org.evosuite.ga.ConstructionFailedException: Failed to add constructor for org.hibernate.engine.query.ParameterMetadata due to org.evosuite.ga.ConstructionFailedException: Failed to add constructor for org.hibernate.engine.query.OrdinalParameterDescriptor due to org.evosuite.ga.ConstructionFailedException: Failed to add constructor for org.hibernate.persister.collection.BasicCollectionPersister due to org.evosuite.ga.ConstructionFailedException: Failed to add constructor for org.hibernate.cache.jbc.collection.ReadOnlyAccess due to org.evosuite.ga.ConstructionFailedException: Have no generator for class org.hibernate.cache.jbc.collection.CollectionRegionImpl canUseFunctionalMocks=true, canBeMocked: false
[MASTER] 12:34:05.340 [logback-1] WARN  TestChromosome - Functional mock problem: org.evosuite.ga.ConstructionFailedException: Failed to add constructor for org.hibernate.impl.QueryImpl due to org.evosuite.ga.ConstructionFailedException: Failed to add constructor for org.hibernate.engine.query.ParameterMetadata due to org.evosuite.ga.ConstructionFailedException: Failed to add constructor for org.hibernate.engine.query.OrdinalParameterDescriptor due to org.evosuite.ga.ConstructionFailedException: Failed to add constructor for org.hibernate.persister.entity.JoinedSubclassEntityPersister due to org.evosuite.ga.ConstructionFailedException: Failed to add constructor for org.hibernate.cache.jbc.entity.TransactionalAccess due to org.evosuite.ga.ConstructionFailedException: Have no generator for class org.hibernate.cache.jbc.entity.EntityRegionImpl canUseFunctionalMocks=true, canBeMocked: false
[MASTER] 12:34:05.812 [logback-1] WARN  TestChromosome - Functional mock problem: org.evosuite.ga.ConstructionFailedException: Failed to add constructor for org.hibernate.impl.QueryImpl due to org.evosuite.ga.ConstructionFailedException: Failed to add constructor for org.hibernate.engine.query.ParameterMetadata due to org.evosuite.ga.ConstructionFailedException: Failed to add constructor for org.hibernate.engine.query.OrdinalParameterDescriptor due to org.evosuite.ga.ConstructionFailedException: Failed to add constructor for org.hibernate.mapping.Map due to org.evosuite.ga.ConstructionFailedException: Failed to add constructor for org.hibernate.mapping.SingleTableSubclass due to org.evosuite.ga.ConstructionFailedException: Failed to add constructor for org.hibernate.mapping.Subclass due to org.evosuite.ga.ConstructionFailedException: Max recursion depth reached
[MASTER] 12:34:05.927 [logback-1] WARN  TestChromosome - Functional mock problem: org.evosuite.ga.ConstructionFailedException: Failed to add constructor for org.hibernate.persister.entity.UnionSubclassEntityPersister due to org.evosuite.ga.ConstructionFailedException: Failed to add constructor for org.hibernate.cache.jbc.entity.TransactionalAccess due to org.evosuite.ga.ConstructionFailedException: Have no generator for class org.hibernate.cache.jbc.entity.EntityRegionImpl canUseFunctionalMocks=true, canBeMocked: false
[MASTER] 12:34:06.334 [logback-1] WARN  TestChromosome - Functional mock problem: org.evosuite.ga.ConstructionFailedException: Failed to add constructor for org.hibernate.impl.QueryImpl due to org.evosuite.ga.ConstructionFailedException: Failed to add constructor for org.hibernate.engine.query.ParameterMetadata due to org.evosuite.ga.ConstructionFailedException: Failed to add constructor for org.hibernate.engine.query.OrdinalParameterDescriptor due to org.evosuite.ga.ConstructionFailedException: Failed to add constructor for org.hibernate.type.AnyType due to org.evosuite.ga.ConstructionFailedException: Failed to add constructor for org.hibernate.type.SerializableType due to org.evosuite.ga.ConstructionFailedException: Error: VariableReference: Statement 8, type java.lang.Class<java.util.concurrent.LinkedBlockingQueue> is not assignable to java.lang.Class<java.util.concurrent.LinkedBlockingQueue<java.lang.Object>>
[MASTER] 12:34:06.432 [logback-1] WARN  TestChromosome - Functional mock problem: org.evosuite.ga.ConstructionFailedException: Failed to add constructor for org.hibernate.impl.CollectionFilterImpl due to org.evosuite.ga.ConstructionFailedException: Failed to add constructor for org.hibernate.engine.query.ParameterMetadata due to org.evosuite.ga.ConstructionFailedException: Failed to add constructor for org.hibernate.engine.query.OrdinalParameterDescriptor due to org.evosuite.ga.ConstructionFailedException: Failed to add constructor for org.hibernate.impl.SessionFactoryImpl due to org.evosuite.ga.ConstructionFailedException: Have no generator for class org.hibernate.impl.SessionFactoryImpl canUseFunctionalMocks=false, canBeMocked: true
[MASTER] 12:34:06.989 [logback-1] WARN  TestChromosome - Functional mock problem: org.evosuite.ga.ConstructionFailedException: Failed to add constructor for org.hibernate.impl.QueryImpl due to org.evosuite.ga.ConstructionFailedException: Failed to add constructor for org.hibernate.engine.query.ParameterMetadata due to org.evosuite.ga.ConstructionFailedException: Failed to add constructor for org.hibernate.engine.query.OrdinalParameterDescriptor due to org.evosuite.ga.ConstructionFailedException: Failed to add constructor for org.hibernate.persister.entity.UnionSubclassEntityPersister due to org.evosuite.ga.ConstructionFailedException: Failed to add constructor for org.hibernate.mapping.JoinedSubclass due to org.evosuite.ga.ConstructionFailedException: Failed to add constructor for org.hibernate.mapping.UnionSubclass due to org.evosuite.ga.ConstructionFailedException: Failed to add constructor for org.hibernate.mapping.SingleTableSubclass due to org.evosuite.ga.ConstructionFailedException: Max recursion depth reached
[MASTER] 12:34:07.450 [logback-1] WARN  TestChromosome - Functional mock problem: org.evosuite.ga.ConstructionFailedException: Failed to add constructor for org.hibernate.impl.QueryImpl due to org.evosuite.ga.ConstructionFailedException: Failed to add constructor for org.hibernate.engine.query.ParameterMetadata due to org.evosuite.ga.ConstructionFailedException: Failed to add constructor for org.hibernate.engine.query.OrdinalParameterDescriptor due to org.evosuite.ga.ConstructionFailedException: Failed to add constructor for org.hibernate.persister.collection.BasicCollectionPersister due to org.evosuite.ga.ConstructionFailedException: Failed to add constructor for org.hibernate.mapping.PrimitiveArray due to org.evosuite.ga.ConstructionFailedException: Failed to add constructor for org.hibernate.mapping.JoinedSubclass due to org.evosuite.ga.ConstructionFailedException: Failed to add constructor for org.hibernate.mapping.UnionSubclass due to org.evosuite.ga.ConstructionFailedException: Max recursion depth reached
[MASTER] 12:34:07.857 [logback-1] WARN  TestCluster - Failed to check cache for java.util.ArrayList<E> : Type points to itself
[MASTER] 12:34:08.024 [logback-1] WARN  TestChromosome - Functional mock problem: org.evosuite.ga.ConstructionFailedException: Failed to add constructor for org.hibernate.impl.CollectionFilterImpl due to org.evosuite.ga.ConstructionFailedException: Failed to add constructor for org.hibernate.engine.query.ParameterMetadata due to org.evosuite.ga.ConstructionFailedException: Failed to add constructor for org.hibernate.engine.query.OrdinalParameterDescriptor due to org.evosuite.ga.ConstructionFailedException: Failed to add constructor for org.hibernate.impl.SessionFactoryImpl due to org.evosuite.ga.ConstructionFailedException: Failed to add constructor for org.hibernate.mapping.Array due to org.evosuite.ga.ConstructionFailedException: Max recursion depth reached
[MASTER] 12:34:08.390 [logback-1] WARN  TestChromosome - Functional mock problem: org.evosuite.ga.ConstructionFailedException: Failed to add constructor for org.hibernate.impl.QueryImpl due to org.evosuite.ga.ConstructionFailedException: Failed to add constructor for org.hibernate.engine.query.ParameterMetadata due to org.evosuite.ga.ConstructionFailedException: Failed to add constructor for org.hibernate.engine.query.OrdinalParameterDescriptor due to org.evosuite.ga.ConstructionFailedException: Failed to add constructor for org.hibernate.persister.collection.BasicCollectionPersister due to org.evosuite.ga.ConstructionFailedException: Failed to add constructor for org.hibernate.mapping.List due to org.evosuite.ga.ConstructionFailedException: Failed to add constructor for org.hibernate.mapping.JoinedSubclass due to org.evosuite.ga.ConstructionFailedException: Failed to add constructor for org.hibernate.mapping.UnionSubclass due to org.evosuite.ga.ConstructionFailedException: Max recursion depth reached
[MASTER] 12:34:09.023 [logback-1] WARN  TestChromosome - Functional mock problem: org.evosuite.ga.ConstructionFailedException: Failed to add constructor for org.hibernate.impl.QueryImpl due to org.evosuite.ga.ConstructionFailedException: Failed to add constructor for org.hibernate.engine.query.ParameterMetadata due to org.evosuite.ga.ConstructionFailedException: Failed to add constructor for org.hibernate.engine.query.OrdinalParameterDescriptor due to org.evosuite.ga.ConstructionFailedException: Failed to add constructor for org.hibernate.loader.criteria.CriteriaQueryTranslator due to org.evosuite.ga.ConstructionFailedException: Failed to add constructor for org.hibernate.loader.criteria.CriteriaQueryTranslator due to org.evosuite.ga.ConstructionFailedException: Failed to add constructor for org.hibernate.impl.CriteriaImpl due to org.evosuite.ga.ConstructionFailedException: Max recursion depth reached
[MASTER] 12:34:10.657 [logback-1] WARN  TestChromosome - Functional mock problem: org.evosuite.ga.ConstructionFailedException: Failed to add constructor for org.hibernate.impl.QueryImpl due to org.evosuite.ga.ConstructionFailedException: Failed to add constructor for org.hibernate.engine.query.ParameterMetadata due to org.evosuite.ga.ConstructionFailedException: Failed to add constructor for org.hibernate.engine.query.OrdinalParameterDescriptor due to org.evosuite.ga.ConstructionFailedException: Failed to add constructor for org.hibernate.persister.entity.SingleTableEntityPersister due to org.evosuite.ga.ConstructionFailedException: Failed to add constructor for org.hibernate.mapping.UnionSubclass due to org.evosuite.ga.ConstructionFailedException: Failed to add constructor for org.hibernate.mapping.Subclass due to org.evosuite.ga.ConstructionFailedException: Failed to add constructor for org.hibernate.mapping.JoinedSubclass due to org.evosuite.ga.ConstructionFailedException: Max recursion depth reached
[MASTER] 12:34:10.712 [logback-1] WARN  TestChromosome - Functional mock problem: org.evosuite.ga.ConstructionFailedException: Failed to add constructor for org.hibernate.impl.QueryImpl due to org.evosuite.ga.ConstructionFailedException: Failed to add constructor for org.hibernate.engine.query.ParameterMetadata due to org.evosuite.ga.ConstructionFailedException: Failed to add constructor for com.caucho.amber.collection.MapImpl due to org.evosuite.ga.ConstructionFailedException: Failed to add constructor for com.caucho.amber.collection.CollectionImpl due to org.evosuite.ga.ConstructionFailedException: Max recursion depth reached
[MASTER] 12:34:10.875 [logback-1] WARN  TestChromosome - Functional mock problem: org.evosuite.ga.ConstructionFailedException: Failed to add constructor for org.hibernate.impl.QueryImpl due to org.evosuite.ga.ConstructionFailedException: Failed to add constructor for org.hibernate.engine.query.ParameterMetadata due to org.evosuite.ga.ConstructionFailedException: Failed to add constructor for org.hibernate.engine.query.OrdinalParameterDescriptor due to org.evosuite.ga.ConstructionFailedException: Failed to add constructor for org.hibernate.persister.collection.BasicCollectionPersister due to org.evosuite.ga.ConstructionFailedException: Failed to add constructor for org.hibernate.cache.impl.bridge.CollectionAccessStrategyAdapter due to org.evosuite.ga.ConstructionFailedException: Failed to add constructor for org.hibernate.cache.infinispan.collection.CollectionRegionImpl due to org.evosuite.ga.ConstructionFailedException: Have no generator for interface org.hibernate.cache.infinispan.util.CacheAdapter canUseFunctionalMocks=true, canBeMocked: false
[MASTER] 12:34:11.685 [logback-1] WARN  TestChromosome - Functional mock problem: org.evosuite.ga.ConstructionFailedException: Failed to add constructor for org.hibernate.impl.QueryImpl due to org.evosuite.ga.ConstructionFailedException: Failed to add constructor for org.hibernate.engine.query.ParameterMetadata due to org.evosuite.ga.ConstructionFailedException: Failed to add constructor for org.hibernate.engine.query.OrdinalParameterDescriptor due to org.evosuite.ga.ConstructionFailedException: Failed to add constructor for org.hibernate.persister.entity.UnionSubclassEntityPersister due to org.evosuite.ga.ConstructionFailedException: Failed to add constructor for org.hibernate.mapping.Subclass due to org.evosuite.ga.ConstructionFailedException: Failed to add constructor for org.hibernate.mapping.UnionSubclass due to org.evosuite.ga.ConstructionFailedException: Failed to add constructor for org.hibernate.mapping.SingleTableSubclass due to org.evosuite.ga.ConstructionFailedException: Max recursion depth reached
[MASTER] 12:34:12.468 [logback-1] WARN  TestChromosome - Functional mock problem: org.evosuite.ga.ConstructionFailedException: Failed to add constructor for org.hibernate.impl.QueryImpl due to org.evosuite.ga.ConstructionFailedException: Failed to add constructor for org.hibernate.engine.query.ParameterMetadata due to org.evosuite.ga.ConstructionFailedException: Failed to add constructor for org.hibernate.engine.query.OrdinalParameterDescriptor due to org.evosuite.ga.ConstructionFailedException: Failed to add constructor for org.hibernate.persister.collection.BasicCollectionPersister due to org.evosuite.ga.ConstructionFailedException: Failed to add constructor for org.hibernate.mapping.Map due to org.evosuite.ga.ConstructionFailedException: Failed to add constructor for org.hibernate.mapping.UnionSubclass due to org.evosuite.ga.ConstructionFailedException: Failed to add constructor for org.hibernate.mapping.JoinedSubclass due to org.evosuite.ga.ConstructionFailedException: Max recursion depth reached
[MASTER] 12:34:13.674 [logback-1] WARN  TestChromosome - Functional mock problem: org.evosuite.ga.ConstructionFailedException: Failed to add constructor for org.apache.axis.message.SOAPFault due to org.evosuite.ga.ConstructionFailedException: Failed to add constructor for org.apache.axis.encoding.DeserializationContext due to org.evosuite.ga.ConstructionFailedException: Failed to add constructor for org.xml.sax.InputSource due to org.evosuite.ga.ConstructionFailedException: Failed to add constructor for java.io.ObjectInputStream due to org.evosuite.ga.ConstructionFailedException: Max recursion depth reached
[MASTER] 12:34:14.963 [logback-1] WARN  TestChromosome - Functional mock problem: org.evosuite.ga.ConstructionFailedException: Failed to add constructor for org.hibernate.impl.QueryImpl due to org.evosuite.ga.ConstructionFailedException: Failed to add constructor for org.hibernate.engine.query.ParameterMetadata due to org.evosuite.ga.ConstructionFailedException: Failed to add constructor for org.hibernate.engine.query.OrdinalParameterDescriptor due to org.evosuite.ga.ConstructionFailedException: Failed to add constructor for org.hibernate.persister.entity.UnionSubclassEntityPersister due to org.evosuite.ga.ConstructionFailedException: Failed to add constructor for org.hibernate.mapping.Subclass due to org.evosuite.ga.ConstructionFailedException: Failed to add constructor for org.hibernate.mapping.JoinedSubclass due to org.evosuite.ga.ConstructionFailedException: Failed to add constructor for org.hibernate.mapping.UnionSubclass due to org.evosuite.ga.ConstructionFailedException: Max recursion depth reached
[MASTER] 12:34:15.435 [logback-1] WARN  TestChromosome - Functional mock problem: org.evosuite.ga.ConstructionFailedException: Failed to add constructor for org.hibernate.impl.QueryImpl due to org.evosuite.ga.ConstructionFailedException: Failed to add constructor for org.hibernate.engine.query.ParameterMetadata due to org.evosuite.ga.ConstructionFailedException: Failed to add constructor for org.hibernate.engine.query.OrdinalParameterDescriptor due to org.evosuite.ga.ConstructionFailedException: Failed to add constructor for org.hibernate.persister.entity.JoinedSubclassEntityPersister due to org.evosuite.ga.ConstructionFailedException: Failed to add constructor for org.hibernate.mapping.JoinedSubclass due to org.evosuite.ga.ConstructionFailedException: Failed to add constructor for org.hibernate.mapping.Subclass due to org.evosuite.ga.ConstructionFailedException: Failed to add constructor for org.hibernate.mapping.SingleTableSubclass due to org.evosuite.ga.ConstructionFailedException: Max recursion depth reached
[MASTER] 12:34:15.894 [logback-1] WARN  TestChromosome - Functional mock problem: org.evosuite.ga.ConstructionFailedException: Failed to add constructor for org.hibernate.impl.CollectionFilterImpl due to org.evosuite.ga.ConstructionFailedException: Failed to add constructor for org.hibernate.engine.query.ParameterMetadata due to org.evosuite.ga.ConstructionFailedException: Failed to add constructor for org.hibernate.engine.query.OrdinalParameterDescriptor due to org.evosuite.ga.ConstructionFailedException: Failed to add constructor for org.hibernate.persister.collection.BasicCollectionPersister due to org.evosuite.ga.ConstructionFailedException: Failed to add constructor for org.hibernate.cache.jbc.collection.ReadOnlyAccess due to org.evosuite.ga.ConstructionFailedException: Have no generator for class org.hibernate.cache.jbc.collection.CollectionRegionImpl canUseFunctionalMocks=true, canBeMocked: false
[MASTER] 12:34:15.981 [logback-1] WARN  TestChromosome - Functional mock problem: org.evosuite.ga.ConstructionFailedException: Failed to add constructor for org.hibernate.impl.QueryImpl due to org.evosuite.ga.ConstructionFailedException: Failed to add constructor for org.hibernate.engine.query.ParameterMetadata due to org.evosuite.ga.ConstructionFailedException: Failed to add constructor for org.hibernate.engine.query.OrdinalParameterDescriptor due to org.evosuite.ga.ConstructionFailedException: Failed to add constructor for org.hibernate.type.SortedMapType due to org.evosuite.ga.ConstructionFailedException: Generics error
[MASTER] 12:34:16.253 [logback-1] WARN  TestChromosome - Functional mock problem: org.evosuite.ga.ConstructionFailedException: Failed to add constructor for org.hibernate.impl.CollectionFilterImpl due to org.evosuite.ga.ConstructionFailedException: Failed to add constructor for org.hibernate.engine.query.ParameterMetadata due to org.evosuite.ga.ConstructionFailedException: Failed to add constructor for org.hibernate.engine.query.OrdinalParameterDescriptor due to org.evosuite.ga.ConstructionFailedException: Failed to add constructor for org.hibernate.persister.entity.UnionSubclassEntityPersister due to org.evosuite.ga.ConstructionFailedException: Failed to add constructor for org.hibernate.mapping.JoinedSubclass due to org.evosuite.ga.ConstructionFailedException: Failed to add constructor for org.hibernate.mapping.UnionSubclass due to org.evosuite.ga.ConstructionFailedException: Max recursion depth reached
[MASTER] 12:34:16.927 [logback-1] WARN  TestChromosome - Functional mock problem: org.evosuite.ga.ConstructionFailedException: Failed to add constructor for org.hibernate.impl.CollectionFilterImpl due to org.evosuite.ga.ConstructionFailedException: Failed to add constructor for org.hibernate.engine.query.ParameterMetadata due to org.evosuite.ga.ConstructionFailedException: Failed to add constructor for org.hibernate.engine.query.OrdinalParameterDescriptor due to org.evosuite.ga.ConstructionFailedException: Failed to add constructor for org.hibernate.engine.FilterDefinition due to org.evosuite.ga.ConstructionFailedException: Failed to add constructor for org.hibernate.collection.PersistentMap due to org.evosuite.ga.ConstructionFailedException: Failed to add constructor for org.hibernate.collection.PersistentSortedMap due to org.evosuite.ga.ConstructionFailedException: Failed to add constructor for org.hibernate.collection.PersistentSortedMap due to org.evosuite.ga.ConstructionFailedException: Max recursion depth reached
[MASTER] 12:34:17.846 [logback-1] WARN  TestChromosome - Functional mock problem: org.evosuite.ga.ConstructionFailedException: Failed to add constructor for org.hibernate.impl.QueryImpl due to org.evosuite.ga.ConstructionFailedException: Failed to add constructor for org.hibernate.engine.query.ParameterMetadata due to org.evosuite.ga.ConstructionFailedException: Failed to add constructor for org.hibernate.engine.query.OrdinalParameterDescriptor due to org.evosuite.ga.ConstructionFailedException: Failed to add constructor for org.hibernate.mapping.OneToMany due to org.evosuite.ga.ConstructionFailedException: Failed to add constructor for org.hibernate.mapping.UnionSubclass due to org.evosuite.ga.ConstructionFailedException: Failed to add constructor for org.hibernate.mapping.SingleTableSubclass due to org.evosuite.ga.ConstructionFailedException: Failed to add constructor for org.hibernate.mapping.JoinedSubclass due to org.evosuite.ga.ConstructionFailedException: Max recursion depth reached
[MASTER] 12:34:18.155 [logback-1] WARN  TestChromosome - Functional mock problem: org.evosuite.ga.ConstructionFailedException: Failed to add constructor for org.hibernate.impl.CollectionFilterImpl due to org.evosuite.ga.ConstructionFailedException: Failed to add constructor for org.hibernate.engine.query.ParameterMetadata due to org.evosuite.ga.ConstructionFailedException: Failed to add constructor for org.hibernate.engine.query.OrdinalParameterDescriptor due to org.evosuite.ga.ConstructionFailedException: Failed to add constructor for org.hibernate.impl.SessionFactoryImpl due to org.evosuite.ga.ConstructionFailedException: Failed to add constructor for java.io.ObjectInputStream due to org.evosuite.ga.ConstructionFailedException: Max recursion depth reached
[MASTER] 12:34:18.359 [logback-1] WARN  TestChromosome - Functional mock problem: org.evosuite.ga.ConstructionFailedException: Failed to add constructor for org.hibernate.impl.QueryImpl due to org.evosuite.ga.ConstructionFailedException: Failed to add constructor for org.hibernate.engine.query.ParameterMetadata due to org.evosuite.ga.ConstructionFailedException: Failed to add constructor for org.hibernate.engine.query.OrdinalParameterDescriptor due to org.evosuite.ga.ConstructionFailedException: Failed to add constructor for org.hibernate.persister.collection.BasicCollectionPersister due to org.evosuite.ga.ConstructionFailedException: Failed to add constructor for org.hibernate.mapping.IdentifierBag due to org.evosuite.ga.ConstructionFailedException: Failed to add constructor for org.hibernate.mapping.JoinedSubclass due to org.evosuite.ga.ConstructionFailedException: Failed to add constructor for org.hibernate.mapping.Subclass due to org.evosuite.ga.ConstructionFailedException: Max recursion depth reached
[MASTER] 12:34:18.745 [logback-1] WARN  TestChromosome - Functional mock problem: org.evosuite.ga.ConstructionFailedException: Failed to add constructor for org.hibernate.impl.QueryImpl due to org.evosuite.ga.ConstructionFailedException: Failed to add constructor for org.hibernate.engine.query.ParameterMetadata due to org.evosuite.ga.ConstructionFailedException: Failed to add constructor for org.hibernate.engine.query.OrdinalParameterDescriptor due to org.evosuite.ga.ConstructionFailedException: Failed to add constructor for org.hibernate.jdbc.JDBCContext due to org.evosuite.ga.ConstructionFailedException: Max recursion depth reached
[MASTER] 12:34:18.905 [logback-1] WARN  TestChromosome - Functional mock problem: org.evosuite.ga.ConstructionFailedException: Failed to add constructor for org.hibernate.impl.CollectionFilterImpl due to org.evosuite.ga.ConstructionFailedException: Failed to add constructor for org.hibernate.engine.query.ParameterMetadata due to org.evosuite.ga.ConstructionFailedException: Failed to add constructor for org.hibernate.engine.query.OrdinalParameterDescriptor due to org.evosuite.ga.ConstructionFailedException: Failed to add constructor for org.hibernate.type.EmbeddedComponentType due to org.evosuite.ga.ConstructionFailedException: Failed to add constructor for org.hibernate.tuple.component.ComponentMetamodel due to org.evosuite.ga.ConstructionFailedException: Failed to add constructor for org.hibernate.mapping.Component due to org.evosuite.ga.ConstructionFailedException: Failed to add constructor for org.hibernate.mapping.Subclass due to org.evosuite.ga.ConstructionFailedException: Max recursion depth reached
[MASTER] 12:34:21.046 [logback-1] WARN  TestChromosome - Functional mock problem: org.evosuite.ga.ConstructionFailedException: Failed to add constructor for org.hibernate.impl.QueryImpl due to org.evosuite.ga.ConstructionFailedException: Failed to add constructor for org.hibernate.engine.query.ParameterMetadata due to org.evosuite.ga.ConstructionFailedException: Failed to add constructor for org.hibernate.engine.query.OrdinalParameterDescriptor due to org.evosuite.ga.ConstructionFailedException: Failed to add constructor for org.hibernate.mapping.PrimitiveArray due to org.evosuite.ga.ConstructionFailedException: Failed to add constructor for org.hibernate.mapping.SingleTableSubclass due to org.evosuite.ga.ConstructionFailedException: Failed to add constructor for org.hibernate.mapping.JoinedSubclass due to org.evosuite.ga.ConstructionFailedException: Failed to add constructor for org.hibernate.mapping.UnionSubclass due to org.evosuite.ga.ConstructionFailedException: Max recursion depth reached
[MASTER] 12:34:21.535 [logback-1] WARN  TestChromosome - Functional mock problem: org.evosuite.ga.ConstructionFailedException: Failed to add constructor for org.hibernate.impl.QueryImpl due to org.evosuite.ga.ConstructionFailedException: Failed to add constructor for org.hibernate.engine.query.ParameterMetadata due to org.evosuite.ga.ConstructionFailedException: Failed to add constructor for org.hibernate.engine.query.OrdinalParameterDescriptor due to org.evosuite.ga.ConstructionFailedException: Failed to add constructor for org.hibernate.persister.entity.UnionSubclassEntityPersister due to org.evosuite.ga.ConstructionFailedException: Failed to add constructor for org.hibernate.mapping.UnionSubclass due to org.evosuite.ga.ConstructionFailedException: Failed to add constructor for org.hibernate.mapping.JoinedSubclass due to org.evosuite.ga.ConstructionFailedException: Failed to add constructor for org.hibernate.mapping.Subclass due to org.evosuite.ga.ConstructionFailedException: Max recursion depth reached
[MASTER] 12:34:28.841 [logback-1] WARN  TestChromosome - Functional mock problem: org.evosuite.ga.ConstructionFailedException: Failed to add constructor for org.hibernate.impl.QueryImpl due to org.evosuite.ga.ConstructionFailedException: Failed to add constructor for org.hibernate.engine.query.ParameterMetadata due to org.evosuite.ga.ConstructionFailedException: Failed to add constructor for com.caucho.amber.collection.MapImpl due to org.evosuite.ga.ConstructionFailedException: Failed to add constructor for com.caucho.amber.query.UserQuery due to org.evosuite.ga.ConstructionFailedException: Max recursion depth reached
[MASTER] 12:34:45.249 [logback-1] WARN  TestChromosome - Functional mock problem: org.evosuite.ga.ConstructionFailedException: Failed to add constructor for org.hibernate.impl.QueryImpl due to org.evosuite.ga.ConstructionFailedException: Failed to add constructor for org.hibernate.engine.query.ParameterMetadata due to org.evosuite.ga.ConstructionFailedException: Failed to add constructor for org.hibernate.impl.SessionFactoryImpl due to org.evosuite.ga.ConstructionFailedException: Max recursion depth reached
* Search finished after 181s and 1664 generations, 480738 statements, best individual has fitness: 294.0
* Computation finished
