* EvoSuite 1.2.1-SNAPSHOT
* Configuration: EvoSuite_fixed
* Going to generate test cases for class: org.jsecurity.web.attr.CookieAttribute
* Starting Client-0
* Properties loaded from /Users/njimenez/Documents/Magister/100Clases/Test1/projects/18_jsecurity/evosuite-files/evosuite.properties
* Connecting to master process on port 3310
* Analyzing classpath: 
* Inheritance tree loaded from evosuite-files/inheritance.xml.gz
[MASTER] 07:42:18.851 [logback-1] WARN  InheritanceTree - Class not in inheritance graph: java.util.Locale$IsoCountryCode
[MASTER] 07:42:20.043 [logback-1] WARN  InheritanceTree - Class not in inheritance graph: java.io.ObjectInputFilter
[MASTER] 07:42:20.412 [logback-1] WARN  InheritanceTree - Class not in inheritance graph: java.lang.module.ModuleFinder
* Finished analyzing classpath
* Generating tests for class org.jsecurity.web.attr.CookieAttribute
* Test criteria:
  - Line Coverage
  - Branch Coverage
  - Exception
  - Mutation testing (weak)
  - Method-Output Coverage
  - Top-Level Method Coverage
  - No-Exception Top-Level Method Coverage
  - Context Branch Coverage
* Total number of test goals for DYNAMOSA: 346
* Using seed 2482030657809
* Starting evolution
* Initial Number of Goals in DynaMOSA = 207 / 346
[MASTER] 07:42:25.671 [logback-1] WARN  TestCluster - Failed to check cache for javax.swing.RowFilter<M, I>.ComparisonType : Type points to itself
[MASTER] 07:42:30.518 [logback-1] WARN  TestCluster - Failed to check cache for javax.swing.JList<E> : Type points to itself
[MASTER] 07:42:37.884 [logback-1] WARN  TestCluster - Failed to check cache for java.util.Stack<E> : Type points to itself
[MASTER] 07:42:40.122 [logback-1] WARN  TestChromosome - Functional mock problem: org.evosuite.ga.ConstructionFailedException: Failed to add constructor for javax.swing.JFrame due to org.evosuite.ga.ConstructionFailedException: Failed to add constructor for javax.swing.JRadioButton due to org.evosuite.ga.ConstructionFailedException: Failed to add constructor for javax.swing.ImageIcon due to org.evosuite.ga.ConstructionFailedException: Failed to add constructor for java.awt.image.BufferedImage due to org.evosuite.ga.ConstructionFailedException: Max recursion depth reached
[MASTER] 07:42:44.145 [logback-1] WARN  TestChromosome - Functional mock problem: org.evosuite.ga.ConstructionFailedException: Have no generator for class javax.servlet.ServletRequestWrapper canUseFunctionalMocks=false, canBeMocked: true
[MASTER] 07:42:58.892 [logback-1] WARN  TestChromosome - Functional mock problem: org.evosuite.ga.ConstructionFailedException: Have no generator for class javax.servlet.ServletResponseWrapper canUseFunctionalMocks=false, canBeMocked: true
* Search finished after 182s and 980 generations, 260004 statements, best individual has fitness: 125.0
* Computation finished
