* EvoSuite 1.2.1-SNAPSHOT
* Configuration: EvoSuite_fixed
* Going to generate test cases for class: wheel.EngineImpl
* Starting Client-0
* Properties loaded from /Users/njimenez/Documents/Magister/100Clases/Test1/projects/80_wheelwebtool/evosuite-files/evosuite.properties
* Connecting to master process on port 3310
* Analyzing classpath: 
* Inheritance tree loaded from evosuite-files/inheritance.xml.gz
[MASTER] 09:23:10.929 [logback-1] WARN  InheritanceTree - Class not in inheritance graph: java.util.Locale$IsoCountryCode
[MASTER] 09:23:11.125 [logback-1] WARN  InheritanceTree - Class not in inheritance graph: java.io.ObjectInputFilter
* Finished analyzing classpath
* Generating tests for class wheel.EngineImpl
* Test criteria:
  - Line Coverage
  - Branch Coverage
  - Exception
  - Mutation testing (weak)
  - Method-Output Coverage
  - Top-Level Method Coverage
  - No-Exception Top-Level Method Coverage
  - Context Branch Coverage
* Total number of test goals for DYNAMOSA: 1282
* Using seed 2482030657809
* Starting evolution
* Initial Number of Goals in DynaMOSA = 398 / 1282
[MASTER] 09:23:11.664 [logback-1] WARN  TestCluster - Failed to check cache for java.util.HashMap<K, V> : Type points to itself
[MASTER] 09:23:12.797 [logback-1] WARN  TestChromosome - Functional mock problem: org.evosuite.ga.ConstructionFailedException: Have no generator for class javax.servlet.http.HttpServletRequestWrapper canUseFunctionalMocks=false, canBeMocked: true
[MASTER] 09:23:13.086 [logback-1] WARN  TestChromosome - Functional mock problem: org.evosuite.ga.ConstructionFailedException: Have no generator for class wheel.ErrorPage canUseFunctionalMocks=false, canBeMocked: true
[MASTER] 09:23:13.147 [logback-1] WARN  TestChromosome - Functional mock problem: org.evosuite.ga.ConstructionFailedException: Failed to add constructor for javax.servlet.ServletRequestWrapper due to org.evosuite.ga.ConstructionFailedException: Have no generator for class javax.servlet.http.HttpServletRequestWrapper canUseFunctionalMocks=false, canBeMocked: true
[MASTER] 09:23:13.791 [logback-1] WARN  TestChromosome - Functional mock problem: org.evosuite.ga.ConstructionFailedException: Have no generator for class wheel.components.Form canUseFunctionalMocks=false, canBeMocked: true
[MASTER] 09:23:14.073 [logback-1] WARN  TestChromosome - Functional mock problem: org.evosuite.ga.ConstructionFailedException: Failed to add constructor for javax.servlet.ServletResponseWrapper due to org.evosuite.ga.ConstructionFailedException: Have no generator for class javax.servlet.http.HttpServletResponseWrapper canUseFunctionalMocks=false, canBeMocked: true
[MASTER] 09:23:14.894 [logback-1] WARN  TestCluster - Failed to check cache for java.util.Enumeration<E> : Type points to itself
[MASTER] 09:23:16.178 [logback-1] WARN  TestChromosome - Functional mock problem: org.evosuite.ga.ConstructionFailedException: Max recursion depth reached
[MASTER] 09:23:17.408 [logback-1] WARN  TestChromosome - Functional mock problem: org.evosuite.ga.ConstructionFailedException: Have no generator for class javax.servlet.http.HttpServletResponseWrapper canUseFunctionalMocks=false, canBeMocked: true
[MASTER] 09:23:19.163 [logback-1] WARN  TestChromosome - Functional mock problem: org.evosuite.ga.ConstructionFailedException: Failed to add constructor for org.evosuite.runtime.mock.java.io.MockPrintWriter due to org.evosuite.ga.ConstructionFailedException: Failed to add constructor for org.evosuite.runtime.mock.java.io.MockFile due to org.evosuite.ga.ConstructionFailedException: Failed to add constructor for org.evosuite.runtime.mock.java.io.MockFile due to org.evosuite.ga.ConstructionFailedException: Max recursion depth reached
[MASTER] 09:23:23.226 [logback-1] WARN  TestChromosome - Functional mock problem: org.evosuite.ga.ConstructionFailedException: Failed to add constructor for org.evosuite.runtime.mock.java.io.MockPrintWriter due to org.evosuite.ga.ConstructionFailedException: Failed to add constructor for org.evosuite.runtime.mock.java.io.MockPrintStream due to org.evosuite.ga.ConstructionFailedException: Failed to add constructor for java.io.BufferedOutputStream due to org.evosuite.ga.ConstructionFailedException: Failed to add constructor for java.io.BufferedOutputStream due to org.evosuite.ga.ConstructionFailedException: Max recursion depth reached
[MASTER] 09:24:05.783 [logback-1] WARN  TestCluster - Failed to check cache for java.util.List<E> : Type points to itself
[MASTER] 09:24:14.822 [logback-1] WARN  TestChromosome - Functional mock problem: org.evosuite.ga.ConstructionFailedException: Have no generator for class javax.servlet.ServletResponseWrapper canUseFunctionalMocks=false, canBeMocked: true
[MASTER] 09:25:19.668 [logback-1] WARN  TestChromosome - Functional mock problem: org.evosuite.ga.ConstructionFailedException: Failed to add constructor for java.util.LinkedHashSet due to org.evosuite.ga.ConstructionFailedException: Max recursion depth reached
* Search finished after 181s and 1123 generations, 605786 statements, best individual has fitness: 864.0
* Computation finished
