* EvoSuite 1.2.1-SNAPSHOT
* Configuration: EvoSuite_fixed
* Going to generate test cases for class: com.liferay.portlet.documentlibrary.util.comparator.RepositoryModelCreateDateComparator
* Starting Client-0
* Properties loaded from /Users/njimenez/Documents/Magister/100Clases/Test1/projects/108_liferay/evosuite-files/evosuite.properties
* Connecting to master process on port 7221
* Analyzing classpath: 
* Inheritance tree loaded from evosuite-files/inheritance.xml.gz
[MASTER] 12:42:13.622 [logback-1] WARN  InheritanceTree - Class not in inheritance graph: java.util.Locale$IsoCountryCode
[MASTER] 12:42:14.363 [logback-1] WARN  InheritanceTree - Class not in inheritance graph: java.io.ObjectInputFilter
[MASTER] 12:42:15.465 [logback-1] WARN  InheritanceTree - Class not in inheritance graph: java.sql.ShardingKey
* Finished analyzing classpath
* Generating tests for class com.liferay.portlet.documentlibrary.util.comparator.RepositoryModelCreateDateComparator
* Test criteria:
  - Line Coverage
  - Branch Coverage
  - Exception
  - Mutation testing (weak)
  - Method-Output Coverage
  - Top-Level Method Coverage
  - No-Exception Top-Level Method Coverage
  - Context Branch Coverage
* Total number of test goals for DYNAMOSA: 113
* Using seed 5072178650187
* Starting evolution
* Initial Number of Goals in DynaMOSA = 49 / 113
[MASTER] 12:42:18.192 [logback-1] WARN  TestChromosome - Functional mock problem: org.evosuite.ga.ConstructionFailedException: No generators of type java.util.Hashtable<com.liferay.portal.repository.proxy.FolderProxyBean, java.lang.Object>
[MASTER] 12:42:19.360 [logback-1] WARN  TestCluster - Failed to check cache for java.util.function.Function<T, R> : Type points to itself
[MASTER] 12:42:20.625 [logback-1] WARN  TestChromosome - Functional mock problem: org.evosuite.ga.ConstructionFailedException: Failed to add constructor for com.liferay.portlet.documentlibrary.model.DLFolderWrapper due to org.evosuite.ga.ConstructionFailedException: Failed to add constructor for com.liferay.portlet.documentlibrary.model.DLFileEntryWrapper due to org.evosuite.ga.ConstructionFailedException: Failed to add constructor for com.liferay.portlet.documentlibrary.model.DLFileVersionWrapper due to org.evosuite.ga.ConstructionFailedException: Have no generator for class com.liferay.portlet.documentlibrary.model.DLFileEntryWrapper canUseFunctionalMocks=false, canBeMocked: true
[MASTER] 12:42:20.697 [logback-1] WARN  TestChromosome - Functional mock problem: org.evosuite.ga.ConstructionFailedException: Failed to add constructor for com.liferay.portlet.documentlibrary.model.DLFileEntryWrapper due to org.evosuite.ga.ConstructionFailedException: Failed to add constructor for com.liferay.portlet.documentlibrary.model.DLFileVersionWrapper due to org.evosuite.ga.ConstructionFailedException: Have no generator for class com.liferay.portlet.documentlibrary.model.DLFileEntryWrapper canUseFunctionalMocks=false, canBeMocked: true
[MASTER] 12:42:21.038 [logback-1] WARN  TestCluster - Failed to check cache for java.time.temporal.TemporalQuery<R> : Type points to itself
[MASTER] 12:42:21.642 [logback-1] WARN  TestChromosome - Functional mock problem: org.evosuite.ga.ConstructionFailedException: Have no generator for class com.liferay.portlet.documentlibrary.model.DLFileVersionWrapper canUseFunctionalMocks=false, canBeMocked: true
[MASTER] 12:42:22.442 [logback-1] WARN  TestChromosome - Functional mock problem: org.evosuite.ga.ConstructionFailedException: Failed to add constructor for com.liferay.portlet.documentlibrary.model.DLFileVersionWrapper due to org.evosuite.ga.ConstructionFailedException: Failed to add constructor for com.liferay.portlet.documentlibrary.model.DLFileEntryWrapper due to org.evosuite.ga.ConstructionFailedException: Have no generator for class com.liferay.portlet.documentlibrary.model.DLFileVersionWrapper canUseFunctionalMocks=false, canBeMocked: true
[MASTER] 12:42:23.836 [logback-1] WARN  TestChromosome - Functional mock problem: org.evosuite.ga.ConstructionFailedException: Failed to add constructor for com.liferay.portlet.documentlibrary.model.DLFolderWrapper due to org.evosuite.ga.ConstructionFailedException: Have no generator for class com.liferay.portlet.documentlibrary.model.DLFileShortcutWrapper canUseFunctionalMocks=false, canBeMocked: true
[MASTER] 12:42:24.194 [logback-1] WARN  TestChromosome - Functional mock problem: org.evosuite.ga.ConstructionFailedException: Failed to add constructor for com.liferay.portlet.documentlibrary.model.DLFolderWrapper due to org.evosuite.ga.ConstructionFailedException: Failed to add constructor for com.liferay.portlet.documentlibrary.model.DLFileVersionWrapper due to org.evosuite.ga.ConstructionFailedException: Failed to add constructor for com.liferay.portlet.documentlibrary.model.DLFileEntryWrapper due to org.evosuite.ga.ConstructionFailedException: Have no generator for class com.liferay.portlet.documentlibrary.model.DLFileVersionWrapper canUseFunctionalMocks=false, canBeMocked: true
[MASTER] 12:42:25.041 [logback-1] WARN  TestChromosome - Functional mock problem: org.evosuite.ga.ConstructionFailedException: Have no generator for class com.liferay.portlet.documentlibrary.model.DLFileShortcutWrapper canUseFunctionalMocks=false, canBeMocked: true
[MASTER] 12:42:25.234 [logback-1] WARN  TestChromosome - Functional mock problem: org.evosuite.ga.ConstructionFailedException: No generators of type java.util.Hashtable<org.jfree.data.time.Millisecond, org.jfree.data.time.Millisecond>
[MASTER] 12:42:25.285 [logback-1] WARN  TestChromosome - Functional mock problem: org.evosuite.ga.ConstructionFailedException: No generators of type java.util.Hashtable<java.lang.Object, org.jfree.data.time.Millisecond>
[MASTER] 12:42:25.547 [logback-1] WARN  TestChromosome - Functional mock problem: org.evosuite.ga.ConstructionFailedException: Failed to add constructor for com.liferay.portal.model.ContactWrapper due to org.evosuite.ga.ConstructionFailedException: Failed to add constructor for com.liferay.portal.model.UserWrapper due to org.evosuite.ga.ConstructionFailedException: Failed to add constructor for com.liferay.portal.model.CompanyWrapper due to org.evosuite.ga.ConstructionFailedException: Max recursion depth reached
[MASTER] 12:42:25.908 [logback-1] WARN  TestChromosome - Functional mock problem: org.evosuite.ga.ConstructionFailedException: Have no generator for class com.liferay.portal.repository.proxy.FolderProxyBean canUseFunctionalMocks=false, canBeMocked: true
[MASTER] 12:42:26.967 [logback-1] WARN  TestChromosome - Functional mock problem: org.evosuite.ga.ConstructionFailedException: Failed to add constructor for org.jfree.data.xy.DefaultOHLCDataset due to org.evosuite.ga.ConstructionFailedException: Failed to add constructor for org.jfree.data.xy.OHLCDataItem due to org.evosuite.ga.ConstructionFailedException: Failed to add constructor for com.liferay.portlet.documentlibrary.model.DLFileEntryWrapper due to org.evosuite.ga.ConstructionFailedException: Failed to add constructor for com.liferay.portlet.documentlibrary.model.DLFileVersionWrapper due to org.evosuite.ga.ConstructionFailedException: Have no generator for class com.liferay.portlet.documentlibrary.model.DLFileEntryWrapper canUseFunctionalMocks=false, canBeMocked: true
[MASTER] 12:42:37.814 [logback-1] WARN  CastClassManager - Nothing is assignable after adding java.util.Vector<E> for wildcard ? extends java.util.Vector
[MASTER] 12:42:37.821 [logback-1] WARN  TestCluster - Failed to check cache for java.util.Vector<E> : Type points to itself
[MASTER] 12:42:45.140 [logback-1] WARN  TestChromosome - Functional mock problem: org.evosuite.ga.ConstructionFailedException: Failed to add constructor for com.liferay.portal.model.PasswordPolicyWrapper due to org.evosuite.ga.ConstructionFailedException: Failed to add constructor for com.liferay.portal.model.UserWrapper due to org.evosuite.ga.ConstructionFailedException: Failed to add constructor for com.liferay.portal.model.CompanyWrapper due to org.evosuite.ga.ConstructionFailedException: Max recursion depth reached
[MASTER] 12:42:53.882 [logback-1] WARN  MSecurityManager - SUT asked for a runtime permission that EvoSuite does not recognize: getStackWalkerWithClassReference
[MASTER] 12:43:19.447 [logback-1] WARN  TestChromosome - Functional mock problem: org.evosuite.ga.ConstructionFailedException: Have no generator for class com.liferay.portlet.documentlibrary.model.DLFileEntryWrapper canUseFunctionalMocks=false, canBeMocked: true
[MASTER] 12:43:22.283 [logback-1] WARN  TestChromosome - Functional mock problem: org.evosuite.ga.ConstructionFailedException: Have no generator for class com.liferay.portal.model.UserWrapper canUseFunctionalMocks=false, canBeMocked: true
[MASTER] 12:43:22.936 [logback-1] WARN  TestChromosome - Functional mock problem: org.evosuite.ga.ConstructionFailedException: Failed to add constructor for com.liferay.portal.model.LayoutWrapper due to org.evosuite.ga.ConstructionFailedException: Failed to add constructor for com.liferay.portlet.PortletURLImplWrapper due to org.evosuite.ga.ConstructionFailedException: Failed to add constructor for javax.portlet.filter.ResourceResponseWrapper due to org.evosuite.ga.ConstructionFailedException: Max recursion depth reached
[MASTER] 12:43:25.831 [logback-1] WARN  TestChromosome - Functional mock problem: org.evosuite.ga.ConstructionFailedException: Failed to add constructor for com.liferay.portlet.mobiledevicerules.model.MDRRuleGroupInstanceWrapper due to org.evosuite.ga.ConstructionFailedException: Have no generator for class com.liferay.portal.theme.ThemeDisplay canUseFunctionalMocks=false, canBeMocked: true
[MASTER] 12:43:33.967 [logback-1] WARN  TestChromosome - Functional mock problem: org.evosuite.ga.ConstructionFailedException: Have no generator for class com.liferay.portal.model.AddressWrapper canUseFunctionalMocks=false, canBeMocked: true
[MASTER] 12:43:38.806 [logback-1] WARN  TestChromosome - Functional mock problem: org.evosuite.ga.ConstructionFailedException: Failed to add constructor for org.jfree.data.time.Millisecond due to org.evosuite.ga.ConstructionFailedException: Failed to add constructor for com.liferay.portal.model.AccountWrapper due to org.evosuite.ga.ConstructionFailedException: Failed to add constructor for com.liferay.portal.model.CompanyWrapper due to org.evosuite.ga.ConstructionFailedException: Max recursion depth reached
[MASTER] 12:43:39.222 [logback-1] WARN  TestChromosome - Functional mock problem: org.evosuite.ga.ConstructionFailedException: Failed to add constructor for com.liferay.portal.repository.proxy.FileEntryProxyBean due to org.evosuite.ga.ConstructionFailedException: Failed to add constructor for org.apache.axis.Message due to org.evosuite.ga.ConstructionFailedException: Failed to add constructor for com.liferay.portal.repository.proxy.FolderProxyBean due to org.evosuite.ga.ConstructionFailedException: Max recursion depth reached
[MASTER] 12:43:39.271 [logback-1] WARN  TestChromosome - Functional mock problem: org.evosuite.ga.ConstructionFailedException: Max recursion depth reached
[MASTER] 12:43:44.858 [logback-1] WARN  TestChromosome - Functional mock problem: org.evosuite.ga.ConstructionFailedException: Have no generator for class com.liferay.portlet.documentlibrary.model.DLFolderWrapper canUseFunctionalMocks=false, canBeMocked: true
[MASTER] 12:43:57.551 [logback-1] WARN  TestChromosome - Functional mock problem: org.evosuite.ga.ConstructionFailedException: Failed to add constructor for org.jfree.data.xy.DefaultHighLowDataset due to org.evosuite.ga.ConstructionFailedException: Failed to add constructor for com.liferay.portlet.documentlibrary.model.DLFolderWrapper due to org.evosuite.ga.ConstructionFailedException: Failed to add constructor for com.liferay.portlet.documentlibrary.model.DLFileEntryWrapper due to org.evosuite.ga.ConstructionFailedException: Failed to add constructor for com.liferay.portlet.documentlibrary.model.DLFileVersionWrapper due to org.evosuite.ga.ConstructionFailedException: Have no generator for class com.liferay.portlet.documentlibrary.model.DLFileEntryWrapper canUseFunctionalMocks=false, canBeMocked: true
[MASTER] 12:44:07.618 [logback-1] WARN  TestChromosome - Functional mock problem: org.evosuite.ga.ConstructionFailedException: Have no generator for class com.liferay.portal.repository.proxy.FileEntryProxyBean canUseFunctionalMocks=false, canBeMocked: true
[MASTER] 12:44:12.345 [logback-1] WARN  TestChromosome - Functional mock problem: org.evosuite.ga.ConstructionFailedException: Failed to add constructor for org.jfree.data.xy.DefaultHighLowDataset due to org.evosuite.ga.ConstructionFailedException: Failed to add constructor for com.liferay.portlet.documentlibrary.model.DLFileVersionWrapper due to org.evosuite.ga.ConstructionFailedException: Failed to add constructor for com.liferay.portlet.documentlibrary.model.DLFileEntryWrapper due to org.evosuite.ga.ConstructionFailedException: Have no generator for class com.liferay.portlet.documentlibrary.model.DLFileVersionWrapper canUseFunctionalMocks=false, canBeMocked: true
[MASTER] 12:44:25.814 [logback-1] WARN  TestChromosome - Functional mock problem: org.evosuite.ga.ConstructionFailedException: Failed to add constructor for com.liferay.portal.model.UserWrapper due to org.evosuite.ga.ConstructionFailedException: Have no generator for class com.liferay.portal.theme.ThemeDisplay canUseFunctionalMocks=false, canBeMocked: true
[MASTER] 12:44:31.313 [logback-1] WARN  TestChromosome - Functional mock problem: org.evosuite.ga.ConstructionFailedException: Failed to add constructor for org.jfree.data.xy.DefaultOHLCDataset due to org.evosuite.ga.ConstructionFailedException: Failed to add constructor for org.jfree.data.xy.OHLCDataItem due to org.evosuite.ga.ConstructionFailedException: Failed to add constructor for com.liferay.portlet.documentlibrary.model.DLFolderWrapper due to org.evosuite.ga.ConstructionFailedException: Failed to add constructor for com.liferay.portlet.documentlibrary.model.DLFileVersionWrapper due to org.evosuite.ga.ConstructionFailedException: Failed to add constructor for com.liferay.portlet.documentlibrary.model.DLFileEntryWrapper due to org.evosuite.ga.ConstructionFailedException: Max recursion depth reached
[MASTER] 12:44:38.032 [logback-1] WARN  TestChromosome - Functional mock problem: org.evosuite.ga.ConstructionFailedException: Failed to add constructor for com.liferay.portal.model.LayoutWrapper due to org.evosuite.ga.ConstructionFailedException: Failed to add constructor for com.liferay.portlet.PortletURLImplWrapper due to org.evosuite.ga.ConstructionFailedException: Failed to add constructor for javax.portlet.filter.PortletResponseWrapper due to org.evosuite.ga.ConstructionFailedException: Max recursion depth reached
[MASTER] 12:44:49.717 [logback-1] WARN  TestChromosome - Functional mock problem: org.evosuite.ga.ConstructionFailedException: Failed to add constructor for com.liferay.portal.repository.proxy.FolderProxyBean due to org.evosuite.ga.ConstructionFailedException: Have no generator for class com.liferay.portlet.documentlibrary.model.DLFileShortcutWrapper canUseFunctionalMocks=false, canBeMocked: true
[MASTER] 12:44:53.050 [logback-1] WARN  TestChromosome - Functional mock problem: org.evosuite.ga.ConstructionFailedException: Failed to add constructor for com.liferay.portal.model.AccountWrapper due to org.evosuite.ga.ConstructionFailedException: Failed to add constructor for com.liferay.portal.model.CompanyWrapper due to org.evosuite.ga.ConstructionFailedException: Have no generator for class com.liferay.portal.theme.ThemeDisplay canUseFunctionalMocks=false, canBeMocked: true
[MASTER] 12:44:57.805 [logback-1] WARN  TestChromosome - Functional mock problem: org.evosuite.ga.ConstructionFailedException: Failed to add constructor for org.jfree.data.xy.DefaultOHLCDataset due to org.evosuite.ga.ConstructionFailedException: Failed to add constructor for org.jfree.data.xy.OHLCDataItem due to org.evosuite.ga.ConstructionFailedException: Failed to add constructor for com.liferay.portlet.documentlibrary.model.DLFolderWrapper due to org.evosuite.ga.ConstructionFailedException: Failed to add constructor for com.liferay.portlet.documentlibrary.model.DLFileEntryWrapper due to org.evosuite.ga.ConstructionFailedException: Failed to add constructor for com.liferay.portlet.documentlibrary.model.DLFileVersionWrapper due to org.evosuite.ga.ConstructionFailedException: Max recursion depth reached
* Search finished after 181s and 3867 generations, 791541 statements, best individual has fitness: 16.0
* Computation finished
